Log file open, 09/17/18 20:19:16
LogWindows: Failed to load 'aqProf.dll' (GetLastError=126)
LogWindows: File 'aqProf.dll' does not exist
LogWindows: Failed to load 'VSPerf140.dll' (GetLastError=126)
LogWindows: File 'VSPerf140.dll' does not exist
LogWindows: Failed to load 'VtuneApi.dll' (GetLastError=126)
LogWindows: File 'VtuneApi.dll' does not exist
LogWindows: Failed to load 'VtuneApi32e.dll' (GetLastError=126)
LogWindows: File 'VtuneApi32e.dll' does not exist
LogInit: Display: Running engine for game: ASH_Game
LogPlatformFile: Not using cached read wrapper
LogTaskGraph: Started task graph with 5 named threads and 35 total threads with 3 sets of task threads.
LogStats: Stats thread started at 0.394210
LogD3D11RHI: Loaded GFSDK_Aftermath_Lib.x64.dll
LogICUInternationalization: Display: ICU TimeZone Detection - Raw Offset: -5:00, Platform Override: ''
LogPluginManager: Mounting plugin Paper2D
LogPluginManager: Mounting plugin AISupport
LogPluginManager: Mounting plugin LightPropagationVolume
LogPluginManager: Mounting plugin CLionSourceCodeAccess
LogPluginManager: Mounting plugin CodeLiteSourceCodeAccess
LogPluginManager: Mounting plugin GitSourceControl
LogPluginManager: Mounting plugin KDevelopSourceCodeAccess
LogPluginManager: Mounting plugin NullSourceCodeAccess
LogPluginManager: Mounting plugin PerforceSourceControl
LogPluginManager: Mounting plugin SubversionSourceControl
LogPluginManager: Mounting plugin UObjectPlugin
LogPluginManager: Mounting plugin VisualStudioCodeSourceCodeAccess
LogPluginManager: Mounting plugin VisualStudioSourceCodeAccess
LogPluginManager: Mounting plugin XCodeSourceCodeAccess
LogPluginManager: Mounting plugin AssetManagerEditor
LogPluginManager: Mounting plugin CryptoKeys
LogPluginManager: Mounting plugin DataValidation
LogPluginManager: Mounting plugin FacialAnimation
LogPluginManager: Mounting plugin GameplayTagsEditor
LogPluginManager: Mounting plugin MacGraphicsSwitching
LogPluginManager: Mounting plugin MeshEditor
LogPluginManager: Mounting plugin MobileLauncherProfileWizard
LogPluginManager: Mounting plugin PluginBrowser
LogPluginManager: Mounting plugin SpeedTreeImporter
LogPluginManager: Mounting plugin DatasmithContent
LogPluginManager: Mounting plugin AlembicImporter
LogPluginManager: Mounting plugin AppleImageUtils
LogPluginManager: Mounting plugin AppleVision
LogPluginManager: Mounting plugin BackChannel
LogPluginManager: Mounting plugin CharacterAI
LogPluginManager: Mounting plugin GeometryCache
LogPluginManager: Mounting plugin HTML5Networking
LogPluginManager: Mounting plugin ProxyLODPlugin
LogPluginManager: Mounting plugin MagicLeap
LogPluginManager: Mounting plugin MagicLeapEmulator
LogPluginManager: Mounting plugin MagicLeapMedia
LogPluginManager: Mounting plugin AndroidMedia
LogPluginManager: Mounting plugin AvfMedia
LogPluginManager: Mounting plugin ImgMedia
LogPluginManager: Mounting plugin LinearTimecode
LogPluginManager: Mounting plugin MediaCompositing
LogPluginManager: Mounting plugin MediaPlayerEditor
LogPluginManager: Mounting plugin WmfMedia
LogPluginManager: Mounting plugin TcpMessaging
LogPluginManager: Mounting plugin UdpMessaging
LogPluginManager: Mounting plugin ActorSequence
LogPluginManager: Mounting plugin LevelSequenceEditor
LogPluginManager: Mounting plugin MatineeToLevelSequence
LogPluginManager: Mounting plugin NetcodeUnitTest
LogPluginManager: Mounting plugin NUTUnrealEngine4
LogPluginManager: Mounting plugin OnlineSubsystemGooglePlay
LogPluginManager: Mounting plugin OnlineSubsystemIOS
LogPluginManager: Mounting plugin OnlineSubsystem
LogPluginManager: Mounting plugin OnlineSubsystemNull
LogPluginManager: Mounting plugin OnlineSubsystemUtils
LogPluginManager: Mounting plugin LauncherChunkInstaller
LogPluginManager: Mounting plugin AndroidDeviceProfileSelector
LogPluginManager: Mounting plugin AndroidMoviePlayer
LogPluginManager: Mounting plugin AndroidPermission
LogPluginManager: Mounting plugin AppleMoviePlayer
LogPluginManager: Mounting plugin ArchVisCharacter
LogPluginManager: Mounting plugin AudioCapture
LogPluginManager: Mounting plugin CableComponent
LogPluginManager: Mounting plugin CustomMeshComponent
LogPluginManager: Mounting plugin EditableMesh
LogPluginManager: Mounting plugin ExampleDeviceProfileSelector
LogPluginManager: Mounting plugin GoogleCloudMessaging
LogPluginManager: Mounting plugin ImmediatePhysics
LogPluginManager: Mounting plugin IOSDeviceProfileSelector
LogPluginManager: Mounting plugin LinuxDeviceProfileSelector
LogPluginManager: Mounting plugin LocationServicesBPLibrary
LogPluginManager: Mounting plugin MobilePatchingUtils
LogPluginManager: Mounting plugin OculusVR
LogPluginManager: Plugin shader directory ../../../Engine/Plugins/Runtime/Oculus/OculusVR/Shaders found
LogPluginManager: Mapping shader source directory ../../../Engine/Plugins/Runtime/Oculus/OculusVR/Shaders to virtual directory /Plugin/OculusVR
LogPluginManager: Mounting plugin PhysXVehicles
LogPluginManager: Mounting plugin ProceduralMeshComponent
LogPluginManager: Mounting plugin RuntimePhysXCooking
LogPluginManager: Mounting plugin SteamVR
LogPluginManager: Mounting plugin WindowsMoviePlayer
LogStreaming: Display: Took  0.088s to configure plugins.
LogInit: Using libcurl 7.55.1-DEV
LogInit:  - built for x86_64-pc-win32
LogInit:  - supports SSL with OpenSSL/1.0.2h
LogInit:  - supports HTTP deflate (compression) using libz 1.2.8
LogInit:  - other features:
LogInit:      CURL_VERSION_SSL
LogInit:      CURL_VERSION_LIBZ
LogInit:      CURL_VERSION_IPV6
LogInit:      CURL_VERSION_ASYNCHDNS
LogInit:      CURL_VERSION_LARGEFILE
LogInit:      CURL_VERSION_IDN
LogInit:  CurlRequestOptions (configurable via config and command line):
LogInit:  - bVerifyPeer = false  - Libcurl will NOT verify peer certificate
LogInit:  - bUseHttpProxy = false  - Libcurl will NOT use HTTP proxy
LogInit:  - bDontReuseConnections = false  - Libcurl will reuse connections
LogInit:  - CertBundlePath = nullptr  - Libcurl will use whatever was configured at build time.
LogInit:  - MaxHostConnections = 16  - Libcurl will limit the number of connections to a host
LogInit:  - LocalHostAddr = Default
LogInit:  - BufferSize = 65536
LogInit: WinSock: version 1.1 (2.2), MaxSocks=32767, MaxUdp=65467
LogInit: Build: ++UE4+Release-4.20-CL-4302132
LogInit: Engine Version: 4.20.2-4302132+++UE4+Release-4.20
LogInit: Compatible Engine Version: 4.20.0-4212847+++UE4+Release-4.20
LogInit: Net CL: 4212847
LogInit: OS: Windows 10 (), CPU: Intel(R) Core(TM) i7-8750H CPU @ 2.20GHz, GPU: NVIDIA GeForce GTX 1060
LogInit: Compiled (64-bit): Aug 21 2018 02:06:06
LogInit: Compiled with Visual C++: 19.13.26129.00
LogInit: Build Configuration: Development
LogInit: Branch Name: ++UE4+Release-4.20
LogInit: Command Line: 
LogInit: Base Directory: D:/UE_4.20/Engine/Binaries/Win64/
LogInit: Installed Engine Build: 1
LogDevObjectVersion: Number of dev versions registered: 20
LogDevObjectVersion:   Dev-Blueprints (B0D832E4-1F89-4F0D-ACCF-7EB736FD4AA2): 10
LogDevObjectVersion:   Dev-Build (E1C64328-A22C-4D53-A36C-8E866417BD8C): 0
LogDevObjectVersion:   Dev-Core (375EC13C-06E4-48FB-B500-84F0262A717E): 2
LogDevObjectVersion:   Dev-Editor (E4B068ED-F494-42E9-A231-DA0B2E46BB41): 24
LogDevObjectVersion:   Dev-Framework (CFFC743F-43B0-4480-9391-14DF171D2073): 34
LogDevObjectVersion:   Dev-Mobile (B02B49B5-BB20-44E9-A304-32B752E40360): 2
LogDevObjectVersion:   Dev-Networking (A4E4105C-59A1-49B5-A7C5-40C4547EDFEE): 0
LogDevObjectVersion:   Dev-Online (39C831C9-5AE6-47DC-9A44-9C173E1C8E7C): 0
LogDevObjectVersion:   Dev-Physics (78F01B33-EBEA-4F98-B9B4-84EACCB95AA2): 0
LogDevObjectVersion:   Dev-Platform (6631380F-2D4D-43E0-8009-CF276956A95A): 0
LogDevObjectVersion:   Dev-Rendering (12F88B9F-8875-4AFC-A67C-D90C383ABD29): 26
LogDevObjectVersion:   Dev-Sequencer (7B5AE74C-D270-4C10-A958-57980B212A5A): 9
LogDevObjectVersion:   Dev-VR (D7296918-1DD6-4BDD-9DE2-64A83CC13884): 2
LogDevObjectVersion:   Dev-LoadTimes (C2A15278-BFE7-4AFE-6C17-90FF531DF755): 1
LogDevObjectVersion:   Private-Geometry (6EACA3D4-40EC-4CC1-B786-8BED09428FC5): 3
LogDevObjectVersion:   Dev-AnimPhys (29E575DD-E0A3-4627-9D10-D276232CDCEA): 17
LogDevObjectVersion:   Dev-ReflectionCapture (6B266CEC-1EC7-4B8F-A30B-E4D90942FC07): 1
LogDevObjectVersion:   Dev-Automation (0DF73D61-A23F-47EA-B727-89E90C41499A): 1
LogDevObjectVersion:   FortniteMain (601D1886-AC64-4F84-AA16-D3DE0DEAC7D6): 12
LogDevObjectVersion:   Dev-Enterprise (9DFFBCD6-494F-0158-E221-12823C92A888): 1
LogStreaming: Display: Took  0.001s to delete old logs.
LogInit: Presizing for max 8388607 objects, including 0 objects not considered by GC, pre-allocating 0 bytes for permanent pool.
LogInit: Object subsystem initialized
[2018.09.18-00.19.16:908][  0]LogInit: Selected Device Profile: [Windows]
[2018.09.18-00.19.16:908][  0]LogInit: Applying CVar settings loaded from the selected device profile: [Windows]
[2018.09.18-00.19.16:930][  0]LogHAL: Display: Platform has ~ 16 GB [17028878336 / 17179869184 / 16], which maps to Larger [LargestMinGB=32, LargerMinGB=12, DefaultMinGB=8, SmallerMinGB=6, SmallestMinGB=0)
[2018.09.18-00.19.16:930][  0]LogInit: Setting Device Profile CVar: [[r.Vulkan.UseRealUBs:1]]
[2018.09.18-00.19.16:930][  0]LogInit: Going up to parent DeviceProfile []
[2018.09.18-00.19.16:930][  0]LogInit: Computer: DESKTOP-EQNU1S5
[2018.09.18-00.19.16:931][  0]LogInit: User: XENO
[2018.09.18-00.19.16:931][  0]LogInit: CPU Page size=4096, Cores=6
[2018.09.18-00.19.16:931][  0]LogInit: High frequency timer resolution =2.156252 MHz
[2018.09.18-00.19.16:931][  0]LogMemory: Memory total: Physical=15.9GB (16GB approx)
[2018.09.18-00.19.16:931][  0]LogMemory: Platform Memory Stats for Windows
[2018.09.18-00.19.16:931][  0]LogMemory: Process Physical Memory: 101.59 MB used, 101.59 MB peak
[2018.09.18-00.19.16:931][  0]LogMemory: Process Virtual Memory: 85.96 MB used, 85.96 MB peak
[2018.09.18-00.19.16:931][  0]LogMemory: Physical Memory: 4920.81 MB used,  11319.20 MB free, 16240.00 MB total
[2018.09.18-00.19.16:931][  0]LogMemory: Virtual Memory: 4657.24 MB used,  11319.20 MB free, 134217728.00 MB total
[2018.09.18-00.19.17:205][  0]LogInit: Using OS detected language (en-US).
[2018.09.18-00.19.17:205][  0]LogInit: Using OS detected locale (en-CA).
[2018.09.18-00.19.17:206][  0]LogTextLocalizationManager: No specific localization for 'en-US' exists, so the 'en' localization will be used.
[2018.09.18-00.19.17:499][  0]LogStreaming: Display: Took  0.294s to InitEngineTextLocalization.
[2018.09.18-00.19.17:499][  0]LogInit: Setting process to per monitor DPI aware
[2018.09.18-00.19.17:516][  0]LogSlate: New Slate User Created.  User Index 0, Is Virtual User: 0
[2018.09.18-00.19.17:516][  0]LogSlate: Slate User Registered.  User Index 0, Is Virtual User: 0
[2018.09.18-00.19.17:647][  0]LogHMD: Failed to initialize OpenVR with code 110
[2018.09.18-00.19.17:647][  0]LogD3D11RHI: D3D11 adapters:
[2018.09.18-00.19.17:691][  0]LogD3D11RHI:    0. 'NVIDIA GeForce GTX 1060' (Feature Level 11_0)
[2018.09.18-00.19.17:692][  0]LogD3D11RHI:       6061/0/8120 MB DedicatedVideo/DedicatedSystem/SharedSystem, Outputs:1, VendorId:0x10de
[2018.09.18-00.19.17:715][  0]LogD3D11RHI:    1. 'Intel(R) UHD Graphics 630' (Feature Level 11_0)
[2018.09.18-00.19.17:715][  0]LogD3D11RHI:       128/0/8120 MB DedicatedVideo/DedicatedSystem/SharedSystem, Outputs:0, VendorId:0x8086
[2018.09.18-00.19.17:717][  0]LogD3D11RHI:    2. 'Microsoft Basic Render Driver' (Feature Level 11_0)
[2018.09.18-00.19.17:717][  0]LogD3D11RHI:       0/0/8120 MB DedicatedVideo/DedicatedSystem/SharedSystem, Outputs:0, VendorId:0x1414
[2018.09.18-00.19.17:717][  0]LogD3D11RHI: Chosen D3D11 Adapter: 0
[2018.09.18-00.19.17:722][  0]LogD3D11RHI: Creating new Direct3DDevice
[2018.09.18-00.19.17:722][  0]LogD3D11RHI:     GPU DeviceId: 0x1c60 (for the marketing name, search the web for "GPU Device Id")
[2018.09.18-00.19.17:722][  0]LogWindows: EnumDisplayDevices:
[2018.09.18-00.19.17:722][  0]LogWindows:    0. 'NVIDIA GeForce GTX 1060' (P:1 D:1)
[2018.09.18-00.19.17:722][  0]LogWindows:    1. 'NVIDIA GeForce GTX 1060' (P:0 D:0)
[2018.09.18-00.19.17:722][  0]LogWindows:    2. 'NVIDIA GeForce GTX 1060' (P:0 D:0)
[2018.09.18-00.19.17:723][  0]LogWindows:    3. 'NVIDIA GeForce GTX 1060' (P:0 D:0)
[2018.09.18-00.19.17:723][  0]LogWindows:    4. 'Intel(R) UHD Graphics 630' (P:0 D:0)
[2018.09.18-00.19.17:723][  0]LogWindows:    5. 'Intel(R) UHD Graphics 630' (P:0 D:0)
[2018.09.18-00.19.17:723][  0]LogWindows:    6. 'Intel(R) UHD Graphics 630' (P:0 D:0)
[2018.09.18-00.19.17:723][  0]LogWindows: DebugString: PrimaryIsNotTheChoosenAdapter PrimaryIsNotTheChoosenAdapter PrimaryIsNotTheChoosenAdapter FoundDriverCount:4 
[2018.09.18-00.19.17:723][  0]LogD3D11RHI:     Adapter Name: NVIDIA GeForce GTX 1060
[2018.09.18-00.19.17:723][  0]LogD3D11RHI:   Driver Version: 389.12 (internal:23.21.13.8912, unified:389.12)
[2018.09.18-00.19.17:723][  0]LogD3D11RHI:      Driver Date: 3-7-2018
[2018.09.18-00.19.17:723][  0]LogRHI: Texture pool is 4242 MB (70% of 6061 MB)
[2018.09.18-00.19.17:748][  0]LogD3D11RHI: Async texture creation enabled
[2018.09.18-00.19.17:759][  0]LogD3D11RHI: GPU Timing Frequency: 1000.000000 (Debug: 2 1)
[2018.09.18-00.19.17:806][  0]LogShaderCompilers: Guid format shader working directory is 1 characters bigger than the processId version (../../../../UnrealProjects/UE4Group/ASH_Game/Intermediate/Shaders/WorkingDirectory/4144/).
[2018.09.18-00.19.17:806][  0]LogShaderCompilers: Cleaned the shader compiler working directory 'C:/Users/XENO/AppData/Local/Temp/UnrealShaderWorkingDir/DE9D3FF34FBB581553A6189FFC7262EA/'.
[2018.09.18-00.19.18:006][  0]LogTemp: Display: Loaded TP AllDesktopTargetPlatform
[2018.09.18-00.19.18:016][  0]LogTemp: Display: Loaded TP MacClientTargetPlatform
[2018.09.18-00.19.18:025][  0]LogTemp: Display: Loaded TP MacNoEditorTargetPlatform
[2018.09.18-00.19.18:039][  0]LogTemp: Display: Loaded TP MacServerTargetPlatform
[2018.09.18-00.19.18:049][  0]LogTemp: Display: Loaded TP MacTargetPlatform
[2018.09.18-00.19.18:060][  0]LogTemp: Display: Loaded TP WindowsClientTargetPlatform
[2018.09.18-00.19.18:070][  0]LogTemp: Display: Loaded TP WindowsNoEditorTargetPlatform
[2018.09.18-00.19.18:080][  0]LogTemp: Display: Loaded TP WindowsServerTargetPlatform
[2018.09.18-00.19.18:084][  0]LogTemp: Display: Loaded TP WindowsTargetPlatform
[2018.09.18-00.19.18:147][  0]LogTemp: Display: Loaded TP AndroidTargetPlatform
[2018.09.18-00.19.18:147][  0]LogTemp: Display: Loaded TP AndroidTargetPlatform
[2018.09.18-00.19.18:147][  0]LogTemp: Display: Loaded TP AndroidTargetPlatform
[2018.09.18-00.19.18:147][  0]LogTemp: Display: Loaded TP AndroidTargetPlatform
[2018.09.18-00.19.18:147][  0]LogTemp: Display: Loaded TP AndroidTargetPlatform
[2018.09.18-00.19.18:147][  0]LogTemp: Display: Loaded TP AndroidTargetPlatform
[2018.09.18-00.19.18:147][  0]LogTemp: Display: Loaded TP AndroidTargetPlatform
[2018.09.18-00.19.18:147][  0]LogTemp: Display: Loaded TP AndroidTargetPlatform
[2018.09.18-00.19.18:147][  0]LogTemp: Display: Loaded TP AndroidTargetPlatform
[2018.09.18-00.19.18:147][  0]LogTemp: Display: Loaded TP AndroidTargetPlatform
[2018.09.18-00.19.18:147][  0]LogTemp: Display: Loaded TP AndroidTargetPlatform
[2018.09.18-00.19.18:147][  0]LogTemp: Display: Loaded TP AndroidTargetPlatform
[2018.09.18-00.19.18:147][  0]LogTemp: Display: Loaded TP AndroidTargetPlatform
[2018.09.18-00.19.18:147][  0]LogTemp: Display: Loaded TP AndroidTargetPlatform
[2018.09.18-00.19.18:147][  0]LogTemp: Display: Loaded TP AndroidTargetPlatform
[2018.09.18-00.19.18:147][  0]LogTemp: Display: Loaded TP AndroidTargetPlatform
[2018.09.18-00.19.18:147][  0]LogTemp: Display: Loaded TP AndroidTargetPlatform
[2018.09.18-00.19.18:147][  0]LogTemp: Display: Loaded TP AndroidTargetPlatform
[2018.09.18-00.19.18:148][  0]LogTemp: Display: Loaded TP HTML5TargetPlatform
[2018.09.18-00.19.18:223][  0]LogTemp: Display: Loaded TP IOSTargetPlatform
[2018.09.18-00.19.18:223][  0]LogTemp: Display: Loaded TP IOSTargetPlatform
[2018.09.18-00.19.18:246][  0]LogTemp: Display: Loaded TP TVOSTargetPlatform
[2018.09.18-00.19.18:246][  0]LogTemp: Display: Loaded TP TVOSTargetPlatform
[2018.09.18-00.19.18:256][  0]LogTemp: Display: Loaded TP LinuxClientTargetPlatform
[2018.09.18-00.19.18:266][  0]LogTemp: Display: Loaded TP LinuxNoEditorTargetPlatform
[2018.09.18-00.19.18:276][  0]LogTemp: Display: Loaded TP LinuxServerTargetPlatform
[2018.09.18-00.19.18:287][  0]LogTemp: Display: Loaded TP LinuxTargetPlatform
[2018.09.18-00.19.18:294][  0]LogTemp: Display: Loaded TP LuminTargetPlatform
[2018.09.18-00.19.18:294][  0]LogTargetPlatformManager: Display: Building Assets For Windows
[2018.09.18-00.19.18:329][  0]LogXGEController: Cannot use XGE Controller as Incredibuild is not installed on this machine.
[2018.09.18-00.19.18:329][  0]LogShaderCompilers: Cannot use XGE Shader Compiler as Incredibuild is not installed on this machine.
[2018.09.18-00.19.18:329][  0]LogShaderCompilers: Display: Using Local Shader Compiler.
[2018.09.18-00.19.18:894][  0]LogDerivedDataCache: Display: Max Cache Size: 512 MB
[2018.09.18-00.19.18:941][  0]LogDerivedDataCache: Loaded boot cache 0.05s 71MB C:/Users/XENO/AppData/Local/UnrealEngine/4.20/DerivedDataCache/Boot.ddc.
[2018.09.18-00.19.18:941][  0]LogDerivedDataCache: Display: Loaded Boot cache: C:/Users/XENO/AppData/Local/UnrealEngine/4.20/DerivedDataCache/Boot.ddc
[2018.09.18-00.19.18:941][  0]LogDerivedDataCache: FDerivedDataBackendGraph:  Pak pak cache file ../../../../UnrealProjects/UE4Group/ASH_Game/DerivedDataCache/DDC.ddp not found, will not use a pak cache.
[2018.09.18-00.19.18:941][  0]LogDerivedDataCache: Unable to find inner node Pak for hierarchical cache Hierarchy.
[2018.09.18-00.19.18:941][  0]LogDerivedDataCache: FDerivedDataBackendGraph:  CompressedPak pak cache file ../../../../UnrealProjects/UE4Group/ASH_Game/DerivedDataCache/Compressed.ddp not found, will not use a pak cache.
[2018.09.18-00.19.18:941][  0]LogDerivedDataCache: Unable to find inner node CompressedPak for hierarchical cache Hierarchy.
[2018.09.18-00.19.18:952][  0]LogDerivedDataCache: Display: Pak cache opened for reading ../../../Engine/DerivedDataCache/Compressed.ddp.
[2018.09.18-00.19.18:964][  0]LogDerivedDataCache: Using Local data cache path C:/Users/XENO/AppData/Local/UnrealEngine/Common/DerivedDataCache: Writable
[2018.09.18-00.19.18:964][  0]LogDerivedDataCache: Shared data cache path not found in *engine.ini, will not use an Shared cache.
[2018.09.18-00.19.18:964][  0]LogDerivedDataCache: Unable to find inner node Shared for hierarchical cache Hierarchy.
[2018.09.18-00.19.18:980][  0]LogMaterial: Verifying Global Shaders for PCD3D_SM5
[2018.09.18-00.19.18:981][  0]LogSlate: Using FreeType 2.6.0
[2018.09.18-00.19.18:981][  0]LogSlate: SlateFontServices - WITH_FREETYPE: 1, WITH_HARFBUZZ: 1
[2018.09.18-00.19.19:043][  0]LogAssetRegistry: FAssetRegistry took 0.0249 seconds to start up
[2018.09.18-00.19.19:298][  0]LogInit: Selected Device Profile: [Windows]
[2018.09.18-00.19.19:400][  0]LogSimplygon: Simplygon DLL not present - disabling.
[2018.09.18-00.19.19:402][  0]LogMeshReduction: Using SimplygonSwarm for distributed automatic mesh merging
[2018.09.18-00.19.19:402][  0]LogMeshReduction: Using ProxyLODMeshReduction for automatic mesh merging
[2018.09.18-00.19.19:402][  0]LogMeshReduction: Using QuadricMeshReduction for automatic static mesh reduction
[2018.09.18-00.19.19:402][  0]LogMeshReduction: No automatic skeletal mesh reduction module available
[2018.09.18-00.19.19:417][  0]LogNetVersion: ASH_Game 1.0.0, NetCL: 4212847, EngineNetVer: 5, GameNetVer: 0 (Checksum: 1471675654)
[2018.09.18-00.19.19:805][  0]LogPackageLocalizationCache: Processed 11 localized package path(s) for 2 prioritized culture(s) in 0.050191 seconds
[2018.09.18-00.19.19:811][  0]LogUObjectArray: 38425 objects as part of root set at end of initial load.
[2018.09.18-00.19.19:811][  0]LogUObjectAllocator: 6690864 out of 0 bytes used by permanent object pool.
[2018.09.18-00.19.19:811][  0]LogUObjectArray: CloseDisregardForGC: 0/0 objects in disregard for GC pool
[2018.09.18-00.19.20:463][  0]LogTcpMessaging: Initializing TcpMessaging bridge
[2018.09.18-00.19.20:477][  0]LogUdpMessaging: Initializing bridge on interface 0.0.0.0:0 to multicast group 230.0.0.1:6666.
[2018.09.18-00.19.20:609][  0]SourceControl: Source control is disabled
[2018.09.18-00.19.20:609][  0]SourceControl: Source control is disabled
[2018.09.18-00.19.20:610][  0]SourceControl: Source control is disabled
[2018.09.18-00.19.20:611][  0]SourceControl: Source control is disabled
[2018.09.18-00.19.20:752][  0]LogAndroidPermission: UAndroidPermissionCallbackProxy::GetInstance
[2018.09.18-00.19.20:791][  0]LogOcInput: OculusInput pre-init called
[2018.09.18-00.19.20:841][  0]LogEngine: Initializing Engine...
[2018.09.18-00.19.20:841][  0]LogHMD: Failed to initialize OpenVR with code 110
[2018.09.18-00.19.20:842][  0]LogStats: UGameplayTagsManager::ConstructGameplayTagTree: ImportINI prefixes -  0.000 s
[2018.09.18-00.19.20:842][  0]LogStats: UGameplayTagsManager::ConstructGameplayTagTree: Construct from data asset -  0.000 s
[2018.09.18-00.19.20:842][  0]LogStats: UGameplayTagsManager::ConstructGameplayTagTree: ImportINI -  0.000 s
[2018.09.18-00.19.20:842][  0]LogStats: UGameplayTagsManager::ConstructGameplayTagTree: GameplayTagTreeChangedEvent.Broadcast -  0.000 s
[2018.09.18-00.19.21:017][  0]LogInit: Initializing FReadOnlyCVARCache
[2018.09.18-00.19.21:025][  0]LogAIModule: Creating AISystem for world Untitled
[2018.09.18-00.19.21:032][  0]LogInit: XAudio2 using 'Speakers/Headphones (Realtek(R) Audio)' : 6 channels at 48 kHz using 32 bits per sample (channel mask 0x3f)
[2018.09.18-00.19.21:073][  0]LogInit: FAudioDevice initialized.
[2018.09.18-00.19.21:073][  0]LogNetVersion: Set ProjectVersion to 1.0.0.0. Version Checksum will be recalculated on next use.
[2018.09.18-00.19.21:155][  0]LogDerivedDataCache: Saved boot cache 0.08s 71MB C:/Users/XENO/AppData/Local/UnrealEngine/4.20/DerivedDataCache/Boot.ddc.
[2018.09.18-00.19.21:166][  0]LogInit: Texture streaming: Enabled
[2018.09.18-00.19.21:177][  0]LogEngineSessionManager: EngineSessionManager initialized
[2018.09.18-00.19.21:184][  0]LogInit: Transaction tracking system initialized
[2018.09.18-00.19.21:195][  0]BlueprintLog: New page: Editor Load
[2018.09.18-00.19.21:236][  0]LocalizationService: Localization service is disabled
[2018.09.18-00.19.21:452][  0]LogCook: Display: Max memory allowance for cook 16384mb min free memory 0mb
[2018.09.18-00.19.21:452][  0]LogCook: Display: Mobile HDR setting 1
[2018.09.18-00.19.21:452][  0]LogGameplayTags: Display: UGameplayTagsManager::DoneAddingNativeTags. DelegateIsBound: 0
[2018.09.18-00.19.21:452][  0]LogStats: UGameplayTagsManager::ConstructGameplayTagTree: ImportINI prefixes -  0.000 s
[2018.09.18-00.19.21:452][  0]LogStats: UGameplayTagsManager::ConstructGameplayTagTree: Construct from data asset -  0.000 s
[2018.09.18-00.19.21:452][  0]LogStats: UGameplayTagsManager::ConstructGameplayTagTree: ImportINI -  0.000 s
[2018.09.18-00.19.21:452][  0]LogStats: UGameplayTagsManager::ConstructGameplayTagTree: GameplayTagTreeChangedEvent.Broadcast -  0.000 s
[2018.09.18-00.19.21:531][  0]LogFileCache: Scanning file cache for directory 'D:/UnrealProjects/UE4Group/ASH_Game/Content/' took 0.01s
[2018.09.18-00.19.21:531][  0]SourceControl: Source control is disabled
[2018.09.18-00.19.21:612][  0]LogSlate: Took 0.000133 seconds to synchronously load lazily loaded font '../../../Engine/Content/Slate/Fonts/Roboto-Regular.ttf' (155K)
[2018.09.18-00.19.34:346][  0]LogSlate: Window 'Restore Packages' being destroyed
[2018.09.18-00.19.34:347][  0]LogWindowsTextInputMethodSystem: Display: IME system now deactivated.
[2018.09.18-00.19.34:401][  0]LogWindowsTextInputMethodSystem: Display: IME system now deactivated.
[2018.09.18-00.19.57:268][  0]LogSlate: Window 'Unable to Check Out From Source Control!' being destroyed
[2018.09.18-00.19.57:269][  0]LogWindowsTextInputMethodSystem: Display: IME system now deactivated.
[2018.09.18-00.19.57:275][  0]LogWindowsTextInputMethodSystem: Display: IME system now deactivated.
[2018.09.18-00.19.57:276][  0]Cmd: MAP LOAD FILE="../../../../UnrealProjects/UE4Group/ASH_Game/Content/TopDownBP/Maps/MapGenerator.umap" TEMPLATE=0 SHOWPROGRESS=1 FEATURELEVEL=3
[2018.09.18-00.19.57:276][  0]LightingResults: New page: Lighting Build
[2018.09.18-00.19.57:278][  0]MapCheck: New page: Map Check
[2018.09.18-00.19.57:278][  0]LightingResults: New page: Lighting Build
[2018.09.18-00.19.57:437][  0]LogAIModule: Creating AISystem for world MapGenerator
[2018.09.18-00.19.57:440][  0]LogEditorServer: Finished looking for orphan Actors (0.000 secs)
[2018.09.18-00.19.57:465][  0]Cmd: MAP CHECKDEP NOCLEARLOG
[2018.09.18-00.19.57:501][  0]MapCheck: Map check complete: 0 Error(s), 0 Warning(s), took 36.505ms to complete.
[2018.09.18-00.19.57:501][  0]LogFileHelpers: Loading map 'MapGenerator' took 0.225
[2018.09.18-00.19.57:528][  0]LogSlate: Updating window title bar state: overlay mode, drag disabled, window buttons hidden, title bar hidden
[2018.09.18-00.19.57:534][  0]LogSlate: Updating window title bar state: overlay mode, drag disabled, window buttons hidden, title bar hidden
[2018.09.18-00.19.57:540][  0]LogSlate: Updating window title bar state: overlay mode, drag disabled, window buttons hidden, title bar hidden
[2018.09.18-00.19.57:546][  0]LogSlate: Updating window title bar state: overlay mode, drag disabled, window buttons hidden, title bar hidden
[2018.09.18-00.19.57:550][  0]LogCollectionManager: Loaded 0 collections in 0.000723 seconds
[2018.09.18-00.19.57:588][  0]LogFileCache: Scanning file cache for directory 'D:/UnrealProjects/UE4Group/ASH_Game/Saved/Collections/' took 0.01s
[2018.09.18-00.19.57:589][  0]LogFileCache: Scanning file cache for directory 'D:/UnrealProjects/UE4Group/ASH_Game/Content/Developers/XENO/Collections/' took 0.01s
[2018.09.18-00.19.57:589][  0]LogFileCache: Scanning file cache for directory 'D:/UnrealProjects/UE4Group/ASH_Game/Content/Collections/' took 0.01s
[2018.09.18-00.19.57:589][  0]LogCollectionManager: Rebuilt the GUID cache for 0 collections in 0.000000 seconds
[2018.09.18-00.19.57:596][  0]LogContentBrowser: Native class hierarchy populated in 0.0078 seconds. Added 2572 classes and 603 folders.
[2018.09.18-00.19.57:600][  0]LogContentBrowser: Native class hierarchy updated for 'WidgetCarousel' in 0.0002 seconds. Added 0 classes and 0 folders.
[2018.09.18-00.19.57:631][  0]LogContentBrowser: Native class hierarchy updated for 'AddContentDialog' in 0.0002 seconds. Added 0 classes and 0 folders.
[2018.09.18-00.19.57:634][  0]LogContentBrowser: Native class hierarchy updated for 'SceneOutliner' in 0.0002 seconds. Added 1 classes and 2 folders.
[2018.09.18-00.19.57:649][  0]LogSlate: Took 0.000150 seconds to synchronously load lazily loaded font '../../../Engine/Content/Slate/Fonts/Roboto-Bold.ttf' (160K)
[2018.09.18-00.19.57:653][  0]LogSlate: Took 0.000203 seconds to synchronously load lazily loaded font '../../../Engine/Content/Editor/Slate/Fonts/FontAwesome.ttf' (139K)
[2018.09.18-00.19.57:682][  0]LogRenderer: Reallocating scene render targets to support 1616x808 Format 10 NumSamples 1 (Frame:1).
[2018.09.18-00.19.57:754][  0]LogContentBrowser: Native class hierarchy updated for 'HierarchicalLODOutliner' in 0.0002 seconds. Added 0 classes and 0 folders.
[2018.09.18-00.19.57:754][  0]LogLoad: (Engine Initialization) Total time: 42.28 seconds
[2018.09.18-00.19.57:754][  0]LogLoad: (Engine Initialization) Total Blueprint compile time: 0.00 seconds
[2018.09.18-00.19.57:792][  0]LogAssetRegistry: Asset discovery search completed in 38.7709 seconds
[2018.09.18-00.19.57:794][  0]LogCollectionManager: Rebuilt the object cache for 0 collections in 0.000000 seconds (found 0 objects)
[2018.09.18-00.19.57:794][  0]LogCollectionManager: Fixed up redirectors for 0 collections in 0.000120 seconds (updated 0 objects)
[2018.09.18-00.19.57:799][  0]LogContentStreaming: Texture pool size now 1000 MB
[2018.09.18-00.19.58:777][ 58]LogSlate: Took 0.000148 seconds to synchronously load lazily loaded font '../../../Engine/Content/Slate/Fonts/Roboto-Light.ttf' (167K)
[2018.09.18-00.19.59:176][ 82]LogSlate: FSceneViewport::OnFocusLost() reason 0
[2018.09.18-00.19.59:301][ 89]LogAssetEditorManager: Opening Asset editor for Blueprint /Game/TopDownBP/Blueprints/MapGenerator.MapGenerator
[2018.09.18-00.19.59:696][ 89]LogContentBrowser: Native class hierarchy updated for 'BlueprintGraph' in 0.0005 seconds. Added 116 classes and 0 folders.
[2018.09.18-00.20.00:301][ 89]LogSlate: Took 0.000143 seconds to synchronously load lazily loaded font '../../../Engine/Content/Slate/Fonts/Roboto-BoldCondensed.ttf' (158K)
[2018.09.18-00.20.00:553][ 90]LogSlate: Took 0.000165 seconds to synchronously load lazily loaded font '../../../Engine/Content/Slate/Fonts/Roboto-Italic.ttf' (157K)
[2018.09.18-00.20.08:919][589]BlueprintLog: New page: Compile MapGenerator
[2018.09.18-00.20.09:110][589]Cmd: OBJ SAVEPACKAGE PACKAGE="/Game/TopDownBP/Blueprints/MapGenerator" FILE="../../../../UnrealProjects/UE4Group/ASH_Game/Content/TopDownBP/Blueprints/MapGenerator.uasset" SILENT=true
[2018.09.18-00.20.09:176][589]LogSavePackage: Moving '../../../../UnrealProjects/UE4Group/ASH_Game/Saved/MapGenerator8C8CF3BB458DC7FC1C8751872A66978F.tmp' to '../../../../UnrealProjects/UE4Group/ASH_Game/Content/TopDownBP/Blueprints/MapGenerator.uasset'
[2018.09.18-00.20.09:745][609]LogTemp: Repeating last play command: New Editor Window (PIE)
[2018.09.18-00.20.09:767][609]LogBlueprintUserMessages: Early PlayInEditor Detection: Level '/Game/TopDownBP/Maps/MapGenerator.MapGenerator:PersistentLevel' has LevelScriptBlueprint '/Game/TopDownBP/Maps/MapGenerator.MapGenerator:PersistentLevel.MapGenerator' with GeneratedClass '/Game/TopDownBP/Maps/MapGenerator.MapGenerator_C' with ClassGeneratedBy '/Game/TopDownBP/Maps/MapGenerator.MapGenerator:PersistentLevel.MapGenerator'
[2018.09.18-00.20.09:767][609]LogPlayLevel: PlayLevel: No blueprints needed recompiling
[2018.09.18-00.20.09:780][609]PIE: New page: PIE session: MapGenerator (Sep 17, 2018, 4:20:09 PM)
[2018.09.18-00.20.09:780][609]LogPlayLevel: Creating play world package: /Game/TopDownBP/Maps/UEDPIE_0_MapGenerator
[2018.09.18-00.20.09:783][609]LogPlayLevel: PIE: StaticDuplicateObject took: (0.002650s)
[2018.09.18-00.20.09:784][609]LogAIModule: Creating AISystem for world MapGenerator
[2018.09.18-00.20.09:784][609]LogPlayLevel: PIE: World Init took: (0.001146s)
[2018.09.18-00.20.09:784][609]LogPlayLevel: PIE: Created PIE world by copying editor world from /Game/TopDownBP/Maps/MapGenerator.MapGenerator to /Game/TopDownBP/Maps/UEDPIE_0_MapGenerator.MapGenerator (0.004044s)
[2018.09.18-00.20.09:821][609]LogInit: XAudio2 using 'Speakers/Headphones (Realtek(R) Audio)' : 6 channels at 48 kHz using 32 bits per sample (channel mask 0x3f)
[2018.09.18-00.20.09:861][609]LogInit: FAudioDevice initialized.
[2018.09.18-00.20.09:868][609]LogSlate: Updating window title bar state: overlay mode, drag disabled, window buttons hidden, title bar hidden
[2018.09.18-00.20.09:927][609]LogLoad: Game class is 'GameMode'
[2018.09.18-00.20.09:930][609]LogWorld: Bringing World /Game/TopDownBP/Maps/UEDPIE_0_MapGenerator.MapGenerator up for play (max tick rate 60) at 2018.09.17-20.20.09
[2018.09.18-00.20.09:930][609]LogWorld: Bringing up level for play took: 0.000585
[2018.09.18-00.20.09:947][609]LogContentBrowser: Native class hierarchy updated for 'MovieSceneCapture' in 0.0003 seconds. Added 10 classes and 0 folders.
[2018.09.18-00.20.09:947][609]LogGameMode: Display: Match State Changed from EnteringMap to WaitingToStart
[2018.09.18-00.20.09:947][609]LogGameState: Match State Changed from EnteringMap to WaitingToStart
[2018.09.18-00.20.09:947][609]LogGameMode: Display: Match State Changed from WaitingToStart to InProgress
[2018.09.18-00.20.09:952][609]LogBlueprintUserMessages: [MapGenerator1_2] Branch
[2018.09.18-00.20.09:954][609]LogBlueprintUserMessages: [MapGenerator1_2] Branch
[2018.09.18-00.20.09:955][609]LogBlueprintUserMessages: [MapGenerator1_2] Branch
[2018.09.18-00.20.09:956][609]LogBlueprintUserMessages: [MapGenerator1_2] Branch
[2018.09.18-00.20.09:957][609]LogBlueprintUserMessages: [MapGenerator1_2] Branch
[2018.09.18-00.20.09:958][609]LogGameState: Match State Changed from WaitingToStart to InProgress
[2018.09.18-00.20.09:962][609]PIE: Play in editor start time for /Game/TopDownBP/Maps/UEDPIE_0_MapGenerator 0.904
[2018.09.18-00.20.09:962][609]LogBlueprintUserMessages: Late PlayInEditor Detection: Level '/Game/TopDownBP/Maps/MapGenerator.MapGenerator:PersistentLevel' has LevelScriptBlueprint '/Game/TopDownBP/Maps/MapGenerator.MapGenerator:PersistentLevel.MapGenerator' with GeneratedClass '/Game/TopDownBP/Maps/MapGenerator.MapGenerator_C' with ClassGeneratedBy '/Game/TopDownBP/Maps/MapGenerator.MapGenerator:PersistentLevel.MapGenerator'
[2018.09.18-00.20.11:294][670]LogSlate: FSceneViewport::OnFocusLost() reason 0
[2018.09.18-00.20.11:394][676]LogGameMode: Display: Match State Changed from InProgress to LeavingMap
[2018.09.18-00.20.11:394][676]LogGameState: Match State Changed from InProgress to LeavingMap
[2018.09.18-00.20.11:394][676]LogNet: Browse: /Game/TopDownBP/Maps/MapGenerator
[2018.09.18-00.20.11:396][676]LogLoad: LoadMap: /Game/TopDownBP/Maps/MapGenerator
[2018.09.18-00.20.11:421][676]LogPlayLevel: Creating play world package: /Game/TopDownBP/Maps/UEDPIE_0_MapGenerator
[2018.09.18-00.20.11:423][676]LogPlayLevel: PIE: StaticDuplicateObject took: (0.001206s)
[2018.09.18-00.20.11:423][676]LogAIModule: Creating AISystem for world MapGenerator
[2018.09.18-00.20.11:423][676]LogPlayLevel: PIE: World Init took: (0.000551s)
[2018.09.18-00.20.11:423][676]LogPlayLevel: PIE: Created PIE world by copying editor world from /Game/TopDownBP/Maps/MapGenerator.MapGenerator to /Game/TopDownBP/Maps/UEDPIE_0_MapGenerator.MapGenerator (0.001879s)
[2018.09.18-00.20.11:423][676]LogLoad: Game class is 'GameMode'
[2018.09.18-00.20.11:424][676]LogWorld: Bringing World /Game/TopDownBP/Maps/UEDPIE_0_MapGenerator.MapGenerator up for play (max tick rate 60) at 2018.09.17-20.20.11
[2018.09.18-00.20.11:425][676]LogWorld: Bringing up level for play took: 0.000435
[2018.09.18-00.20.11:425][676]LogGameMode: FindPlayerStart: PATHS NOT DEFINED or NO PLAYERSTART with positive rating
[2018.09.18-00.20.11:425][676]LogGameMode: Display: Match State Changed from EnteringMap to WaitingToStart
[2018.09.18-00.20.11:425][676]LogGameState: Match State Changed from EnteringMap to WaitingToStart
[2018.09.18-00.20.11:425][676]LogGameMode: Display: Match State Changed from WaitingToStart to InProgress
[2018.09.18-00.20.11:429][676]LogBlueprintUserMessages: [MapGenerator1_2] Branch
[2018.09.18-00.20.11:430][676]LogBlueprintUserMessages: [MapGenerator1_2] Branch
[2018.09.18-00.20.11:430][676]LogBlueprintUserMessages: [MapGenerator1_2] Branch
[2018.09.18-00.20.11:432][676]LogBlueprintUserMessages: [MapGenerator1_2] Branch
[2018.09.18-00.20.11:433][676]LogBlueprintUserMessages: [MapGenerator1_2] Branch
[2018.09.18-00.20.11:434][676]LogGameState: Match State Changed from WaitingToStart to InProgress
[2018.09.18-00.20.11:434][676]LogLoad: Took 0.037891 seconds to LoadMap(/Game/TopDownBP/Maps/UEDPIE_0_MapGenerator)
[2018.09.18-00.20.11:995][709]LogGameMode: Display: Match State Changed from InProgress to LeavingMap
[2018.09.18-00.20.11:995][709]LogGameState: Match State Changed from InProgress to LeavingMap
[2018.09.18-00.20.11:996][709]LogNet: Browse: /Game/TopDownBP/Maps/MapGenerator
[2018.09.18-00.20.11:998][709]LogLoad: LoadMap: /Game/TopDownBP/Maps/MapGenerator
[2018.09.18-00.20.12:021][709]LogPlayLevel: Creating play world package: /Game/TopDownBP/Maps/UEDPIE_0_MapGenerator
[2018.09.18-00.20.12:023][709]LogPlayLevel: PIE: StaticDuplicateObject took: (0.001192s)
[2018.09.18-00.20.12:023][709]LogAIModule: Creating AISystem for world MapGenerator
[2018.09.18-00.20.12:023][709]LogPlayLevel: PIE: World Init took: (0.000460s)
[2018.09.18-00.20.12:023][709]LogPlayLevel: PIE: Created PIE world by copying editor world from /Game/TopDownBP/Maps/MapGenerator.MapGenerator to /Game/TopDownBP/Maps/UEDPIE_0_MapGenerator.MapGenerator (0.001771s)
[2018.09.18-00.20.12:023][709]LogLoad: Game class is 'GameMode'
[2018.09.18-00.20.12:024][709]LogWorld: Bringing World /Game/TopDownBP/Maps/UEDPIE_0_MapGenerator.MapGenerator up for play (max tick rate 60) at 2018.09.17-20.20.12
[2018.09.18-00.20.12:024][709]LogWorld: Bringing up level for play took: 0.000313
[2018.09.18-00.20.12:025][709]LogGameMode: FindPlayerStart: PATHS NOT DEFINED or NO PLAYERSTART with positive rating
[2018.09.18-00.20.12:025][709]LogGameMode: Display: Match State Changed from EnteringMap to WaitingToStart
[2018.09.18-00.20.12:025][709]LogGameState: Match State Changed from EnteringMap to WaitingToStart
[2018.09.18-00.20.12:025][709]LogGameMode: Display: Match State Changed from WaitingToStart to InProgress
[2018.09.18-00.20.12:026][709]LogBlueprintUserMessages: [MapGenerator1_2] Branch
[2018.09.18-00.20.12:027][709]LogBlueprintUserMessages: [MapGenerator1_2] Branch
[2018.09.18-00.20.12:029][709]LogBlueprintUserMessages: [MapGenerator1_2] Branch
[2018.09.18-00.20.12:030][709]LogBlueprintUserMessages: [MapGenerator1_2] Branch
[2018.09.18-00.20.12:031][709]LogBlueprintUserMessages: [MapGenerator1_2] Branch
[2018.09.18-00.20.12:032][709]LogBlueprintUserMessages: [MapGenerator1_2] Branch
[2018.09.18-00.20.12:033][709]LogBlueprintUserMessages: [MapGenerator1_2] Branch
[2018.09.18-00.20.12:035][709]LogGameState: Match State Changed from WaitingToStart to InProgress
[2018.09.18-00.20.12:035][709]LogLoad: Took 0.036816 seconds to LoadMap(/Game/TopDownBP/Maps/UEDPIE_0_MapGenerator)
[2018.09.18-00.20.12:893][760]LogGameMode: Display: Match State Changed from InProgress to LeavingMap
[2018.09.18-00.20.12:893][760]LogGameState: Match State Changed from InProgress to LeavingMap
[2018.09.18-00.20.12:893][760]LogNet: Browse: /Game/TopDownBP/Maps/MapGenerator
[2018.09.18-00.20.12:896][760]LogLoad: LoadMap: /Game/TopDownBP/Maps/MapGenerator
[2018.09.18-00.20.12:923][760]LogPlayLevel: Creating play world package: /Game/TopDownBP/Maps/UEDPIE_0_MapGenerator
[2018.09.18-00.20.12:924][760]LogPlayLevel: PIE: StaticDuplicateObject took: (0.001072s)
[2018.09.18-00.20.12:925][760]LogAIModule: Creating AISystem for world MapGenerator
[2018.09.18-00.20.12:925][760]LogPlayLevel: PIE: World Init took: (0.000476s)
[2018.09.18-00.20.12:925][760]LogPlayLevel: PIE: Created PIE world by copying editor world from /Game/TopDownBP/Maps/MapGenerator.MapGenerator to /Game/TopDownBP/Maps/UEDPIE_0_MapGenerator.MapGenerator (0.001667s)
[2018.09.18-00.20.12:925][760]LogLoad: Game class is 'GameMode'
[2018.09.18-00.20.12:926][760]LogWorld: Bringing World /Game/TopDownBP/Maps/UEDPIE_0_MapGenerator.MapGenerator up for play (max tick rate 60) at 2018.09.17-20.20.12
[2018.09.18-00.20.12:926][760]LogWorld: Bringing up level for play took: 0.000370
[2018.09.18-00.20.12:926][760]LogGameMode: FindPlayerStart: PATHS NOT DEFINED or NO PLAYERSTART with positive rating
[2018.09.18-00.20.12:926][760]LogGameMode: Display: Match State Changed from EnteringMap to WaitingToStart
[2018.09.18-00.20.12:926][760]LogGameState: Match State Changed from EnteringMap to WaitingToStart
[2018.09.18-00.20.12:926][760]LogGameMode: Display: Match State Changed from WaitingToStart to InProgress
[2018.09.18-00.20.12:927][760]LogBlueprintUserMessages: [MapGenerator1_2] Branch
[2018.09.18-00.20.12:928][760]LogBlueprintUserMessages: [MapGenerator1_2] Branch
[2018.09.18-00.20.12:929][760]LogBlueprintUserMessages: [MapGenerator1_2] Branch
[2018.09.18-00.20.12:930][760]LogBlueprintUserMessages: [MapGenerator1_2] Branch
[2018.09.18-00.20.12:931][760]LogBlueprintUserMessages: [MapGenerator1_2] Branch
[2018.09.18-00.20.12:932][760]LogBlueprintUserMessages: [MapGenerator1_2] Branch
[2018.09.18-00.20.12:933][760]LogBlueprintUserMessages: [MapGenerator1_2] Branch
[2018.09.18-00.20.12:934][760]LogBlueprintUserMessages: [MapGenerator1_2] Branch
[2018.09.18-00.20.12:935][760]LogBlueprintUserMessages: [MapGenerator1_2] Branch
[2018.09.18-00.20.12:936][760]LogBlueprintUserMessages: [MapGenerator1_2] Branch
[2018.09.18-00.20.12:936][760]LogBlueprintUserMessages: [MapGenerator1_2] Branch
[2018.09.18-00.20.12:938][760]LogGameState: Match State Changed from WaitingToStart to InProgress
[2018.09.18-00.20.12:938][760]LogLoad: Took 0.041897 seconds to LoadMap(/Game/TopDownBP/Maps/UEDPIE_0_MapGenerator)
[2018.09.18-00.20.13:497][793]LogGameMode: Display: Match State Changed from InProgress to LeavingMap
[2018.09.18-00.20.13:497][793]LogGameState: Match State Changed from InProgress to LeavingMap
[2018.09.18-00.20.13:497][793]LogNet: Browse: /Game/TopDownBP/Maps/MapGenerator
[2018.09.18-00.20.13:500][793]LogLoad: LoadMap: /Game/TopDownBP/Maps/MapGenerator
[2018.09.18-00.20.13:527][793]LogPlayLevel: Creating play world package: /Game/TopDownBP/Maps/UEDPIE_0_MapGenerator
[2018.09.18-00.20.13:529][793]LogPlayLevel: PIE: StaticDuplicateObject took: (0.001088s)
[2018.09.18-00.20.13:529][793]LogAIModule: Creating AISystem for world MapGenerator
[2018.09.18-00.20.13:529][793]LogPlayLevel: PIE: World Init took: (0.000504s)
[2018.09.18-00.20.13:529][793]LogPlayLevel: PIE: Created PIE world by copying editor world from /Game/TopDownBP/Maps/MapGenerator.MapGenerator to /Game/TopDownBP/Maps/UEDPIE_0_MapGenerator.MapGenerator (0.001713s)
[2018.09.18-00.20.13:529][793]LogLoad: Game class is 'GameMode'
[2018.09.18-00.20.13:530][793]LogWorld: Bringing World /Game/TopDownBP/Maps/UEDPIE_0_MapGenerator.MapGenerator up for play (max tick rate 60) at 2018.09.17-20.20.13
[2018.09.18-00.20.13:530][793]LogWorld: Bringing up level for play took: 0.000454
[2018.09.18-00.20.13:531][793]LogGameMode: FindPlayerStart: PATHS NOT DEFINED or NO PLAYERSTART with positive rating
[2018.09.18-00.20.13:531][793]LogGameMode: Display: Match State Changed from EnteringMap to WaitingToStart
[2018.09.18-00.20.13:531][793]LogGameState: Match State Changed from EnteringMap to WaitingToStart
[2018.09.18-00.20.13:531][793]LogGameMode: Display: Match State Changed from WaitingToStart to InProgress
[2018.09.18-00.20.13:531][793]LogBlueprintUserMessages: [MapGenerator1_2] Branch
[2018.09.18-00.20.13:532][793]LogBlueprintUserMessages: [MapGenerator1_2] Branch
[2018.09.18-00.20.13:534][793]LogBlueprintUserMessages: [MapGenerator1_2] Branch
[2018.09.18-00.20.13:534][793]LogBlueprintUserMessages: [MapGenerator1_2] Branch
[2018.09.18-00.20.13:536][793]LogBlueprintUserMessages: [MapGenerator1_2] Branch
[2018.09.18-00.20.13:536][793]LogBlueprintUserMessages: [MapGenerator1_2] Branch
[2018.09.18-00.20.13:537][793]LogBlueprintUserMessages: [MapGenerator1_2] Branch
[2018.09.18-00.20.13:540][793]LogBlueprintUserMessages: [MapGenerator1_2] Branch
[2018.09.18-00.20.13:540][793]LogBlueprintUserMessages: [MapGenerator1_2] Branch
[2018.09.18-00.20.13:541][793]LogGameState: Match State Changed from WaitingToStart to InProgress
[2018.09.18-00.20.13:542][793]LogLoad: Took 0.041734 seconds to LoadMap(/Game/TopDownBP/Maps/UEDPIE_0_MapGenerator)
[2018.09.18-00.20.15:708][922]LogSlate: Window 'ASH_Game Game Preview Standalone (64-bit/PCD3D_SM5)' being destroyed
[2018.09.18-00.20.15:711][922]LogBlueprintUserMessages: Early EndPlayMap Detection: Level '/Game/TopDownBP/Maps/MapGenerator.MapGenerator:PersistentLevel' has LevelScriptBlueprint '/Game/TopDownBP/Maps/MapGenerator.MapGenerator:PersistentLevel.MapGenerator' with GeneratedClass '/Game/TopDownBP/Maps/MapGenerator.MapGenerator_C' with ClassGeneratedBy '/Game/TopDownBP/Maps/MapGenerator.MapGenerator:PersistentLevel.MapGenerator'
[2018.09.18-00.20.15:742][922]LogPlayLevel: Display: Shutting down PIE online subsystems
[2018.09.18-00.20.15:743][922]LogBlueprintUserMessages: Late EndPlayMap Detection: Level '/Game/TopDownBP/Maps/MapGenerator.MapGenerator:PersistentLevel' has LevelScriptBlueprint '/Game/TopDownBP/Maps/MapGenerator.MapGenerator:PersistentLevel.MapGenerator' with GeneratedClass '/Game/TopDownBP/Maps/MapGenerator.MapGenerator_C' with ClassGeneratedBy '/Game/TopDownBP/Maps/MapGenerator.MapGenerator:PersistentLevel.MapGenerator'
[2018.09.18-00.20.15:805][923]LogPlayLevel: Display: Destroying online subsystem :Context_2
[2018.09.18-00.20.25:240][488]BlueprintLog: New page: Compile MapGenerator
[2018.09.18-00.20.25:426][488]Cmd: OBJ SAVEPACKAGE PACKAGE="/Game/TopDownBP/Blueprints/MapGenerator" FILE="../../../../UnrealProjects/UE4Group/ASH_Game/Content/TopDownBP/Blueprints/MapGenerator.uasset" SILENT=true
[2018.09.18-00.20.25:501][488]LogSavePackage: Moving '../../../../UnrealProjects/UE4Group/ASH_Game/Saved/MapGenerator0C85E92842DA3E14775A45A7FFDDE1D2.tmp' to '../../../../UnrealProjects/UE4Group/ASH_Game/Content/TopDownBP/Blueprints/MapGenerator.uasset'
[2018.09.18-00.20.28:377][648]LogTemp: Repeating last play command: New Editor Window (PIE)
[2018.09.18-00.20.28:400][648]LogBlueprintUserMessages: Early PlayInEditor Detection: Level '/Game/TopDownBP/Maps/MapGenerator.MapGenerator:PersistentLevel' has LevelScriptBlueprint '/Game/TopDownBP/Maps/MapGenerator.MapGenerator:PersistentLevel.MapGenerator' with GeneratedClass '/Game/TopDownBP/Maps/MapGenerator.MapGenerator_C' with ClassGeneratedBy '/Game/TopDownBP/Maps/MapGenerator.MapGenerator:PersistentLevel.MapGenerator'
[2018.09.18-00.20.28:400][648]LogPlayLevel: PlayLevel: No blueprints needed recompiling
[2018.09.18-00.20.28:400][648]PIE: New page: PIE session: MapGenerator (Sep 17, 2018, 4:20:28 PM)
[2018.09.18-00.20.28:400][648]LogPlayLevel: Creating play world package: /Game/TopDownBP/Maps/UEDPIE_0_MapGenerator
[2018.09.18-00.20.28:401][648]LogPlayLevel: PIE: StaticDuplicateObject took: (0.001131s)
[2018.09.18-00.20.28:401][648]LogAIModule: Creating AISystem for world MapGenerator
[2018.09.18-00.20.28:402][648]LogPlayLevel: PIE: World Init took: (0.000493s)
[2018.09.18-00.20.28:402][648]LogPlayLevel: PIE: Created PIE world by copying editor world from /Game/TopDownBP/Maps/MapGenerator.MapGenerator to /Game/TopDownBP/Maps/UEDPIE_0_MapGenerator.MapGenerator (0.001708s)
[2018.09.18-00.20.28:429][648]LogInit: XAudio2 using 'Speakers/Headphones (Realtek(R) Audio)' : 6 channels at 48 kHz using 32 bits per sample (channel mask 0x3f)
[2018.09.18-00.20.28:471][648]LogInit: FAudioDevice initialized.
[2018.09.18-00.20.28:477][648]LogSlate: Updating window title bar state: overlay mode, drag disabled, window buttons hidden, title bar hidden
[2018.09.18-00.20.28:511][648]LogLoad: Game class is 'GameMode'
[2018.09.18-00.20.28:512][648]LogWorld: Bringing World /Game/TopDownBP/Maps/UEDPIE_0_MapGenerator.MapGenerator up for play (max tick rate 60) at 2018.09.17-20.20.28
[2018.09.18-00.20.28:512][648]LogWorld: Bringing up level for play took: 0.000349
[2018.09.18-00.20.28:524][648]LogGameMode: Display: Match State Changed from EnteringMap to WaitingToStart
[2018.09.18-00.20.28:524][648]LogGameState: Match State Changed from EnteringMap to WaitingToStart
[2018.09.18-00.20.28:524][648]LogGameMode: Display: Match State Changed from WaitingToStart to InProgress
[2018.09.18-00.20.28:525][648]LogBlueprintUserMessages: [MapGenerator1_2] Branch
[2018.09.18-00.20.28:525][648]LogBlueprintUserMessages: [MapGenerator1_2] Branch
[2018.09.18-00.20.28:527][648]LogBlueprintUserMessages: [MapGenerator1_2] Branch
[2018.09.18-00.20.28:527][648]LogBlueprintUserMessages: [MapGenerator1_2] Branch
[2018.09.18-00.20.28:528][648]LogBlueprintUserMessages: [MapGenerator1_2] Branch
[2018.09.18-00.20.28:530][648]LogGameState: Match State Changed from WaitingToStart to InProgress
[2018.09.18-00.20.28:533][648]PIE: Play in editor start time for /Game/TopDownBP/Maps/UEDPIE_0_MapGenerator -0.525
[2018.09.18-00.20.28:533][648]LogBlueprintUserMessages: Late PlayInEditor Detection: Level '/Game/TopDownBP/Maps/MapGenerator.MapGenerator:PersistentLevel' has LevelScriptBlueprint '/Game/TopDownBP/Maps/MapGenerator.MapGenerator:PersistentLevel.MapGenerator' with GeneratedClass '/Game/TopDownBP/Maps/MapGenerator.MapGenerator_C' with ClassGeneratedBy '/Game/TopDownBP/Maps/MapGenerator.MapGenerator:PersistentLevel.MapGenerator'
[2018.09.18-00.20.29:743][704]LogGameMode: Display: Match State Changed from InProgress to LeavingMap
[2018.09.18-00.20.29:743][704]LogGameState: Match State Changed from InProgress to LeavingMap
[2018.09.18-00.20.29:743][704]LogNet: Browse: /Game/TopDownBP/Maps/MapGenerator
[2018.09.18-00.20.29:744][704]LogLoad: LoadMap: /Game/TopDownBP/Maps/MapGenerator
[2018.09.18-00.20.29:771][704]LogPlayLevel: Creating play world package: /Game/TopDownBP/Maps/UEDPIE_0_MapGenerator
[2018.09.18-00.20.29:772][704]LogPlayLevel: PIE: StaticDuplicateObject took: (0.001057s)
[2018.09.18-00.20.29:772][704]LogAIModule: Creating AISystem for world MapGenerator
[2018.09.18-00.20.29:772][704]LogPlayLevel: PIE: World Init took: (0.000452s)
[2018.09.18-00.20.29:772][704]LogPlayLevel: PIE: Created PIE world by copying editor world from /Game/TopDownBP/Maps/MapGenerator.MapGenerator to /Game/TopDownBP/Maps/UEDPIE_0_MapGenerator.MapGenerator (0.001628s)
[2018.09.18-00.20.29:772][704]LogLoad: Game class is 'GameMode'
[2018.09.18-00.20.29:773][704]LogWorld: Bringing World /Game/TopDownBP/Maps/UEDPIE_0_MapGenerator.MapGenerator up for play (max tick rate 60) at 2018.09.17-20.20.29
[2018.09.18-00.20.29:773][704]LogWorld: Bringing up level for play took: 0.000416
[2018.09.18-00.20.29:774][704]LogGameMode: FindPlayerStart: PATHS NOT DEFINED or NO PLAYERSTART with positive rating
[2018.09.18-00.20.29:774][704]LogGameMode: Display: Match State Changed from EnteringMap to WaitingToStart
[2018.09.18-00.20.29:774][704]LogGameState: Match State Changed from EnteringMap to WaitingToStart
[2018.09.18-00.20.29:774][704]LogGameMode: Display: Match State Changed from WaitingToStart to InProgress
[2018.09.18-00.20.29:775][704]LogBlueprintUserMessages: [MapGenerator1_2] Branch
[2018.09.18-00.20.29:776][704]LogBlueprintUserMessages: [MapGenerator1_2] Branch
[2018.09.18-00.20.29:779][704]LogGameState: Match State Changed from WaitingToStart to InProgress
[2018.09.18-00.20.29:779][704]LogLoad: Took 0.034798 seconds to LoadMap(/Game/TopDownBP/Maps/UEDPIE_0_MapGenerator)
[2018.09.18-00.20.30:589][752]LogGameMode: Display: Match State Changed from InProgress to LeavingMap
[2018.09.18-00.20.30:589][752]LogGameState: Match State Changed from InProgress to LeavingMap
[2018.09.18-00.20.30:589][752]LogNet: Browse: /Game/TopDownBP/Maps/MapGenerator
[2018.09.18-00.20.30:590][752]LogLoad: LoadMap: /Game/TopDownBP/Maps/MapGenerator
[2018.09.18-00.20.30:616][752]LogPlayLevel: Creating play world package: /Game/TopDownBP/Maps/UEDPIE_0_MapGenerator
[2018.09.18-00.20.30:617][752]LogPlayLevel: PIE: StaticDuplicateObject took: (0.001114s)
[2018.09.18-00.20.30:618][752]LogAIModule: Creating AISystem for world MapGenerator
[2018.09.18-00.20.30:618][752]LogPlayLevel: PIE: World Init took: (0.000486s)
[2018.09.18-00.20.30:618][752]LogPlayLevel: PIE: Created PIE world by copying editor world from /Game/TopDownBP/Maps/MapGenerator.MapGenerator to /Game/TopDownBP/Maps/UEDPIE_0_MapGenerator.MapGenerator (0.001719s)
[2018.09.18-00.20.30:618][752]LogLoad: Game class is 'GameMode'
[2018.09.18-00.20.30:619][752]LogWorld: Bringing World /Game/TopDownBP/Maps/UEDPIE_0_MapGenerator.MapGenerator up for play (max tick rate 60) at 2018.09.17-20.20.30
[2018.09.18-00.20.30:619][752]LogWorld: Bringing up level for play took: 0.000417
[2018.09.18-00.20.30:619][752]LogGameMode: FindPlayerStart: PATHS NOT DEFINED or NO PLAYERSTART with positive rating
[2018.09.18-00.20.30:619][752]LogGameMode: Display: Match State Changed from EnteringMap to WaitingToStart
[2018.09.18-00.20.30:619][752]LogGameState: Match State Changed from EnteringMap to WaitingToStart
[2018.09.18-00.20.30:619][752]LogGameMode: Display: Match State Changed from WaitingToStart to InProgress
[2018.09.18-00.20.30:621][752]LogBlueprintUserMessages: [MapGenerator1_2] Branch
[2018.09.18-00.20.30:622][752]LogBlueprintUserMessages: [MapGenerator1_2] Branch
[2018.09.18-00.20.30:623][752]LogGameState: Match State Changed from WaitingToStart to InProgress
[2018.09.18-00.20.30:623][752]LogLoad: Took 0.032915 seconds to LoadMap(/Game/TopDownBP/Maps/UEDPIE_0_MapGenerator)
[2018.09.18-00.20.36:182][ 85]LogGameMode: Display: Match State Changed from InProgress to LeavingMap
[2018.09.18-00.20.36:182][ 85]LogGameState: Match State Changed from InProgress to LeavingMap
[2018.09.18-00.20.36:182][ 85]LogNet: Browse: /Game/TopDownBP/Maps/MapGenerator
[2018.09.18-00.20.36:183][ 85]LogLoad: LoadMap: /Game/TopDownBP/Maps/MapGenerator
[2018.09.18-00.20.36:210][ 85]LogPlayLevel: Creating play world package: /Game/TopDownBP/Maps/UEDPIE_0_MapGenerator
[2018.09.18-00.20.36:211][ 85]LogPlayLevel: PIE: StaticDuplicateObject took: (0.001101s)
[2018.09.18-00.20.36:211][ 85]LogAIModule: Creating AISystem for world MapGenerator
[2018.09.18-00.20.36:211][ 85]LogPlayLevel: PIE: World Init took: (0.000456s)
[2018.09.18-00.20.36:211][ 85]LogPlayLevel: PIE: Created PIE world by copying editor world from /Game/TopDownBP/Maps/MapGenerator.MapGenerator to /Game/TopDownBP/Maps/UEDPIE_0_MapGenerator.MapGenerator (0.001675s)
[2018.09.18-00.20.36:211][ 85]LogLoad: Game class is 'GameMode'
[2018.09.18-00.20.36:212][ 85]LogWorld: Bringing World /Game/TopDownBP/Maps/UEDPIE_0_MapGenerator.MapGenerator up for play (max tick rate 60) at 2018.09.17-20.20.36
[2018.09.18-00.20.36:213][ 85]LogWorld: Bringing up level for play took: 0.000320
[2018.09.18-00.20.36:213][ 85]LogGameMode: FindPlayerStart: PATHS NOT DEFINED or NO PLAYERSTART with positive rating
[2018.09.18-00.20.36:213][ 85]LogGameMode: Display: Match State Changed from EnteringMap to WaitingToStart
[2018.09.18-00.20.36:213][ 85]LogGameState: Match State Changed from EnteringMap to WaitingToStart
[2018.09.18-00.20.36:213][ 85]LogGameMode: Display: Match State Changed from WaitingToStart to InProgress
[2018.09.18-00.20.36:214][ 85]LogBlueprintUserMessages: [MapGenerator1_2] Branch
[2018.09.18-00.20.36:217][ 85]LogGameState: Match State Changed from WaitingToStart to InProgress
[2018.09.18-00.20.36:217][ 85]LogLoad: Took 0.033997 seconds to LoadMap(/Game/TopDownBP/Maps/UEDPIE_0_MapGenerator)
[2018.09.18-00.20.38:088][196]LogSlate: Window 'ASH_Game Game Preview Standalone (64-bit/PCD3D_SM5)' being destroyed
[2018.09.18-00.20.38:092][196]LogBlueprintUserMessages: Early EndPlayMap Detection: Level '/Game/TopDownBP/Maps/MapGenerator.MapGenerator:PersistentLevel' has LevelScriptBlueprint '/Game/TopDownBP/Maps/MapGenerator.MapGenerator:PersistentLevel.MapGenerator' with GeneratedClass '/Game/TopDownBP/Maps/MapGenerator.MapGenerator_C' with ClassGeneratedBy '/Game/TopDownBP/Maps/MapGenerator.MapGenerator:PersistentLevel.MapGenerator'
[2018.09.18-00.20.38:121][196]LogPlayLevel: Display: Shutting down PIE online subsystems
[2018.09.18-00.20.38:122][196]LogBlueprintUserMessages: Late EndPlayMap Detection: Level '/Game/TopDownBP/Maps/MapGenerator.MapGenerator:PersistentLevel' has LevelScriptBlueprint '/Game/TopDownBP/Maps/MapGenerator.MapGenerator:PersistentLevel.MapGenerator' with GeneratedClass '/Game/TopDownBP/Maps/MapGenerator.MapGenerator_C' with ClassGeneratedBy '/Game/TopDownBP/Maps/MapGenerator.MapGenerator:PersistentLevel.MapGenerator'
[2018.09.18-00.20.38:187][198]LogPlayLevel: Display: Destroying online subsystem :Context_3
[2018.09.18-00.21.05:768][785]BlueprintLog: New page: Compile MapGenerator
[2018.09.18-00.21.05:957][785]Cmd: OBJ SAVEPACKAGE PACKAGE="/Game/TopDownBP/Blueprints/MapGenerator" FILE="../../../../UnrealProjects/UE4Group/ASH_Game/Content/TopDownBP/Blueprints/MapGenerator.uasset" SILENT=true
[2018.09.18-00.21.06:024][785]LogSavePackage: Moving '../../../../UnrealProjects/UE4Group/ASH_Game/Saved/MapGenerator37363C704197830698A3BFAC9DA9A9F7.tmp' to '../../../../UnrealProjects/UE4Group/ASH_Game/Content/TopDownBP/Blueprints/MapGenerator.uasset'
[2018.09.18-00.21.06:442][800]LogTemp: Repeating last play command: New Editor Window (PIE)
[2018.09.18-00.21.06:463][800]LogBlueprintUserMessages: Early PlayInEditor Detection: Level '/Game/TopDownBP/Maps/MapGenerator.MapGenerator:PersistentLevel' has LevelScriptBlueprint '/Game/TopDownBP/Maps/MapGenerator.MapGenerator:PersistentLevel.MapGenerator' with GeneratedClass '/Game/TopDownBP/Maps/MapGenerator.MapGenerator_C' with ClassGeneratedBy '/Game/TopDownBP/Maps/MapGenerator.MapGenerator:PersistentLevel.MapGenerator'
[2018.09.18-00.21.06:463][800]LogPlayLevel: PlayLevel: No blueprints needed recompiling
[2018.09.18-00.21.06:463][800]PIE: New page: PIE session: MapGenerator (Sep 17, 2018, 4:21:06 PM)
[2018.09.18-00.21.06:463][800]LogPlayLevel: Creating play world package: /Game/TopDownBP/Maps/UEDPIE_0_MapGenerator
[2018.09.18-00.21.06:465][800]LogPlayLevel: PIE: StaticDuplicateObject took: (0.001097s)
[2018.09.18-00.21.06:465][800]LogAIModule: Creating AISystem for world MapGenerator
[2018.09.18-00.21.06:465][800]LogPlayLevel: PIE: World Init took: (0.000500s)
[2018.09.18-00.21.06:465][800]LogPlayLevel: PIE: Created PIE world by copying editor world from /Game/TopDownBP/Maps/MapGenerator.MapGenerator to /Game/TopDownBP/Maps/UEDPIE_0_MapGenerator.MapGenerator (0.001681s)
[2018.09.18-00.21.06:492][800]LogInit: XAudio2 using 'Speakers/Headphones (Realtek(R) Audio)' : 6 channels at 48 kHz using 32 bits per sample (channel mask 0x3f)
[2018.09.18-00.21.06:534][800]LogInit: FAudioDevice initialized.
[2018.09.18-00.21.06:540][800]LogSlate: Updating window title bar state: overlay mode, drag disabled, window buttons hidden, title bar hidden
[2018.09.18-00.21.06:575][800]LogLoad: Game class is 'GameMode'
[2018.09.18-00.21.06:576][800]LogWorld: Bringing World /Game/TopDownBP/Maps/UEDPIE_0_MapGenerator.MapGenerator up for play (max tick rate 60) at 2018.09.17-20.21.06
[2018.09.18-00.21.06:576][800]LogWorld: Bringing up level for play took: 0.000347
[2018.09.18-00.21.06:588][800]LogGameMode: Display: Match State Changed from EnteringMap to WaitingToStart
[2018.09.18-00.21.06:588][800]LogGameState: Match State Changed from EnteringMap to WaitingToStart
[2018.09.18-00.21.06:588][800]LogGameMode: Display: Match State Changed from WaitingToStart to InProgress
[2018.09.18-00.21.06:589][800]LogBlueprintUserMessages: [MapGenerator1_2] Branch
[2018.09.18-00.21.06:590][800]LogBlueprintUserMessages: [MapGenerator1_2] Branch
[2018.09.18-00.21.06:591][800]LogBlueprintUserMessages: [MapGenerator1_2] Branch
[2018.09.18-00.21.06:592][800]LogGameState: Match State Changed from WaitingToStart to InProgress
[2018.09.18-00.21.06:595][800]PIE: Play in editor start time for /Game/TopDownBP/Maps/UEDPIE_0_MapGenerator -0.463
[2018.09.18-00.21.06:595][800]LogBlueprintUserMessages: Late PlayInEditor Detection: Level '/Game/TopDownBP/Maps/MapGenerator.MapGenerator:PersistentLevel' has LevelScriptBlueprint '/Game/TopDownBP/Maps/MapGenerator.MapGenerator:PersistentLevel.MapGenerator' with GeneratedClass '/Game/TopDownBP/Maps/MapGenerator.MapGenerator_C' with ClassGeneratedBy '/Game/TopDownBP/Maps/MapGenerator.MapGenerator:PersistentLevel.MapGenerator'
[2018.09.18-00.21.07:713][853]LogGameMode: Display: Match State Changed from InProgress to LeavingMap
[2018.09.18-00.21.07:713][853]LogGameState: Match State Changed from InProgress to LeavingMap
[2018.09.18-00.21.07:713][853]LogNet: Browse: /Game/TopDownBP/Maps/MapGenerator
[2018.09.18-00.21.07:714][853]LogLoad: LoadMap: /Game/TopDownBP/Maps/MapGenerator
[2018.09.18-00.21.07:741][853]LogPlayLevel: Creating play world package: /Game/TopDownBP/Maps/UEDPIE_0_MapGenerator
[2018.09.18-00.21.07:742][853]LogPlayLevel: PIE: StaticDuplicateObject took: (0.001058s)
[2018.09.18-00.21.07:742][853]LogAIModule: Creating AISystem for world MapGenerator
[2018.09.18-00.21.07:742][853]LogPlayLevel: PIE: World Init took: (0.000448s)
[2018.09.18-00.21.07:742][853]LogPlayLevel: PIE: Created PIE world by copying editor world from /Game/TopDownBP/Maps/MapGenerator.MapGenerator to /Game/TopDownBP/Maps/UEDPIE_0_MapGenerator.MapGenerator (0.001624s)
[2018.09.18-00.21.07:742][853]LogLoad: Game class is 'GameMode'
[2018.09.18-00.21.07:743][853]LogWorld: Bringing World /Game/TopDownBP/Maps/UEDPIE_0_MapGenerator.MapGenerator up for play (max tick rate 60) at 2018.09.17-20.21.07
[2018.09.18-00.21.07:743][853]LogWorld: Bringing up level for play took: 0.000333
[2018.09.18-00.21.07:744][853]LogGameMode: FindPlayerStart: PATHS NOT DEFINED or NO PLAYERSTART with positive rating
[2018.09.18-00.21.07:744][853]LogGameMode: Display: Match State Changed from EnteringMap to WaitingToStart
[2018.09.18-00.21.07:744][853]LogGameState: Match State Changed from EnteringMap to WaitingToStart
[2018.09.18-00.21.07:744][853]LogGameMode: Display: Match State Changed from WaitingToStart to InProgress
[2018.09.18-00.21.07:748][853]LogGameState: Match State Changed from WaitingToStart to InProgress
[2018.09.18-00.21.07:748][853]LogLoad: Took 0.033845 seconds to LoadMap(/Game/TopDownBP/Maps/UEDPIE_0_MapGenerator)
[2018.09.18-00.21.08:307][886]LogGameMode: Display: Match State Changed from InProgress to LeavingMap
[2018.09.18-00.21.08:307][886]LogGameState: Match State Changed from InProgress to LeavingMap
[2018.09.18-00.21.08:307][886]LogNet: Browse: /Game/TopDownBP/Maps/MapGenerator
[2018.09.18-00.21.08:308][886]LogLoad: LoadMap: /Game/TopDownBP/Maps/MapGenerator
[2018.09.18-00.21.08:334][886]LogPlayLevel: Creating play world package: /Game/TopDownBP/Maps/UEDPIE_0_MapGenerator
[2018.09.18-00.21.08:336][886]LogPlayLevel: PIE: StaticDuplicateObject took: (0.001186s)
[2018.09.18-00.21.08:336][886]LogAIModule: Creating AISystem for world MapGenerator
[2018.09.18-00.21.08:336][886]LogPlayLevel: PIE: World Init took: (0.000470s)
[2018.09.18-00.21.08:336][886]LogPlayLevel: PIE: Created PIE world by copying editor world from /Game/TopDownBP/Maps/MapGenerator.MapGenerator to /Game/TopDownBP/Maps/UEDPIE_0_MapGenerator.MapGenerator (0.001780s)
[2018.09.18-00.21.08:336][886]LogLoad: Game class is 'GameMode'
[2018.09.18-00.21.08:337][886]LogWorld: Bringing World /Game/TopDownBP/Maps/UEDPIE_0_MapGenerator.MapGenerator up for play (max tick rate 60) at 2018.09.17-20.21.08
[2018.09.18-00.21.08:337][886]LogWorld: Bringing up level for play took: 0.000321
[2018.09.18-00.21.08:337][886]LogGameMode: FindPlayerStart: PATHS NOT DEFINED or NO PLAYERSTART with positive rating
[2018.09.18-00.21.08:338][886]LogGameMode: Display: Match State Changed from EnteringMap to WaitingToStart
[2018.09.18-00.21.08:338][886]LogGameState: Match State Changed from EnteringMap to WaitingToStart
[2018.09.18-00.21.08:338][886]LogGameMode: Display: Match State Changed from WaitingToStart to InProgress
[2018.09.18-00.21.08:338][886]LogBlueprintUserMessages: [MapGenerator1_2] Branch
[2018.09.18-00.21.08:339][886]LogBlueprintUserMessages: [MapGenerator1_2] Branch
[2018.09.18-00.21.08:340][886]LogBlueprintUserMessages: [MapGenerator1_2] Branch
[2018.09.18-00.21.08:342][886]LogGameState: Match State Changed from WaitingToStart to InProgress
[2018.09.18-00.21.08:342][886]LogLoad: Took 0.034515 seconds to LoadMap(/Game/TopDownBP/Maps/UEDPIE_0_MapGenerator)
[2018.09.18-00.21.10:383][  8]LogGameMode: Display: Match State Changed from InProgress to LeavingMap
[2018.09.18-00.21.10:383][  8]LogGameState: Match State Changed from InProgress to LeavingMap
[2018.09.18-00.21.10:383][  8]LogNet: Browse: /Game/TopDownBP/Maps/MapGenerator
[2018.09.18-00.21.10:383][  8]LogLoad: LoadMap: /Game/TopDownBP/Maps/MapGenerator
[2018.09.18-00.21.10:410][  8]LogPlayLevel: Creating play world package: /Game/TopDownBP/Maps/UEDPIE_0_MapGenerator
[2018.09.18-00.21.10:411][  8]LogPlayLevel: PIE: StaticDuplicateObject took: (0.001079s)
[2018.09.18-00.21.10:412][  8]LogAIModule: Creating AISystem for world MapGenerator
[2018.09.18-00.21.10:412][  8]LogPlayLevel: PIE: World Init took: (0.000465s)
[2018.09.18-00.21.10:412][  8]LogPlayLevel: PIE: Created PIE world by copying editor world from /Game/TopDownBP/Maps/MapGenerator.MapGenerator to /Game/TopDownBP/Maps/UEDPIE_0_MapGenerator.MapGenerator (0.001662s)
[2018.09.18-00.21.10:412][  8]LogLoad: Game class is 'GameMode'
[2018.09.18-00.21.10:413][  8]LogWorld: Bringing World /Game/TopDownBP/Maps/UEDPIE_0_MapGenerator.MapGenerator up for play (max tick rate 60) at 2018.09.17-20.21.10
[2018.09.18-00.21.10:413][  8]LogWorld: Bringing up level for play took: 0.000374
[2018.09.18-00.21.10:413][  8]LogGameMode: FindPlayerStart: PATHS NOT DEFINED or NO PLAYERSTART with positive rating
[2018.09.18-00.21.10:414][  8]LogGameMode: Display: Match State Changed from EnteringMap to WaitingToStart
[2018.09.18-00.21.10:414][  8]LogGameState: Match State Changed from EnteringMap to WaitingToStart
[2018.09.18-00.21.10:414][  8]LogGameMode: Display: Match State Changed from WaitingToStart to InProgress
[2018.09.18-00.21.10:414][  8]LogBlueprintUserMessages: [MapGenerator1_2] Branch
[2018.09.18-00.21.10:415][  8]LogBlueprintUserMessages: [MapGenerator1_2] Branch
[2018.09.18-00.21.10:415][  8]LogBlueprintUserMessages: [MapGenerator1_2] Branch
[2018.09.18-00.21.10:418][  8]LogGameState: Match State Changed from WaitingToStart to InProgress
[2018.09.18-00.21.10:418][  8]LogLoad: Took 0.034271 seconds to LoadMap(/Game/TopDownBP/Maps/UEDPIE_0_MapGenerator)
[2018.09.18-00.21.16:109][349]LogSlate: FSceneViewport::OnFocusLost() reason 0
[2018.09.18-00.21.16:209][355]LogGameMode: Display: Match State Changed from InProgress to LeavingMap
[2018.09.18-00.21.16:209][355]LogGameState: Match State Changed from InProgress to LeavingMap
[2018.09.18-00.21.16:209][355]LogNet: Browse: /Game/TopDownBP/Maps/MapGenerator
[2018.09.18-00.21.16:210][355]LogLoad: LoadMap: /Game/TopDownBP/Maps/MapGenerator
[2018.09.18-00.21.16:233][355]LogPlayLevel: Creating play world package: /Game/TopDownBP/Maps/UEDPIE_0_MapGenerator
[2018.09.18-00.21.16:234][355]LogPlayLevel: PIE: StaticDuplicateObject took: (0.001066s)
[2018.09.18-00.21.16:235][355]LogAIModule: Creating AISystem for world MapGenerator
[2018.09.18-00.21.16:235][355]LogPlayLevel: PIE: World Init took: (0.000459s)
[2018.09.18-00.21.16:235][355]LogPlayLevel: PIE: Created PIE world by copying editor world from /Game/TopDownBP/Maps/MapGenerator.MapGenerator to /Game/TopDownBP/Maps/UEDPIE_0_MapGenerator.MapGenerator (0.001644s)
[2018.09.18-00.21.16:235][355]LogLoad: Game class is 'GameMode'
[2018.09.18-00.21.16:236][355]LogWorld: Bringing World /Game/TopDownBP/Maps/UEDPIE_0_MapGenerator.MapGenerator up for play (max tick rate 60) at 2018.09.17-20.21.16
[2018.09.18-00.21.16:236][355]LogWorld: Bringing up level for play took: 0.000317
[2018.09.18-00.21.16:236][355]LogGameMode: FindPlayerStart: PATHS NOT DEFINED or NO PLAYERSTART with positive rating
[2018.09.18-00.21.16:236][355]LogGameMode: Display: Match State Changed from EnteringMap to WaitingToStart
[2018.09.18-00.21.16:236][355]LogGameState: Match State Changed from EnteringMap to WaitingToStart
[2018.09.18-00.21.16:236][355]LogGameMode: Display: Match State Changed from WaitingToStart to InProgress
[2018.09.18-00.21.16:237][355]LogBlueprintUserMessages: [MapGenerator1_2] Branch
[2018.09.18-00.21.16:241][355]LogGameState: Match State Changed from WaitingToStart to InProgress
[2018.09.18-00.21.16:241][355]LogLoad: Took 0.030890 seconds to LoadMap(/Game/TopDownBP/Maps/UEDPIE_0_MapGenerator)
[2018.09.18-00.21.17:954][457]LogSlate: Window 'ASH_Game Game Preview Standalone (64-bit/PCD3D_SM5)' being destroyed
[2018.09.18-00.21.17:959][457]LogBlueprintUserMessages: Early EndPlayMap Detection: Level '/Game/TopDownBP/Maps/MapGenerator.MapGenerator:PersistentLevel' has LevelScriptBlueprint '/Game/TopDownBP/Maps/MapGenerator.MapGenerator:PersistentLevel.MapGenerator' with GeneratedClass '/Game/TopDownBP/Maps/MapGenerator.MapGenerator_C' with ClassGeneratedBy '/Game/TopDownBP/Maps/MapGenerator.MapGenerator:PersistentLevel.MapGenerator'
[2018.09.18-00.21.17:988][457]LogPlayLevel: Display: Shutting down PIE online subsystems
[2018.09.18-00.21.17:989][457]LogBlueprintUserMessages: Late EndPlayMap Detection: Level '/Game/TopDownBP/Maps/MapGenerator.MapGenerator:PersistentLevel' has LevelScriptBlueprint '/Game/TopDownBP/Maps/MapGenerator.MapGenerator:PersistentLevel.MapGenerator' with GeneratedClass '/Game/TopDownBP/Maps/MapGenerator.MapGenerator_C' with ClassGeneratedBy '/Game/TopDownBP/Maps/MapGenerator.MapGenerator:PersistentLevel.MapGenerator'
[2018.09.18-00.21.18:062][458]LogPlayLevel: Display: Destroying online subsystem :Context_4
[2018.09.18-00.21.27:605][ 27]LogEditorTransaction: Undo Create Pin Link
[2018.09.18-00.21.27:835][ 30]LogEditorTransaction: Undo Move Node
[2018.09.18-00.21.28:053][ 32]LogEditorTransaction: Undo Add Node
[2018.09.18-00.21.28:310][ 37]LogEditorTransaction: Undo Move Node
[2018.09.18-00.21.28:586][ 43]LogEditorTransaction: Undo Create Pin Link
[2018.09.18-00.21.28:841][ 58]LogEditorTransaction: Undo Edit Total Spawn Count
[2018.09.18-00.21.29:092][ 63]LogEditorTransaction: Undo Break Pin Links
[2018.09.18-00.21.37:914][270]BlueprintLog: New page: Compile MapGenerator
[2018.09.18-00.21.38:146][270]Cmd: OBJ SAVEPACKAGE PACKAGE="/Game/TopDownBP/Blueprints/MapGenerator" FILE="../../../../UnrealProjects/UE4Group/ASH_Game/Content/TopDownBP/Blueprints/MapGenerator.uasset" SILENT=true
[2018.09.18-00.21.38:214][270]LogSavePackage: Moving '../../../../UnrealProjects/UE4Group/ASH_Game/Saved/MapGenerator6481EFAD40E85D35C66349972C116C51.tmp' to '../../../../UnrealProjects/UE4Group/ASH_Game/Content/TopDownBP/Blueprints/MapGenerator.uasset'
[2018.09.18-00.21.38:830][297]LogTemp: Repeating last play command: New Editor Window (PIE)
[2018.09.18-00.21.38:852][297]LogBlueprintUserMessages: Early PlayInEditor Detection: Level '/Game/TopDownBP/Maps/MapGenerator.MapGenerator:PersistentLevel' has LevelScriptBlueprint '/Game/TopDownBP/Maps/MapGenerator.MapGenerator:PersistentLevel.MapGenerator' with GeneratedClass '/Game/TopDownBP/Maps/MapGenerator.MapGenerator_C' with ClassGeneratedBy '/Game/TopDownBP/Maps/MapGenerator.MapGenerator:PersistentLevel.MapGenerator'
[2018.09.18-00.21.38:853][297]LogPlayLevel: PlayLevel: No blueprints needed recompiling
[2018.09.18-00.21.38:853][297]PIE: New page: PIE session: MapGenerator (Sep 17, 2018, 4:21:38 PM)
[2018.09.18-00.21.38:853][297]LogPlayLevel: Creating play world package: /Game/TopDownBP/Maps/UEDPIE_0_MapGenerator
[2018.09.18-00.21.38:854][297]LogPlayLevel: PIE: StaticDuplicateObject took: (0.001092s)
[2018.09.18-00.21.38:854][297]LogAIModule: Creating AISystem for world MapGenerator
[2018.09.18-00.21.38:854][297]LogPlayLevel: PIE: World Init took: (0.000486s)
[2018.09.18-00.21.38:854][297]LogPlayLevel: PIE: Created PIE world by copying editor world from /Game/TopDownBP/Maps/MapGenerator.MapGenerator to /Game/TopDownBP/Maps/UEDPIE_0_MapGenerator.MapGenerator (0.001662s)
[2018.09.18-00.21.38:881][297]LogInit: XAudio2 using 'Speakers/Headphones (Realtek(R) Audio)' : 6 channels at 48 kHz using 32 bits per sample (channel mask 0x3f)
[2018.09.18-00.21.38:923][297]LogInit: FAudioDevice initialized.
[2018.09.18-00.21.38:929][297]LogSlate: Updating window title bar state: overlay mode, drag disabled, window buttons hidden, title bar hidden
[2018.09.18-00.21.38:964][297]LogLoad: Game class is 'GameMode'
[2018.09.18-00.21.38:965][297]LogWorld: Bringing World /Game/TopDownBP/Maps/UEDPIE_0_MapGenerator.MapGenerator up for play (max tick rate 60) at 2018.09.17-20.21.38
[2018.09.18-00.21.38:965][297]LogWorld: Bringing up level for play took: 0.000336
[2018.09.18-00.21.38:977][297]LogGameMode: Display: Match State Changed from EnteringMap to WaitingToStart
[2018.09.18-00.21.38:977][297]LogGameState: Match State Changed from EnteringMap to WaitingToStart
[2018.09.18-00.21.38:977][297]LogGameMode: Display: Match State Changed from WaitingToStart to InProgress
[2018.09.18-00.21.38:978][297]LogBlueprintUserMessages: [MapGenerator1_2] Branch
[2018.09.18-00.21.38:979][297]LogBlueprintUserMessages: [MapGenerator1_2] Branch
