Log file open, 09/17/18 19:41:05
LogWindows: Failed to load 'aqProf.dll' (GetLastError=126)
LogWindows: File 'aqProf.dll' does not exist
LogWindows: Failed to load 'VSPerf140.dll' (GetLastError=126)
LogWindows: File 'VSPerf140.dll' does not exist
LogWindows: Failed to load 'VtuneApi.dll' (GetLastError=126)
LogWindows: File 'VtuneApi.dll' does not exist
LogWindows: Failed to load 'VtuneApi32e.dll' (GetLastError=126)
LogWindows: File 'VtuneApi32e.dll' does not exist
LogInit: Display: Running engine for game: ASH_Game
LogPlatformFile: Not using cached read wrapper
LogTaskGraph: Started task graph with 5 named threads and 35 total threads with 3 sets of task threads.
LogStats: Stats thread started at 0.394692
LogD3D11RHI: Loaded GFSDK_Aftermath_Lib.x64.dll
LogICUInternationalization: Display: ICU TimeZone Detection - Raw Offset: -5:00, Platform Override: ''
LogPluginManager: Mounting plugin Paper2D
LogPluginManager: Mounting plugin AISupport
LogPluginManager: Mounting plugin LightPropagationVolume
LogPluginManager: Mounting plugin CLionSourceCodeAccess
LogPluginManager: Mounting plugin CodeLiteSourceCodeAccess
LogPluginManager: Mounting plugin GitSourceControl
LogPluginManager: Mounting plugin KDevelopSourceCodeAccess
LogPluginManager: Mounting plugin NullSourceCodeAccess
LogPluginManager: Mounting plugin PerforceSourceControl
LogPluginManager: Mounting plugin SubversionSourceControl
LogPluginManager: Mounting plugin UObjectPlugin
LogPluginManager: Mounting plugin VisualStudioCodeSourceCodeAccess
LogPluginManager: Mounting plugin VisualStudioSourceCodeAccess
LogPluginManager: Mounting plugin XCodeSourceCodeAccess
LogPluginManager: Mounting plugin AssetManagerEditor
LogPluginManager: Mounting plugin CryptoKeys
LogPluginManager: Mounting plugin DataValidation
LogPluginManager: Mounting plugin FacialAnimation
LogPluginManager: Mounting plugin GameplayTagsEditor
LogPluginManager: Mounting plugin MacGraphicsSwitching
LogPluginManager: Mounting plugin MeshEditor
LogPluginManager: Mounting plugin MobileLauncherProfileWizard
LogPluginManager: Mounting plugin PluginBrowser
LogPluginManager: Mounting plugin SpeedTreeImporter
LogPluginManager: Mounting plugin DatasmithContent
LogPluginManager: Mounting plugin AlembicImporter
LogPluginManager: Mounting plugin AppleImageUtils
LogPluginManager: Mounting plugin AppleVision
LogPluginManager: Mounting plugin BackChannel
LogPluginManager: Mounting plugin CharacterAI
LogPluginManager: Mounting plugin GeometryCache
LogPluginManager: Mounting plugin HTML5Networking
LogPluginManager: Mounting plugin ProxyLODPlugin
LogPluginManager: Mounting plugin MagicLeap
LogPluginManager: Mounting plugin MagicLeapEmulator
LogPluginManager: Mounting plugin MagicLeapMedia
LogPluginManager: Mounting plugin AndroidMedia
LogPluginManager: Mounting plugin AvfMedia
LogPluginManager: Mounting plugin ImgMedia
LogPluginManager: Mounting plugin LinearTimecode
LogPluginManager: Mounting plugin MediaCompositing
LogPluginManager: Mounting plugin MediaPlayerEditor
LogPluginManager: Mounting plugin WmfMedia
LogPluginManager: Mounting plugin TcpMessaging
LogPluginManager: Mounting plugin UdpMessaging
LogPluginManager: Mounting plugin ActorSequence
LogPluginManager: Mounting plugin LevelSequenceEditor
LogPluginManager: Mounting plugin MatineeToLevelSequence
LogPluginManager: Mounting plugin NetcodeUnitTest
LogPluginManager: Mounting plugin NUTUnrealEngine4
LogPluginManager: Mounting plugin OnlineSubsystemGooglePlay
LogPluginManager: Mounting plugin OnlineSubsystemIOS
LogPluginManager: Mounting plugin OnlineSubsystem
LogPluginManager: Mounting plugin OnlineSubsystemNull
LogPluginManager: Mounting plugin OnlineSubsystemUtils
LogPluginManager: Mounting plugin LauncherChunkInstaller
LogPluginManager: Mounting plugin AndroidDeviceProfileSelector
LogPluginManager: Mounting plugin AndroidMoviePlayer
LogPluginManager: Mounting plugin AndroidPermission
LogPluginManager: Mounting plugin AppleMoviePlayer
LogPluginManager: Mounting plugin ArchVisCharacter
LogPluginManager: Mounting plugin AudioCapture
LogPluginManager: Mounting plugin CableComponent
LogPluginManager: Mounting plugin CustomMeshComponent
LogPluginManager: Mounting plugin EditableMesh
LogPluginManager: Mounting plugin ExampleDeviceProfileSelector
LogPluginManager: Mounting plugin GoogleCloudMessaging
LogPluginManager: Mounting plugin ImmediatePhysics
LogPluginManager: Mounting plugin IOSDeviceProfileSelector
LogPluginManager: Mounting plugin LinuxDeviceProfileSelector
LogPluginManager: Mounting plugin LocationServicesBPLibrary
LogPluginManager: Mounting plugin MobilePatchingUtils
LogPluginManager: Mounting plugin OculusVR
LogPluginManager: Plugin shader directory ../../../Engine/Plugins/Runtime/Oculus/OculusVR/Shaders found
LogPluginManager: Mapping shader source directory ../../../Engine/Plugins/Runtime/Oculus/OculusVR/Shaders to virtual directory /Plugin/OculusVR
LogPluginManager: Mounting plugin PhysXVehicles
LogPluginManager: Mounting plugin ProceduralMeshComponent
LogPluginManager: Mounting plugin RuntimePhysXCooking
LogPluginManager: Mounting plugin SteamVR
LogPluginManager: Mounting plugin WindowsMoviePlayer
LogStreaming: Display: Took  0.051s to configure plugins.
LogInit: Using libcurl 7.55.1-DEV
LogInit:  - built for x86_64-pc-win32
LogInit:  - supports SSL with OpenSSL/1.0.2h
LogInit:  - supports HTTP deflate (compression) using libz 1.2.8
LogInit:  - other features:
LogInit:      CURL_VERSION_SSL
LogInit:      CURL_VERSION_LIBZ
LogInit:      CURL_VERSION_IPV6
LogInit:      CURL_VERSION_ASYNCHDNS
LogInit:      CURL_VERSION_LARGEFILE
LogInit:      CURL_VERSION_IDN
LogInit:  CurlRequestOptions (configurable via config and command line):
LogInit:  - bVerifyPeer = false  - Libcurl will NOT verify peer certificate
LogInit:  - bUseHttpProxy = false  - Libcurl will NOT use HTTP proxy
LogInit:  - bDontReuseConnections = false  - Libcurl will reuse connections
LogInit:  - CertBundlePath = nullptr  - Libcurl will use whatever was configured at build time.
LogInit:  - MaxHostConnections = 16  - Libcurl will limit the number of connections to a host
LogInit:  - LocalHostAddr = Default
LogInit:  - BufferSize = 65536
LogInit: WinSock: version 1.1 (2.2), MaxSocks=32767, MaxUdp=65467
LogInit: Build: ++UE4+Release-4.20-CL-4302132
LogInit: Engine Version: 4.20.2-4302132+++UE4+Release-4.20
LogInit: Compatible Engine Version: 4.20.0-4212847+++UE4+Release-4.20
LogInit: Net CL: 4212847
LogInit: OS: Windows 10 (), CPU: Intel(R) Core(TM) i7-8750H CPU @ 2.20GHz, GPU: NVIDIA GeForce GTX 1060
LogInit: Compiled (64-bit): Aug 21 2018 02:06:06
LogInit: Compiled with Visual C++: 19.13.26129.00
LogInit: Build Configuration: Development
LogInit: Branch Name: ++UE4+Release-4.20
LogInit: Command Line: 
LogInit: Base Directory: D:/UE_4.20/Engine/Binaries/Win64/
LogInit: Installed Engine Build: 1
LogDevObjectVersion: Number of dev versions registered: 20
LogDevObjectVersion:   Dev-Blueprints (B0D832E4-1F89-4F0D-ACCF-7EB736FD4AA2): 10
LogDevObjectVersion:   Dev-Build (E1C64328-A22C-4D53-A36C-8E866417BD8C): 0
LogDevObjectVersion:   Dev-Core (375EC13C-06E4-48FB-B500-84F0262A717E): 2
LogDevObjectVersion:   Dev-Editor (E4B068ED-F494-42E9-A231-DA0B2E46BB41): 24
LogDevObjectVersion:   Dev-Framework (CFFC743F-43B0-4480-9391-14DF171D2073): 34
LogDevObjectVersion:   Dev-Mobile (B02B49B5-BB20-44E9-A304-32B752E40360): 2
LogDevObjectVersion:   Dev-Networking (A4E4105C-59A1-49B5-A7C5-40C4547EDFEE): 0
LogDevObjectVersion:   Dev-Online (39C831C9-5AE6-47DC-9A44-9C173E1C8E7C): 0
LogDevObjectVersion:   Dev-Physics (78F01B33-EBEA-4F98-B9B4-84EACCB95AA2): 0
LogDevObjectVersion:   Dev-Platform (6631380F-2D4D-43E0-8009-CF276956A95A): 0
LogDevObjectVersion:   Dev-Rendering (12F88B9F-8875-4AFC-A67C-D90C383ABD29): 26
LogDevObjectVersion:   Dev-Sequencer (7B5AE74C-D270-4C10-A958-57980B212A5A): 9
LogDevObjectVersion:   Dev-VR (D7296918-1DD6-4BDD-9DE2-64A83CC13884): 2
LogDevObjectVersion:   Dev-LoadTimes (C2A15278-BFE7-4AFE-6C17-90FF531DF755): 1
LogDevObjectVersion:   Private-Geometry (6EACA3D4-40EC-4CC1-B786-8BED09428FC5): 3
LogDevObjectVersion:   Dev-AnimPhys (29E575DD-E0A3-4627-9D10-D276232CDCEA): 17
LogDevObjectVersion:   Dev-ReflectionCapture (6B266CEC-1EC7-4B8F-A30B-E4D90942FC07): 1
LogDevObjectVersion:   Dev-Automation (0DF73D61-A23F-47EA-B727-89E90C41499A): 1
LogDevObjectVersion:   FortniteMain (601D1886-AC64-4F84-AA16-D3DE0DEAC7D6): 12
LogDevObjectVersion:   Dev-Enterprise (9DFFBCD6-494F-0158-E221-12823C92A888): 1
LogStreaming: Display: Took  0.001s to delete old logs.
LogInit: Presizing for max 8388607 objects, including 0 objects not considered by GC, pre-allocating 0 bytes for permanent pool.
LogInit: Object subsystem initialized
[2018.09.17-23.41.05:760][  0]LogInit: Selected Device Profile: [Windows]
[2018.09.17-23.41.05:760][  0]LogInit: Applying CVar settings loaded from the selected device profile: [Windows]
[2018.09.17-23.41.05:767][  0]LogHAL: Display: Platform has ~ 16 GB [17028878336 / 17179869184 / 16], which maps to Larger [LargestMinGB=32, LargerMinGB=12, DefaultMinGB=8, SmallerMinGB=6, SmallestMinGB=0)
[2018.09.17-23.41.05:767][  0]LogInit: Setting Device Profile CVar: [[r.Vulkan.UseRealUBs:1]]
[2018.09.17-23.41.05:767][  0]LogInit: Going up to parent DeviceProfile []
[2018.09.17-23.41.05:767][  0]LogInit: Computer: DESKTOP-EQNU1S5
[2018.09.17-23.41.05:767][  0]LogInit: User: XENO
[2018.09.17-23.41.05:767][  0]LogInit: CPU Page size=4096, Cores=6
[2018.09.17-23.41.05:767][  0]LogInit: High frequency timer resolution =2.156252 MHz
[2018.09.17-23.41.05:768][  0]LogMemory: Memory total: Physical=15.9GB (16GB approx)
[2018.09.17-23.41.05:768][  0]LogMemory: Platform Memory Stats for Windows
[2018.09.17-23.41.05:768][  0]LogMemory: Process Physical Memory: 101.58 MB used, 101.58 MB peak
[2018.09.17-23.41.05:768][  0]LogMemory: Process Virtual Memory: 85.92 MB used, 85.92 MB peak
[2018.09.17-23.41.05:768][  0]LogMemory: Physical Memory: 4702.04 MB used,  11537.97 MB free, 16240.00 MB total
[2018.09.17-23.41.05:768][  0]LogMemory: Virtual Memory: 4657.24 MB used,  11537.97 MB free, 134217728.00 MB total
[2018.09.17-23.41.06:061][  0]LogInit: Using OS detected language (en-US).
[2018.09.17-23.41.06:061][  0]LogInit: Using OS detected locale (en-CA).
[2018.09.17-23.41.06:061][  0]LogTextLocalizationManager: No specific localization for 'en-US' exists, so the 'en' localization will be used.
[2018.09.17-23.41.06:365][  0]LogStreaming: Display: Took  0.304s to InitEngineTextLocalization.
[2018.09.17-23.41.06:365][  0]LogInit: Setting process to per monitor DPI aware
[2018.09.17-23.41.06:386][  0]LogSlate: New Slate User Created.  User Index 0, Is Virtual User: 0
[2018.09.17-23.41.06:386][  0]LogSlate: Slate User Registered.  User Index 0, Is Virtual User: 0
[2018.09.17-23.41.06:528][  0]LogHMD: Failed to initialize OpenVR with code 110
[2018.09.17-23.41.06:528][  0]LogD3D11RHI: D3D11 adapters:
[2018.09.17-23.41.06:568][  0]LogD3D11RHI:    0. 'NVIDIA GeForce GTX 1060' (Feature Level 11_0)
[2018.09.17-23.41.06:568][  0]LogD3D11RHI:       6061/0/8120 MB DedicatedVideo/DedicatedSystem/SharedSystem, Outputs:1, VendorId:0x10de
[2018.09.17-23.41.06:590][  0]LogD3D11RHI:    1. 'Intel(R) UHD Graphics 630' (Feature Level 11_0)
[2018.09.17-23.41.06:590][  0]LogD3D11RHI:       128/0/8120 MB DedicatedVideo/DedicatedSystem/SharedSystem, Outputs:0, VendorId:0x8086
[2018.09.17-23.41.06:592][  0]LogD3D11RHI:    2. 'Microsoft Basic Render Driver' (Feature Level 11_0)
[2018.09.17-23.41.06:592][  0]LogD3D11RHI:       0/0/8120 MB DedicatedVideo/DedicatedSystem/SharedSystem, Outputs:0, VendorId:0x1414
[2018.09.17-23.41.06:592][  0]LogD3D11RHI: Chosen D3D11 Adapter: 0
[2018.09.17-23.41.06:597][  0]LogD3D11RHI: Creating new Direct3DDevice
[2018.09.17-23.41.06:597][  0]LogD3D11RHI:     GPU DeviceId: 0x1c60 (for the marketing name, search the web for "GPU Device Id")
[2018.09.17-23.41.06:597][  0]LogWindows: EnumDisplayDevices:
[2018.09.17-23.41.06:597][  0]LogWindows:    0. 'NVIDIA GeForce GTX 1060' (P:1 D:1)
[2018.09.17-23.41.06:597][  0]LogWindows:    1. 'NVIDIA GeForce GTX 1060' (P:0 D:0)
[2018.09.17-23.41.06:597][  0]LogWindows:    2. 'NVIDIA GeForce GTX 1060' (P:0 D:0)
[2018.09.17-23.41.06:597][  0]LogWindows:    3. 'NVIDIA GeForce GTX 1060' (P:0 D:0)
[2018.09.17-23.41.06:598][  0]LogWindows:    4. 'Intel(R) UHD Graphics 630' (P:0 D:0)
[2018.09.17-23.41.06:598][  0]LogWindows:    5. 'Intel(R) UHD Graphics 630' (P:0 D:0)
[2018.09.17-23.41.06:598][  0]LogWindows:    6. 'Intel(R) UHD Graphics 630' (P:0 D:0)
[2018.09.17-23.41.06:598][  0]LogWindows: DebugString: PrimaryIsNotTheChoosenAdapter PrimaryIsNotTheChoosenAdapter PrimaryIsNotTheChoosenAdapter FoundDriverCount:4 
[2018.09.17-23.41.06:598][  0]LogD3D11RHI:     Adapter Name: NVIDIA GeForce GTX 1060
[2018.09.17-23.41.06:598][  0]LogD3D11RHI:   Driver Version: 389.12 (internal:23.21.13.8912, unified:389.12)
[2018.09.17-23.41.06:598][  0]LogD3D11RHI:      Driver Date: 3-7-2018
[2018.09.17-23.41.06:598][  0]LogRHI: Texture pool is 4242 MB (70% of 6061 MB)
[2018.09.17-23.41.06:627][  0]LogD3D11RHI: Async texture creation enabled
[2018.09.17-23.41.06:637][  0]LogD3D11RHI: GPU Timing Frequency: 1000.000000 (Debug: 2 1)
[2018.09.17-23.41.06:684][  0]LogShaderCompilers: Guid format shader working directory is 0 characters bigger than the processId version (../../../../UnrealProjects/UE4Group/ASH_Game/Intermediate/Shaders/WorkingDirectory/10360/).
[2018.09.17-23.41.06:684][  0]LogShaderCompilers: Cleaned the shader compiler working directory 'C:/Users/XENO/AppData/Local/Temp/UnrealShaderWorkingDir/BAF4E02447C961DAC0C9628070DA575C/'.
[2018.09.17-23.41.06:882][  0]LogTemp: Display: Loaded TP AllDesktopTargetPlatform
[2018.09.17-23.41.06:892][  0]LogTemp: Display: Loaded TP MacClientTargetPlatform
[2018.09.17-23.41.06:902][  0]LogTemp: Display: Loaded TP MacNoEditorTargetPlatform
[2018.09.17-23.41.06:912][  0]LogTemp: Display: Loaded TP MacServerTargetPlatform
[2018.09.17-23.41.06:922][  0]LogTemp: Display: Loaded TP MacTargetPlatform
[2018.09.17-23.41.06:932][  0]LogTemp: Display: Loaded TP WindowsClientTargetPlatform
[2018.09.17-23.41.06:942][  0]LogTemp: Display: Loaded TP WindowsNoEditorTargetPlatform
[2018.09.17-23.41.06:953][  0]LogTemp: Display: Loaded TP WindowsServerTargetPlatform
[2018.09.17-23.41.06:957][  0]LogTemp: Display: Loaded TP WindowsTargetPlatform
[2018.09.17-23.41.07:021][  0]LogTemp: Display: Loaded TP AndroidTargetPlatform
[2018.09.17-23.41.07:021][  0]LogTemp: Display: Loaded TP AndroidTargetPlatform
[2018.09.17-23.41.07:021][  0]LogTemp: Display: Loaded TP AndroidTargetPlatform
[2018.09.17-23.41.07:021][  0]LogTemp: Display: Loaded TP AndroidTargetPlatform
[2018.09.17-23.41.07:021][  0]LogTemp: Display: Loaded TP AndroidTargetPlatform
[2018.09.17-23.41.07:021][  0]LogTemp: Display: Loaded TP AndroidTargetPlatform
[2018.09.17-23.41.07:021][  0]LogTemp: Display: Loaded TP AndroidTargetPlatform
[2018.09.17-23.41.07:021][  0]LogTemp: Display: Loaded TP AndroidTargetPlatform
[2018.09.17-23.41.07:021][  0]LogTemp: Display: Loaded TP AndroidTargetPlatform
[2018.09.17-23.41.07:021][  0]LogTemp: Display: Loaded TP AndroidTargetPlatform
[2018.09.17-23.41.07:021][  0]LogTemp: Display: Loaded TP AndroidTargetPlatform
[2018.09.17-23.41.07:021][  0]LogTemp: Display: Loaded TP AndroidTargetPlatform
[2018.09.17-23.41.07:021][  0]LogTemp: Display: Loaded TP AndroidTargetPlatform
[2018.09.17-23.41.07:021][  0]LogTemp: Display: Loaded TP AndroidTargetPlatform
[2018.09.17-23.41.07:021][  0]LogTemp: Display: Loaded TP AndroidTargetPlatform
[2018.09.17-23.41.07:021][  0]LogTemp: Display: Loaded TP AndroidTargetPlatform
[2018.09.17-23.41.07:021][  0]LogTemp: Display: Loaded TP AndroidTargetPlatform
[2018.09.17-23.41.07:021][  0]LogTemp: Display: Loaded TP AndroidTargetPlatform
[2018.09.17-23.41.07:022][  0]LogTemp: Display: Loaded TP HTML5TargetPlatform
[2018.09.17-23.41.07:076][  0]LogTemp: Display: Loaded TP IOSTargetPlatform
[2018.09.17-23.41.07:076][  0]LogTemp: Display: Loaded TP IOSTargetPlatform
[2018.09.17-23.41.07:095][  0]LogTemp: Display: Loaded TP TVOSTargetPlatform
[2018.09.17-23.41.07:095][  0]LogTemp: Display: Loaded TP TVOSTargetPlatform
[2018.09.17-23.41.07:106][  0]LogTemp: Display: Loaded TP LinuxClientTargetPlatform
[2018.09.17-23.41.07:122][  0]LogTemp: Display: Loaded TP LinuxNoEditorTargetPlatform
[2018.09.17-23.41.07:132][  0]LogTemp: Display: Loaded TP LinuxServerTargetPlatform
[2018.09.17-23.41.07:145][  0]LogTemp: Display: Loaded TP LinuxTargetPlatform
[2018.09.17-23.41.07:151][  0]LogTemp: Display: Loaded TP LuminTargetPlatform
[2018.09.17-23.41.07:151][  0]LogTargetPlatformManager: Display: Building Assets For Windows
[2018.09.17-23.41.07:189][  0]LogXGEController: Cannot use XGE Controller as Incredibuild is not installed on this machine.
[2018.09.17-23.41.07:189][  0]LogShaderCompilers: Cannot use XGE Shader Compiler as Incredibuild is not installed on this machine.
[2018.09.17-23.41.07:189][  0]LogShaderCompilers: Display: Using Local Shader Compiler.
[2018.09.17-23.41.07:747][  0]LogDerivedDataCache: Display: Max Cache Size: 512 MB
[2018.09.17-23.41.07:795][  0]LogDerivedDataCache: Loaded boot cache 0.05s 71MB C:/Users/XENO/AppData/Local/UnrealEngine/4.20/DerivedDataCache/Boot.ddc.
[2018.09.17-23.41.07:796][  0]LogDerivedDataCache: Display: Loaded Boot cache: C:/Users/XENO/AppData/Local/UnrealEngine/4.20/DerivedDataCache/Boot.ddc
[2018.09.17-23.41.07:796][  0]LogDerivedDataCache: FDerivedDataBackendGraph:  Pak pak cache file ../../../../UnrealProjects/UE4Group/ASH_Game/DerivedDataCache/DDC.ddp not found, will not use a pak cache.
[2018.09.17-23.41.07:796][  0]LogDerivedDataCache: Unable to find inner node Pak for hierarchical cache Hierarchy.
[2018.09.17-23.41.07:796][  0]LogDerivedDataCache: FDerivedDataBackendGraph:  CompressedPak pak cache file ../../../../UnrealProjects/UE4Group/ASH_Game/DerivedDataCache/Compressed.ddp not found, will not use a pak cache.
[2018.09.17-23.41.07:796][  0]LogDerivedDataCache: Unable to find inner node CompressedPak for hierarchical cache Hierarchy.
[2018.09.17-23.41.07:806][  0]LogDerivedDataCache: Display: Pak cache opened for reading ../../../Engine/DerivedDataCache/Compressed.ddp.
[2018.09.17-23.41.07:819][  0]LogDerivedDataCache: Using Local data cache path C:/Users/XENO/AppData/Local/UnrealEngine/Common/DerivedDataCache: Writable
[2018.09.17-23.41.07:819][  0]LogDerivedDataCache: Shared data cache path not found in *engine.ini, will not use an Shared cache.
[2018.09.17-23.41.07:819][  0]LogDerivedDataCache: Unable to find inner node Shared for hierarchical cache Hierarchy.
[2018.09.17-23.41.07:834][  0]LogMaterial: Verifying Global Shaders for PCD3D_SM5
[2018.09.17-23.41.07:835][  0]LogSlate: Using FreeType 2.6.0
[2018.09.17-23.41.07:836][  0]LogSlate: SlateFontServices - WITH_FREETYPE: 1, WITH_HARFBUZZ: 1
[2018.09.17-23.41.07:897][  0]LogAssetRegistry: FAssetRegistry took 0.0251 seconds to start up
[2018.09.17-23.41.08:137][  0]LogInit: Selected Device Profile: [Windows]
[2018.09.17-23.41.08:236][  0]LogSimplygon: Simplygon DLL not present - disabling.
[2018.09.17-23.41.08:238][  0]LogMeshReduction: Using SimplygonSwarm for distributed automatic mesh merging
[2018.09.17-23.41.08:238][  0]LogMeshReduction: Using ProxyLODMeshReduction for automatic mesh merging
[2018.09.17-23.41.08:238][  0]LogMeshReduction: Using QuadricMeshReduction for automatic static mesh reduction
[2018.09.17-23.41.08:238][  0]LogMeshReduction: No automatic skeletal mesh reduction module available
[2018.09.17-23.41.08:254][  0]LogNetVersion: ASH_Game 1.0.0, NetCL: 4212847, EngineNetVer: 5, GameNetVer: 0 (Checksum: 1471675654)
[2018.09.17-23.41.08:623][  0]LogPackageLocalizationCache: Processed 11 localized package path(s) for 2 prioritized culture(s) in 0.054448 seconds
[2018.09.17-23.41.08:629][  0]LogUObjectArray: 38425 objects as part of root set at end of initial load.
[2018.09.17-23.41.08:629][  0]LogUObjectAllocator: 6690872 out of 0 bytes used by permanent object pool.
[2018.09.17-23.41.08:629][  0]LogUObjectArray: CloseDisregardForGC: 0/0 objects in disregard for GC pool
[2018.09.17-23.41.09:275][  0]LogTcpMessaging: Initializing TcpMessaging bridge
[2018.09.17-23.41.09:288][  0]LogUdpMessaging: Initializing bridge on interface 0.0.0.0:0 to multicast group 230.0.0.1:6666.
[2018.09.17-23.41.09:408][  0]SourceControl: Source control is disabled
[2018.09.17-23.41.09:408][  0]SourceControl: Source control is disabled
[2018.09.17-23.41.09:409][  0]SourceControl: Source control is disabled
[2018.09.17-23.41.09:410][  0]SourceControl: Source control is disabled
[2018.09.17-23.41.09:547][  0]LogAndroidPermission: UAndroidPermissionCallbackProxy::GetInstance
[2018.09.17-23.41.09:589][  0]LogOcInput: OculusInput pre-init called
[2018.09.17-23.41.09:638][  0]LogEngine: Initializing Engine...
[2018.09.17-23.41.09:638][  0]LogHMD: Failed to initialize OpenVR with code 110
[2018.09.17-23.41.09:639][  0]LogStats: UGameplayTagsManager::ConstructGameplayTagTree: ImportINI prefixes -  0.000 s
[2018.09.17-23.41.09:639][  0]LogStats: UGameplayTagsManager::ConstructGameplayTagTree: Construct from data asset -  0.000 s
[2018.09.17-23.41.09:639][  0]LogStats: UGameplayTagsManager::ConstructGameplayTagTree: ImportINI -  0.000 s
[2018.09.17-23.41.09:639][  0]LogStats: UGameplayTagsManager::ConstructGameplayTagTree: GameplayTagTreeChangedEvent.Broadcast -  0.000 s
[2018.09.17-23.41.09:812][  0]LogInit: Initializing FReadOnlyCVARCache
[2018.09.17-23.41.09:820][  0]LogAIModule: Creating AISystem for world Untitled
[2018.09.17-23.41.09:827][  0]LogInit: XAudio2 using 'Speakers/Headphones (Realtek(R) Audio)' : 6 channels at 48 kHz using 32 bits per sample (channel mask 0x3f)
[2018.09.17-23.41.09:869][  0]LogInit: FAudioDevice initialized.
[2018.09.17-23.41.09:869][  0]LogNetVersion: Set ProjectVersion to 1.0.0.0. Version Checksum will be recalculated on next use.
[2018.09.17-23.41.09:940][  0]LogDerivedDataCache: Saved boot cache 0.07s 71MB C:/Users/XENO/AppData/Local/UnrealEngine/4.20/DerivedDataCache/Boot.ddc.
[2018.09.17-23.41.09:952][  0]LogInit: Texture streaming: Enabled
[2018.09.17-23.41.09:961][  0]LogEngineSessionManager: EngineSessionManager initialized
[2018.09.17-23.41.09:968][  0]LogInit: Transaction tracking system initialized
[2018.09.17-23.41.09:980][  0]BlueprintLog: New page: Editor Load
[2018.09.17-23.41.10:021][  0]LocalizationService: Localization service is disabled
[2018.09.17-23.41.10:224][  0]LogCook: Display: Max memory allowance for cook 16384mb min free memory 0mb
[2018.09.17-23.41.10:224][  0]LogCook: Display: Mobile HDR setting 1
[2018.09.17-23.41.10:224][  0]LogGameplayTags: Display: UGameplayTagsManager::DoneAddingNativeTags. DelegateIsBound: 0
[2018.09.17-23.41.10:224][  0]LogStats: UGameplayTagsManager::ConstructGameplayTagTree: ImportINI prefixes -  0.000 s
[2018.09.17-23.41.10:224][  0]LogStats: UGameplayTagsManager::ConstructGameplayTagTree: Construct from data asset -  0.000 s
[2018.09.17-23.41.10:224][  0]LogStats: UGameplayTagsManager::ConstructGameplayTagTree: ImportINI -  0.000 s
[2018.09.17-23.41.10:224][  0]LogStats: UGameplayTagsManager::ConstructGameplayTagTree: GameplayTagTreeChangedEvent.Broadcast -  0.000 s
[2018.09.17-23.41.10:297][  0]LogFileCache: Scanning file cache for directory 'D:/UnrealProjects/UE4Group/ASH_Game/Content/' took 0.01s
[2018.09.17-23.41.10:297][  0]SourceControl: Source control is disabled
[2018.09.17-23.41.10:297][  0]Cmd: MAP LOAD FILE="../../../../UnrealProjects/UE4Group/ASH_Game/Content/TopDownBP/Maps/MapGenerator.umap" TEMPLATE=0 SHOWPROGRESS=1 FEATURELEVEL=3
[2018.09.17-23.41.10:297][  0]LightingResults: New page: Lighting Build
[2018.09.17-23.41.10:299][  0]MapCheck: New page: Map Check
[2018.09.17-23.41.10:299][  0]LightingResults: New page: Lighting Build
[2018.09.17-23.41.10:451][  0]LogAIModule: Creating AISystem for world MapGenerator
[2018.09.17-23.41.10:455][  0]LogEditorServer: Finished looking for orphan Actors (0.000 secs)
[2018.09.17-23.41.10:479][  0]Cmd: MAP CHECKDEP NOCLEARLOG
[2018.09.17-23.41.10:514][  0]MapCheck: Map check complete: 0 Error(s), 0 Warning(s), took 34.752ms to complete.
[2018.09.17-23.41.10:514][  0]LogFileHelpers: Loading map 'MapGenerator' took 0.216
[2018.09.17-23.41.10:611][  0]LogSlate: Updating window title bar state: overlay mode, drag disabled, window buttons hidden, title bar hidden
[2018.09.17-23.41.10:618][  0]LogSlate: Updating window title bar state: overlay mode, drag disabled, window buttons hidden, title bar hidden
[2018.09.17-23.41.10:623][  0]LogSlate: Updating window title bar state: overlay mode, drag disabled, window buttons hidden, title bar hidden
[2018.09.17-23.41.10:629][  0]LogSlate: Updating window title bar state: overlay mode, drag disabled, window buttons hidden, title bar hidden
[2018.09.17-23.41.10:633][  0]LogCollectionManager: Loaded 0 collections in 0.000677 seconds
[2018.09.17-23.41.10:673][  0]LogFileCache: Scanning file cache for directory 'D:/UnrealProjects/UE4Group/ASH_Game/Saved/Collections/' took 0.01s
[2018.09.17-23.41.10:673][  0]LogFileCache: Scanning file cache for directory 'D:/UnrealProjects/UE4Group/ASH_Game/Content/Developers/XENO/Collections/' took 0.01s
[2018.09.17-23.41.10:673][  0]LogFileCache: Scanning file cache for directory 'D:/UnrealProjects/UE4Group/ASH_Game/Content/Collections/' took 0.01s
[2018.09.17-23.41.10:673][  0]LogCollectionManager: Rebuilt the GUID cache for 0 collections in 0.000000 seconds
[2018.09.17-23.41.10:683][  0]LogContentBrowser: Native class hierarchy populated in 0.0096 seconds. Added 2572 classes and 603 folders.
[2018.09.17-23.41.10:687][  0]LogContentBrowser: Native class hierarchy updated for 'WidgetCarousel' in 0.0002 seconds. Added 0 classes and 0 folders.
[2018.09.17-23.41.10:730][  0]LogContentBrowser: Native class hierarchy updated for 'AddContentDialog' in 0.0003 seconds. Added 0 classes and 0 folders.
[2018.09.17-23.41.10:734][  0]LogContentBrowser: Native class hierarchy updated for 'SceneOutliner' in 0.0003 seconds. Added 1 classes and 2 folders.
[2018.09.17-23.41.10:746][  0]LogSlate: Took 0.000154 seconds to synchronously load lazily loaded font '../../../Engine/Content/Slate/Fonts/Roboto-Regular.ttf' (155K)
[2018.09.17-23.41.10:748][  0]LogSlate: Took 0.000160 seconds to synchronously load lazily loaded font '../../../Engine/Content/Slate/Fonts/Roboto-Bold.ttf' (160K)
[2018.09.17-23.41.10:754][  0]LogSlate: Took 0.000267 seconds to synchronously load lazily loaded font '../../../Engine/Content/Editor/Slate/Fonts/FontAwesome.ttf' (139K)
[2018.09.17-23.41.10:813][  0]LogRenderer: Reallocating scene render targets to support 1616x808 Format 10 NumSamples 1 (Frame:1).
[2018.09.17-23.41.10:906][  0]LogContentBrowser: Native class hierarchy updated for 'HierarchicalLODOutliner' in 0.0002 seconds. Added 0 classes and 0 folders.
[2018.09.17-23.41.10:906][  0]LogLoad: (Engine Initialization) Total time: 6.57 seconds
[2018.09.17-23.41.10:906][  0]LogLoad: (Engine Initialization) Total Blueprint compile time: 0.00 seconds
[2018.09.17-23.41.10:924][  0]LogWindowsTextInputMethodSystem: Display: IME system now deactivated.
[2018.09.17-23.41.10:945][  0]LogContentStreaming: Texture pool size now 1000 MB
[2018.09.17-23.41.11:002][  1]LogAssetRegistry: Asset discovery search completed in 3.1274 seconds
[2018.09.17-23.41.11:003][  1]LogCollectionManager: Rebuilt the object cache for 0 collections in 0.000000 seconds (found 0 objects)
[2018.09.17-23.41.11:003][  1]LogCollectionManager: Fixed up redirectors for 0 collections in 0.000043 seconds (updated 0 objects)
[2018.09.17-23.41.11:933][ 57]LogSlate: Took 0.000183 seconds to synchronously load lazily loaded font '../../../Engine/Content/Slate/Fonts/Roboto-Light.ttf' (167K)
[2018.09.17-23.42.22:865][ 85]LogSlate: FSceneViewport::OnFocusLost() reason 0
[2018.09.17-23.42.23:013][ 90]LogAssetEditorManager: Opening Asset editor for Blueprint /Game/TopDownBP/Blueprints/FloorTypes/Floor_Generator.Floor_Generator
[2018.09.17-23.42.23:509][ 90]LogContentBrowser: Native class hierarchy updated for 'BlueprintGraph' in 0.0007 seconds. Added 116 classes and 0 folders.
[2018.09.17-23.42.24:301][ 90]LogAssetEditorManager: Opening Asset editor for Blueprint /Game/TopDownBP/Blueprints/MapGenerator.MapGenerator
[2018.09.17-23.42.24:600][ 90]LogSlate: Took 0.000192 seconds to synchronously load lazily loaded font '../../../Engine/Content/Slate/Fonts/Roboto-BoldCondensed.ttf' (158K)
[2018.09.17-23.42.24:951][ 91]Cmd: OBJ SAVEPACKAGE PACKAGE="/Game/TopDownBP/Maps/MapGenerator" FILE="../../../../UnrealProjects/UE4Group/ASH_Game/Content/TopDownBP/Maps/MapGenerator.umap" SILENT=true AUTOSAVING=false KEEPDIRTY=false
[2018.09.17-23.42.25:093][ 91]LogSavePackage: Moving '../../../../UnrealProjects/UE4Group/ASH_Game/Saved/MapGenerator04C6F7CC4BF5559A4DC1AD9BCECDCAE3.tmp' to '../../../../UnrealProjects/UE4Group/ASH_Game/Content/TopDownBP/Maps/MapGenerator.umap'
[2018.09.17-23.42.25:112][ 91]Cmd: OBJ SAVEPACKAGE PACKAGE="/Game/TopDownBP/Maps/MapGenerator_BuiltData" FILE="../../../../UnrealProjects/UE4Group/ASH_Game/Content/TopDownBP/Maps/MapGenerator_BuiltData.uasset" SILENT=true
[2018.09.17-23.42.25:233][ 91]LogSavePackage: Moving '../../../../UnrealProjects/UE4Group/ASH_Game/Saved/MapGenerator_BuiltData04A565C543F02EA42DE8E38244673E23.tmp' to '../../../../UnrealProjects/UE4Group/ASH_Game/Content/TopDownBP/Maps/MapGenerator_BuiltData.uasset'
[2018.09.17-23.42.25:244][ 91]LogSlate: Took 0.000213 seconds to synchronously load lazily loaded font '../../../Engine/Content/Slate/Fonts/Roboto-Italic.ttf' (157K)
[2018.09.17-23.42.26:264][152]LogSlate: FSceneViewport::OnFocusLost() reason 0
[2018.09.17-23.42.26:363][158]LogTemp: Repeating last play command: New Editor Window (PIE)
[2018.09.17-23.42.26:380][158]LogBlueprintUserMessages: Early PlayInEditor Detection: Level '/Game/TopDownBP/Maps/MapGenerator.MapGenerator:PersistentLevel' has LevelScriptBlueprint '/Game/TopDownBP/Maps/MapGenerator.MapGenerator:PersistentLevel.MapGenerator' with GeneratedClass '/Game/TopDownBP/Maps/MapGenerator.MapGenerator_C' with ClassGeneratedBy '/Game/TopDownBP/Maps/MapGenerator.MapGenerator:PersistentLevel.MapGenerator'
[2018.09.17-23.42.26:380][158]LogPlayLevel: PlayLevel: No blueprints needed recompiling
[2018.09.17-23.42.26:393][158]PIE: New page: PIE session: MapGenerator (Sep 17, 2018, 3:42:26 PM)
[2018.09.17-23.42.26:393][158]LogPlayLevel: Creating play world package: /Game/TopDownBP/Maps/UEDPIE_0_MapGenerator
[2018.09.17-23.42.26:395][158]LogPlayLevel: PIE: StaticDuplicateObject took: (0.001469s)
[2018.09.17-23.42.26:395][158]LogAIModule: Creating AISystem for world MapGenerator
[2018.09.17-23.42.26:396][158]LogPlayLevel: PIE: World Init took: (0.000752s)
[2018.09.17-23.42.26:396][158]LogPlayLevel: PIE: Created PIE world by copying editor world from /Game/TopDownBP/Maps/MapGenerator.MapGenerator to /Game/TopDownBP/Maps/UEDPIE_0_MapGenerator.MapGenerator (0.002346s)
[2018.09.17-23.42.26:423][158]LogInit: XAudio2 using 'Speakers/Headphones (Realtek(R) Audio)' : 6 channels at 48 kHz using 32 bits per sample (channel mask 0x3f)
[2018.09.17-23.42.26:478][158]LogInit: FAudioDevice initialized.
[2018.09.17-23.42.26:483][158]LogSlate: Updating window title bar state: overlay mode, drag disabled, window buttons hidden, title bar hidden
[2018.09.17-23.42.26:541][158]LogLoad: Game class is 'GameMode'
[2018.09.17-23.42.26:542][158]LogWorld: Bringing World /Game/TopDownBP/Maps/UEDPIE_0_MapGenerator.MapGenerator up for play (max tick rate 60) at 2018.09.17-19.42.26
[2018.09.17-23.42.26:543][158]LogWorld: Bringing up level for play took: 0.000604
[2018.09.17-23.42.26:559][158]LogContentBrowser: Native class hierarchy updated for 'MovieSceneCapture' in 0.0004 seconds. Added 10 classes and 0 folders.
[2018.09.17-23.42.26:559][158]LogGameMode: Display: Match State Changed from EnteringMap to WaitingToStart
[2018.09.17-23.42.26:559][158]LogGameState: Match State Changed from EnteringMap to WaitingToStart
[2018.09.17-23.42.26:559][158]LogGameMode: Display: Match State Changed from WaitingToStart to InProgress
[2018.09.17-23.42.26:573][158]LogGameState: Match State Changed from WaitingToStart to InProgress
[2018.09.17-23.42.26:581][158]PIE: Play in editor start time for /Game/TopDownBP/Maps/UEDPIE_0_MapGenerator -0.477
[2018.09.17-23.42.26:582][158]LogBlueprintUserMessages: Late PlayInEditor Detection: Level '/Game/TopDownBP/Maps/MapGenerator.MapGenerator:PersistentLevel' has LevelScriptBlueprint '/Game/TopDownBP/Maps/MapGenerator.MapGenerator:PersistentLevel.MapGenerator' with GeneratedClass '/Game/TopDownBP/Maps/MapGenerator.MapGenerator_C' with ClassGeneratedBy '/Game/TopDownBP/Maps/MapGenerator.MapGenerator:PersistentLevel.MapGenerator'
[2018.09.17-23.42.28:786][282]LogGameMode: Display: Match State Changed from InProgress to LeavingMap
[2018.09.17-23.42.28:786][282]LogGameState: Match State Changed from InProgress to LeavingMap
[2018.09.17-23.42.28:786][282]LogNet: Browse: /Game/TopDownBP/Maps/MapGenerator
[2018.09.17-23.42.28:794][282]LogLoad: LoadMap: /Game/TopDownBP/Maps/MapGenerator
[2018.09.17-23.42.28:830][282]LogPlayLevel: Creating play world package: /Game/TopDownBP/Maps/UEDPIE_0_MapGenerator
[2018.09.17-23.42.28:831][282]LogPlayLevel: PIE: StaticDuplicateObject took: (0.001275s)
[2018.09.17-23.42.28:832][282]LogAIModule: Creating AISystem for world MapGenerator
[2018.09.17-23.42.28:832][282]LogPlayLevel: PIE: World Init took: (0.000634s)
[2018.09.17-23.42.28:832][282]LogPlayLevel: PIE: Created PIE world by copying editor world from /Game/TopDownBP/Maps/MapGenerator.MapGenerator to /Game/TopDownBP/Maps/UEDPIE_0_MapGenerator.MapGenerator (0.002056s)
[2018.09.17-23.42.28:832][282]LogLoad: Game class is 'GameMode'
[2018.09.17-23.42.28:833][282]LogWorld: Bringing World /Game/TopDownBP/Maps/UEDPIE_0_MapGenerator.MapGenerator up for play (max tick rate 60) at 2018.09.17-19.42.28
[2018.09.17-23.42.28:833][282]LogWorld: Bringing up level for play took: 0.000431
[2018.09.17-23.42.28:833][282]LogGameMode: FindPlayerStart: PATHS NOT DEFINED or NO PLAYERSTART with positive rating
[2018.09.17-23.42.28:834][282]LogGameMode: Display: Match State Changed from EnteringMap to WaitingToStart
[2018.09.17-23.42.28:834][282]LogGameState: Match State Changed from EnteringMap to WaitingToStart
[2018.09.17-23.42.28:834][282]LogGameMode: Display: Match State Changed from WaitingToStart to InProgress
[2018.09.17-23.42.28:846][282]LogGameState: Match State Changed from WaitingToStart to InProgress
[2018.09.17-23.42.28:846][282]LogLoad: Took 0.051793 seconds to LoadMap(/Game/TopDownBP/Maps/UEDPIE_0_MapGenerator)
[2018.09.17-23.42.29:854][339]LogSlate: Window 'ASH_Game Game Preview Standalone (64-bit/PCD3D_SM5)' being destroyed
[2018.09.17-23.42.29:858][339]LogBlueprintUserMessages: Early EndPlayMap Detection: Level '/Game/TopDownBP/Maps/MapGenerator.MapGenerator:PersistentLevel' has LevelScriptBlueprint '/Game/TopDownBP/Maps/MapGenerator.MapGenerator:PersistentLevel.MapGenerator' with GeneratedClass '/Game/TopDownBP/Maps/MapGenerator.MapGenerator_C' with ClassGeneratedBy '/Game/TopDownBP/Maps/MapGenerator.MapGenerator:PersistentLevel.MapGenerator'
[2018.09.17-23.42.29:893][339]LogPlayLevel: Display: Shutting down PIE online subsystems
[2018.09.17-23.42.29:894][339]LogBlueprintUserMessages: Late EndPlayMap Detection: Level '/Game/TopDownBP/Maps/MapGenerator.MapGenerator:PersistentLevel' has LevelScriptBlueprint '/Game/TopDownBP/Maps/MapGenerator.MapGenerator:PersistentLevel.MapGenerator' with GeneratedClass '/Game/TopDownBP/Maps/MapGenerator.MapGenerator_C' with ClassGeneratedBy '/Game/TopDownBP/Maps/MapGenerator.MapGenerator:PersistentLevel.MapGenerator'
[2018.09.17-23.42.29:961][340]LogPlayLevel: Display: Destroying online subsystem :Context_3
[2018.09.17-23.42.32:816][507]Cmd: OBJ SAVEPACKAGE PACKAGE="/Game/TopDownBP/Blueprints/MapGenerator" FILE="../../../../UnrealProjects/UE4Group/ASH_Game/Content/TopDownBP/Blueprints/MapGenerator.uasset" SILENT=true
[2018.09.17-23.42.32:905][507]LogSavePackage: Moving '../../../../UnrealProjects/UE4Group/ASH_Game/Saved/MapGeneratorE2B0870C4B1E43159F7F71A3EE947915.tmp' to '../../../../UnrealProjects/UE4Group/ASH_Game/Content/TopDownBP/Blueprints/MapGenerator.uasset'
