Log file open, 09/14/18 23:34:02
LogWindows: Failed to load 'aqProf.dll' (GetLastError=126)
LogWindows: File 'aqProf.dll' does not exist
LogWindows: Failed to load 'VSPerf140.dll' (GetLastError=126)
LogWindows: File 'VSPerf140.dll' does not exist
LogWindows: Failed to load 'VtuneApi.dll' (GetLastError=126)
LogWindows: File 'VtuneApi.dll' does not exist
LogWindows: Failed to load 'VtuneApi32e.dll' (GetLastError=126)
LogWindows: File 'VtuneApi32e.dll' does not exist
LogInit: Display: Running engine for game: ASH_Game
LogPlatformFile: Not using cached read wrapper
LogTaskGraph: Started task graph with 5 named threads and 35 total threads with 3 sets of task threads.
LogStats: Stats thread started at 0.417258
LogD3D11RHI: Loaded GFSDK_Aftermath_Lib.x64.dll
LogICUInternationalization: Display: ICU TimeZone Detection - Raw Offset: -5:00, Platform Override: ''
LogPluginManager: Mounting plugin Paper2D
LogPluginManager: Mounting plugin AISupport
LogPluginManager: Mounting plugin LightPropagationVolume
LogPluginManager: Mounting plugin CLionSourceCodeAccess
LogPluginManager: Mounting plugin CodeLiteSourceCodeAccess
LogPluginManager: Mounting plugin GitSourceControl
LogPluginManager: Mounting plugin KDevelopSourceCodeAccess
LogPluginManager: Mounting plugin NullSourceCodeAccess
LogPluginManager: Mounting plugin PerforceSourceControl
LogPluginManager: Mounting plugin SubversionSourceControl
LogPluginManager: Mounting plugin UObjectPlugin
LogPluginManager: Mounting plugin VisualStudioCodeSourceCodeAccess
LogPluginManager: Mounting plugin VisualStudioSourceCodeAccess
LogPluginManager: Mounting plugin XCodeSourceCodeAccess
LogPluginManager: Mounting plugin AssetManagerEditor
LogPluginManager: Mounting plugin CryptoKeys
LogPluginManager: Mounting plugin DataValidation
LogPluginManager: Mounting plugin EditorScriptingUtilities
LogPluginManager: Mounting plugin FacialAnimation
LogPluginManager: Mounting plugin GameplayTagsEditor
LogPluginManager: Mounting plugin MacGraphicsSwitching
LogPluginManager: Mounting plugin MeshEditor
LogPluginManager: Mounting plugin MobileLauncherProfileWizard
LogPluginManager: Mounting plugin PluginBrowser
LogPluginManager: Mounting plugin SpeedTreeImporter
LogPluginManager: Mounting plugin DatasmithContent
LogPluginManager: Mounting plugin AlembicImporter
LogPluginManager: Mounting plugin AppleImageUtils
LogPluginManager: Mounting plugin AppleVision
LogPluginManager: Mounting plugin BackChannel
LogPluginManager: Mounting plugin CharacterAI
LogPluginManager: Mounting plugin GeometryCache
LogPluginManager: Mounting plugin HTML5Networking
LogPluginManager: Mounting plugin ProxyLODPlugin
LogPluginManager: Mounting plugin MagicLeap
LogPluginManager: Mounting plugin MagicLeapEmulator
LogPluginManager: Mounting plugin MagicLeapMedia
LogPluginManager: Mounting plugin AndroidMedia
LogPluginManager: Mounting plugin AvfMedia
LogPluginManager: Mounting plugin ImgMedia
LogPluginManager: Mounting plugin LinearTimecode
LogPluginManager: Mounting plugin MediaCompositing
LogPluginManager: Mounting plugin MediaPlayerEditor
LogPluginManager: Mounting plugin WmfMedia
LogPluginManager: Mounting plugin TcpMessaging
LogPluginManager: Mounting plugin UdpMessaging
LogPluginManager: Mounting plugin ActorSequence
LogPluginManager: Mounting plugin LevelSequenceEditor
LogPluginManager: Mounting plugin MatineeToLevelSequence
LogPluginManager: Mounting plugin NetcodeUnitTest
LogPluginManager: Mounting plugin NUTUnrealEngine4
LogPluginManager: Mounting plugin OnlineSubsystemGooglePlay
LogPluginManager: Mounting plugin OnlineSubsystemIOS
LogPluginManager: Mounting plugin OnlineSubsystem
LogPluginManager: Mounting plugin OnlineSubsystemNull
LogPluginManager: Mounting plugin OnlineSubsystemUtils
LogPluginManager: Mounting plugin LauncherChunkInstaller
LogPluginManager: Mounting plugin AndroidDeviceProfileSelector
LogPluginManager: Mounting plugin AndroidMoviePlayer
LogPluginManager: Mounting plugin AndroidPermission
LogPluginManager: Mounting plugin AppleMoviePlayer
LogPluginManager: Mounting plugin ArchVisCharacter
LogPluginManager: Mounting plugin AudioCapture
LogPluginManager: Mounting plugin CableComponent
LogPluginManager: Mounting plugin CustomMeshComponent
LogPluginManager: Mounting plugin EditableMesh
LogPluginManager: Mounting plugin ExampleDeviceProfileSelector
LogPluginManager: Mounting plugin GoogleCloudMessaging
LogPluginManager: Mounting plugin ImmediatePhysics
LogPluginManager: Mounting plugin IOSDeviceProfileSelector
LogPluginManager: Mounting plugin LinuxDeviceProfileSelector
LogPluginManager: Mounting plugin LocationServicesBPLibrary
LogPluginManager: Mounting plugin MobilePatchingUtils
LogPluginManager: Mounting plugin OculusVR
LogPluginManager: Plugin shader directory ../../../Engine/Plugins/Runtime/Oculus/OculusVR/Shaders found
LogPluginManager: Mapping shader source directory ../../../Engine/Plugins/Runtime/Oculus/OculusVR/Shaders to virtual directory /Plugin/OculusVR
LogPluginManager: Mounting plugin PhysXVehicles
LogPluginManager: Mounting plugin ProceduralMeshComponent
LogPluginManager: Mounting plugin RuntimePhysXCooking
LogPluginManager: Mounting plugin SteamVR
LogPluginManager: Mounting plugin WindowsMoviePlayer
LogPluginManager: Mounting plugin DatasmithCADImporter
LogPluginManager: Mounting plugin DatasmithFBXImporter
LogPluginManager: Mounting plugin DatasmithImporter
LogPluginManager: Mounting plugin DatasmithMDLImporter
LogPluginManager: Mounting plugin StaticMeshEditorExtension
LogStreaming: Display: Took  0.255s to configure plugins.
LogInit: Using libcurl 7.55.1-DEV
LogInit:  - built for x86_64-pc-win32
LogInit:  - supports SSL with OpenSSL/1.0.2h
LogInit:  - supports HTTP deflate (compression) using libz 1.2.8
LogInit:  - other features:
LogInit:      CURL_VERSION_SSL
LogInit:      CURL_VERSION_LIBZ
LogInit:      CURL_VERSION_IPV6
LogInit:      CURL_VERSION_ASYNCHDNS
LogInit:      CURL_VERSION_LARGEFILE
LogInit:      CURL_VERSION_IDN
LogInit:  CurlRequestOptions (configurable via config and command line):
LogInit:  - bVerifyPeer = false  - Libcurl will NOT verify peer certificate
LogInit:  - bUseHttpProxy = false  - Libcurl will NOT use HTTP proxy
LogInit:  - bDontReuseConnections = false  - Libcurl will reuse connections
LogInit:  - CertBundlePath = nullptr  - Libcurl will use whatever was configured at build time.
LogInit:  - MaxHostConnections = 16  - Libcurl will limit the number of connections to a host
LogInit:  - LocalHostAddr = Default
LogInit:  - BufferSize = 65536
LogInit: WinSock: version 1.1 (2.2), MaxSocks=32767, MaxUdp=65467
LogInit: Build: ++UE4+Release-4.20-CL-4302132
LogInit: Engine Version: 4.20.2-4302132+++UE4+Release-4.20
LogInit: Compatible Engine Version: 4.20.0-4212847+++UE4+Release-4.20
LogInit: Net CL: 4212847
LogInit: OS: Windows 10 (), CPU: Intel(R) Core(TM) i7-8750H CPU @ 2.20GHz, GPU: NVIDIA GeForce GTX 1060
LogInit: Compiled (64-bit): Aug 21 2018 02:06:06
LogInit: Compiled with Visual C++: 19.13.26129.00
LogInit: Build Configuration: Development
LogInit: Branch Name: ++UE4+Release-4.20
LogInit: Command Line: 
LogInit: Base Directory: C:/Program Files/Epic Games/UE_4.20/Engine/Binaries/Win64/
LogInit: Installed Engine Build: 1
LogDevObjectVersion: Number of dev versions registered: 20
LogDevObjectVersion:   Dev-Blueprints (B0D832E4-1F89-4F0D-ACCF-7EB736FD4AA2): 10
LogDevObjectVersion:   Dev-Build (E1C64328-A22C-4D53-A36C-8E866417BD8C): 0
LogDevObjectVersion:   Dev-Core (375EC13C-06E4-48FB-B500-84F0262A717E): 2
LogDevObjectVersion:   Dev-Editor (E4B068ED-F494-42E9-A231-DA0B2E46BB41): 24
LogDevObjectVersion:   Dev-Framework (CFFC743F-43B0-4480-9391-14DF171D2073): 34
LogDevObjectVersion:   Dev-Mobile (B02B49B5-BB20-44E9-A304-32B752E40360): 2
LogDevObjectVersion:   Dev-Networking (A4E4105C-59A1-49B5-A7C5-40C4547EDFEE): 0
LogDevObjectVersion:   Dev-Online (39C831C9-5AE6-47DC-9A44-9C173E1C8E7C): 0
LogDevObjectVersion:   Dev-Physics (78F01B33-EBEA-4F98-B9B4-84EACCB95AA2): 0
LogDevObjectVersion:   Dev-Platform (6631380F-2D4D-43E0-8009-CF276956A95A): 0
LogDevObjectVersion:   Dev-Rendering (12F88B9F-8875-4AFC-A67C-D90C383ABD29): 26
LogDevObjectVersion:   Dev-Sequencer (7B5AE74C-D270-4C10-A958-57980B212A5A): 9
LogDevObjectVersion:   Dev-VR (D7296918-1DD6-4BDD-9DE2-64A83CC13884): 2
LogDevObjectVersion:   Dev-LoadTimes (C2A15278-BFE7-4AFE-6C17-90FF531DF755): 1
LogDevObjectVersion:   Private-Geometry (6EACA3D4-40EC-4CC1-B786-8BED09428FC5): 3
LogDevObjectVersion:   Dev-AnimPhys (29E575DD-E0A3-4627-9D10-D276232CDCEA): 17
LogDevObjectVersion:   Dev-ReflectionCapture (6B266CEC-1EC7-4B8F-A30B-E4D90942FC07): 1
LogDevObjectVersion:   Dev-Automation (0DF73D61-A23F-47EA-B727-89E90C41499A): 1
LogDevObjectVersion:   FortniteMain (601D1886-AC64-4F84-AA16-D3DE0DEAC7D6): 12
LogDevObjectVersion:   Dev-Enterprise (9DFFBCD6-494F-0158-E221-12823C92A888): 1
LogStreaming: Display: Took  0.013s to delete old logs.
LogInit: Presizing for max 8388607 objects, including 0 objects not considered by GC, pre-allocating 0 bytes for permanent pool.
LogInit: Object subsystem initialized
[2018.09.15-03.34.02:509][  0]LogInit: Selected Device Profile: [Windows]
[2018.09.15-03.34.02:509][  0]LogInit: Applying CVar settings loaded from the selected device profile: [Windows]
[2018.09.15-03.34.02:530][  0]LogHAL: Display: Platform has ~ 16 GB [17031884800 / 17179869184 / 16], which maps to Larger [LargestMinGB=32, LargerMinGB=12, DefaultMinGB=8, SmallerMinGB=6, SmallestMinGB=0)
[2018.09.15-03.34.02:530][  0]LogInit: Setting Device Profile CVar: [[r.Vulkan.UseRealUBs:1]]
[2018.09.15-03.34.02:530][  0]LogInit: Going up to parent DeviceProfile []
[2018.09.15-03.34.02:530][  0]LogInit: Computer: DESKTOP-3M9DUFB
[2018.09.15-03.34.02:530][  0]LogInit: User: RickTriOS
[2018.09.15-03.34.02:530][  0]LogInit: CPU Page size=4096, Cores=6
[2018.09.15-03.34.02:530][  0]LogInit: High frequency timer resolution =2.156253 MHz
[2018.09.15-03.34.02:531][  0]LogMemory: Memory total: Physical=15.9GB (16GB approx)
[2018.09.15-03.34.02:531][  0]LogMemory: Platform Memory Stats for Windows
[2018.09.15-03.34.02:531][  0]LogMemory: Process Physical Memory: 101.92 MB used, 101.92 MB peak
[2018.09.15-03.34.02:531][  0]LogMemory: Process Virtual Memory: 85.74 MB used, 85.74 MB peak
[2018.09.15-03.34.02:531][  0]LogMemory: Physical Memory: 5270.26 MB used,  10972.61 MB free, 16242.87 MB total
[2018.09.15-03.34.02:531][  0]LogMemory: Virtual Memory: 555.89 MB used,  10972.61 MB free, 134217728.00 MB total
[2018.09.15-03.34.02:557][  0]LogInit: Using OS detected language (en-US).
[2018.09.15-03.34.02:557][  0]LogInit: Using OS detected locale (en-CA).
[2018.09.15-03.34.02:558][  0]LogTextLocalizationManager: No specific localization for 'en-US' exists, so the 'en' localization will be used.
[2018.09.15-03.34.02:854][  0]LogStreaming: Display: Took  0.297s to InitEngineTextLocalization.
[2018.09.15-03.34.02:854][  0]LogInit: Setting process to per monitor DPI aware
[2018.09.15-03.34.02:880][  0]LogSlate: New Slate User Created.  User Index 0, Is Virtual User: 0
[2018.09.15-03.34.02:880][  0]LogSlate: Slate User Registered.  User Index 0, Is Virtual User: 0
[2018.09.15-03.34.03:088][  0]LogHMD: Failed to initialize OpenVR with code 110
[2018.09.15-03.34.03:088][  0]LogD3D11RHI: D3D11 adapters:
[2018.09.15-03.34.03:168][  0]LogD3D11RHI:    0. 'NVIDIA GeForce GTX 1060' (Feature Level 11_0)
[2018.09.15-03.34.03:168][  0]LogD3D11RHI:       6052/0/8121 MB DedicatedVideo/DedicatedSystem/SharedSystem, Outputs:1, VendorId:0x10de
[2018.09.15-03.34.03:193][  0]LogD3D11RHI:    1. 'Intel(R) UHD Graphics 630' (Feature Level 11_0)
[2018.09.15-03.34.03:193][  0]LogD3D11RHI:       128/0/8121 MB DedicatedVideo/DedicatedSystem/SharedSystem, Outputs:0, VendorId:0x8086
[2018.09.15-03.34.03:196][  0]LogD3D11RHI:    2. 'Microsoft Basic Render Driver' (Feature Level 11_0)
[2018.09.15-03.34.03:196][  0]LogD3D11RHI:       0/0/8121 MB DedicatedVideo/DedicatedSystem/SharedSystem, Outputs:0, VendorId:0x1414
[2018.09.15-03.34.03:196][  0]LogD3D11RHI: Chosen D3D11 Adapter: 0
[2018.09.15-03.34.03:207][  0]LogD3D11RHI: Creating new Direct3DDevice
[2018.09.15-03.34.03:207][  0]LogD3D11RHI:     GPU DeviceId: 0x1c60 (for the marketing name, search the web for "GPU Device Id")
[2018.09.15-03.34.03:207][  0]LogWindows: EnumDisplayDevices:
[2018.09.15-03.34.03:207][  0]LogWindows:    0. 'NVIDIA GeForce GTX 1060' (P:1 D:1)
[2018.09.15-03.34.03:207][  0]LogWindows:    1. 'NVIDIA GeForce GTX 1060' (P:0 D:0)
[2018.09.15-03.34.03:207][  0]LogWindows:    2. 'NVIDIA GeForce GTX 1060' (P:0 D:0)
[2018.09.15-03.34.03:208][  0]LogWindows:    3. 'NVIDIA GeForce GTX 1060' (P:0 D:0)
[2018.09.15-03.34.03:208][  0]LogWindows:    4. 'Intel(R) UHD Graphics 630' (P:0 D:0)
[2018.09.15-03.34.03:208][  0]LogWindows:    5. 'Intel(R) UHD Graphics 630' (P:0 D:0)
[2018.09.15-03.34.03:209][  0]LogWindows:    6. 'Intel(R) UHD Graphics 630' (P:0 D:0)
[2018.09.15-03.34.03:209][  0]LogWindows: DebugString: PrimaryIsNotTheChoosenAdapter PrimaryIsNotTheChoosenAdapter PrimaryIsNotTheChoosenAdapter FoundDriverCount:4 
[2018.09.15-03.34.03:209][  0]LogD3D11RHI:     Adapter Name: NVIDIA GeForce GTX 1060
[2018.09.15-03.34.03:209][  0]LogD3D11RHI:   Driver Version: 398.36 (internal:24.21.13.9836, unified:398.36)
[2018.09.15-03.34.03:209][  0]LogD3D11RHI:      Driver Date: 6-24-2018
[2018.09.15-03.34.03:209][  0]LogRHI: Texture pool is 4236 MB (70% of 6052 MB)
[2018.09.15-03.34.03:249][  0]LogD3D11RHI: Async texture creation enabled
[2018.09.15-03.34.03:268][  0]LogD3D11RHI: GPU Timing Frequency: 1000.000000 (Debug: 2 2)
[2018.09.15-03.34.03:316][  0]LogShaderCompilers: Guid format shader working directory is 20 characters bigger than the processId version (D:/_Projects/UE4Group/ASH_Game/Intermediate/Shaders/WorkingDirectory/21608/).
[2018.09.15-03.34.03:317][  0]LogShaderCompilers: Cleaned the shader compiler working directory 'C:/Users/RickTri-OS/AppData/Local/Temp/UnrealShaderWorkingDir/5651A86A4B8C715D77EA93A26D43B659/'.
[2018.09.15-03.34.03:552][  0]LogTemp: Display: Loaded TP AllDesktopTargetPlatform
[2018.09.15-03.34.03:565][  0]LogTemp: Display: Loaded TP MacClientTargetPlatform
[2018.09.15-03.34.03:578][  0]LogTemp: Display: Loaded TP MacNoEditorTargetPlatform
[2018.09.15-03.34.03:591][  0]LogTemp: Display: Loaded TP MacServerTargetPlatform
[2018.09.15-03.34.03:604][  0]LogTemp: Display: Loaded TP MacTargetPlatform
[2018.09.15-03.34.03:616][  0]LogTemp: Display: Loaded TP WindowsClientTargetPlatform
[2018.09.15-03.34.03:629][  0]LogTemp: Display: Loaded TP WindowsNoEditorTargetPlatform
[2018.09.15-03.34.03:642][  0]LogTemp: Display: Loaded TP WindowsServerTargetPlatform
[2018.09.15-03.34.03:649][  0]LogTemp: Display: Loaded TP WindowsTargetPlatform
[2018.09.15-03.34.03:713][  0]LogTemp: Display: Loaded TP AndroidTargetPlatform
[2018.09.15-03.34.03:713][  0]LogTemp: Display: Loaded TP AndroidTargetPlatform
[2018.09.15-03.34.03:713][  0]LogTemp: Display: Loaded TP AndroidTargetPlatform
[2018.09.15-03.34.03:713][  0]LogTemp: Display: Loaded TP AndroidTargetPlatform
[2018.09.15-03.34.03:713][  0]LogTemp: Display: Loaded TP AndroidTargetPlatform
[2018.09.15-03.34.03:713][  0]LogTemp: Display: Loaded TP AndroidTargetPlatform
[2018.09.15-03.34.03:713][  0]LogTemp: Display: Loaded TP AndroidTargetPlatform
[2018.09.15-03.34.03:713][  0]LogTemp: Display: Loaded TP AndroidTargetPlatform
[2018.09.15-03.34.03:713][  0]LogTemp: Display: Loaded TP AndroidTargetPlatform
[2018.09.15-03.34.03:713][  0]LogTemp: Display: Loaded TP AndroidTargetPlatform
[2018.09.15-03.34.03:713][  0]LogTemp: Display: Loaded TP AndroidTargetPlatform
[2018.09.15-03.34.03:714][  0]LogTemp: Display: Loaded TP AndroidTargetPlatform
[2018.09.15-03.34.03:714][  0]LogTemp: Display: Loaded TP AndroidTargetPlatform
[2018.09.15-03.34.03:714][  0]LogTemp: Display: Loaded TP AndroidTargetPlatform
[2018.09.15-03.34.03:714][  0]LogTemp: Display: Loaded TP AndroidTargetPlatform
[2018.09.15-03.34.03:714][  0]LogTemp: Display: Loaded TP AndroidTargetPlatform
[2018.09.15-03.34.03:714][  0]LogTemp: Display: Loaded TP AndroidTargetPlatform
[2018.09.15-03.34.03:714][  0]LogTemp: Display: Loaded TP AndroidTargetPlatform
[2018.09.15-03.34.03:715][  0]LogTemp: Display: Loaded TP HTML5TargetPlatform
[2018.09.15-03.34.03:772][  0]LogTemp: Display: Loaded TP IOSTargetPlatform
[2018.09.15-03.34.03:772][  0]LogTemp: Display: Loaded TP IOSTargetPlatform
[2018.09.15-03.34.03:792][  0]LogTemp: Display: Loaded TP TVOSTargetPlatform
[2018.09.15-03.34.03:792][  0]LogTemp: Display: Loaded TP TVOSTargetPlatform
[2018.09.15-03.34.03:802][  0]LogTemp: Display: Loaded TP LinuxClientTargetPlatform
[2018.09.15-03.34.03:813][  0]LogTemp: Display: Loaded TP LinuxNoEditorTargetPlatform
[2018.09.15-03.34.03:824][  0]LogTemp: Display: Loaded TP LinuxServerTargetPlatform
[2018.09.15-03.34.03:836][  0]LogTemp: Display: Loaded TP LinuxTargetPlatform
[2018.09.15-03.34.03:844][  0]LogTemp: Display: Loaded TP LuminTargetPlatform
[2018.09.15-03.34.03:844][  0]LogTargetPlatformManager: Display: Building Assets For Windows
[2018.09.15-03.34.03:914][  0]LogXGEController: Cannot use XGE Controller as Incredibuild is not installed on this machine.
[2018.09.15-03.34.03:914][  0]LogShaderCompilers: Cannot use XGE Shader Compiler as Incredibuild is not installed on this machine.
[2018.09.15-03.34.03:914][  0]LogShaderCompilers: Display: Using Local Shader Compiler.
[2018.09.15-03.34.04:654][  0]LogDerivedDataCache: Display: Max Cache Size: 512 MB
[2018.09.15-03.34.04:700][  0]LogDerivedDataCache: Loaded boot cache 0.05s 72MB C:/Users/RickTri-OS/AppData/Local/UnrealEngine/4.20/DerivedDataCache/Boot.ddc.
[2018.09.15-03.34.04:700][  0]LogDerivedDataCache: Display: Loaded Boot cache: C:/Users/RickTri-OS/AppData/Local/UnrealEngine/4.20/DerivedDataCache/Boot.ddc
[2018.09.15-03.34.04:700][  0]LogDerivedDataCache: FDerivedDataBackendGraph:  Pak pak cache file D:/_Projects/UE4Group/ASH_Game/DerivedDataCache/DDC.ddp not found, will not use a pak cache.
[2018.09.15-03.34.04:700][  0]LogDerivedDataCache: Unable to find inner node Pak for hierarchical cache Hierarchy.
[2018.09.15-03.34.04:700][  0]LogDerivedDataCache: FDerivedDataBackendGraph:  CompressedPak pak cache file D:/_Projects/UE4Group/ASH_Game/DerivedDataCache/Compressed.ddp not found, will not use a pak cache.
[2018.09.15-03.34.04:700][  0]LogDerivedDataCache: Unable to find inner node CompressedPak for hierarchical cache Hierarchy.
[2018.09.15-03.34.04:711][  0]LogDerivedDataCache: Display: Pak cache opened for reading ../../../Engine/DerivedDataCache/Compressed.ddp.
[2018.09.15-03.34.04:723][  0]LogDerivedDataCache: Using Local data cache path C:/Users/RickTri-OS/AppData/Local/UnrealEngine/Common/DerivedDataCache: Writable
[2018.09.15-03.34.04:723][  0]LogDerivedDataCache: Shared data cache path not found in *engine.ini, will not use an Shared cache.
[2018.09.15-03.34.04:723][  0]LogDerivedDataCache: Unable to find inner node Shared for hierarchical cache Hierarchy.
[2018.09.15-03.34.04:738][  0]LogMaterial: Verifying Global Shaders for PCD3D_SM5
[2018.09.15-03.34.04:739][  0]LogSlate: Using FreeType 2.6.0
[2018.09.15-03.34.04:740][  0]LogSlate: SlateFontServices - WITH_FREETYPE: 1, WITH_HARFBUZZ: 1
[2018.09.15-03.34.04:810][  0]LogAssetRegistry: FAssetRegistry took 0.0252 seconds to start up
[2018.09.15-03.34.05:083][  0]LogInit: Selected Device Profile: [Windows]
[2018.09.15-03.34.05:210][  0]LogSimplygon: Simplygon DLL not present - disabling.
[2018.09.15-03.34.05:217][  0]LogMeshReduction: Using SimplygonSwarm for distributed automatic mesh merging
[2018.09.15-03.34.05:217][  0]LogMeshReduction: Using ProxyLODMeshReduction for automatic mesh merging
[2018.09.15-03.34.05:217][  0]LogMeshReduction: Using QuadricMeshReduction for automatic static mesh reduction
[2018.09.15-03.34.05:217][  0]LogMeshReduction: No automatic skeletal mesh reduction module available
[2018.09.15-03.34.05:229][  0]LogNetVersion: ASH_Game 1.0.0, NetCL: 4212847, EngineNetVer: 5, GameNetVer: 0 (Checksum: 1471675654)
[2018.09.15-03.34.05:726][  0]LogPackageLocalizationCache: Processed 13 localized package path(s) for 2 prioritized culture(s) in 0.127891 seconds
[2018.09.15-03.34.05:731][  0]LogUObjectArray: 38425 objects as part of root set at end of initial load.
[2018.09.15-03.34.05:731][  0]LogUObjectAllocator: 6690864 out of 0 bytes used by permanent object pool.
[2018.09.15-03.34.05:731][  0]LogUObjectArray: CloseDisregardForGC: 0/0 objects in disregard for GC pool
[2018.09.15-03.34.06:510][  0]LogTcpMessaging: Initializing TcpMessaging bridge
[2018.09.15-03.34.06:523][  0]LogUdpMessaging: Initializing bridge on interface 0.0.0.0:0 to multicast group 230.0.0.1:6666.
[2018.09.15-03.34.06:672][  0]SourceControl: Source control is disabled
[2018.09.15-03.34.06:672][  0]SourceControl: Source control is disabled
[2018.09.15-03.34.06:674][  0]SourceControl: Source control is disabled
[2018.09.15-03.34.06:676][  0]SourceControl: Source control is disabled
[2018.09.15-03.34.06:912][  0]LogAndroidPermission: UAndroidPermissionCallbackProxy::GetInstance
[2018.09.15-03.34.06:979][  0]LogOcInput: OculusInput pre-init called
[2018.09.15-03.34.09:138][  0]LogEngine: Initializing Engine...
[2018.09.15-03.34.09:138][  0]LogHMD: Failed to initialize OpenVR with code 110
[2018.09.15-03.34.09:139][  0]LogStats: UGameplayTagsManager::ConstructGameplayTagTree: ImportINI prefixes -  0.000 s
[2018.09.15-03.34.09:140][  0]LogStats: UGameplayTagsManager::ConstructGameplayTagTree: Construct from data asset -  0.000 s
[2018.09.15-03.34.09:140][  0]LogStats: UGameplayTagsManager::ConstructGameplayTagTree: ImportINI -  0.000 s
[2018.09.15-03.34.09:140][  0]LogStats: UGameplayTagsManager::ConstructGameplayTagTree: GameplayTagTreeChangedEvent.Broadcast -  0.000 s
[2018.09.15-03.34.09:317][  0]LogInit: Initializing FReadOnlyCVARCache
[2018.09.15-03.34.09:330][  0]LogAIModule: Creating AISystem for world Untitled
[2018.09.15-03.34.09:342][  0]LogInit: XAudio2 using 'Speakers/Headphones (Realtek(R) Audio)' : 2 channels at 48 kHz using 32 bits per sample (channel mask 0x3)
[2018.09.15-03.34.09:663][  0]LogInit: FAudioDevice initialized.
[2018.09.15-03.34.09:663][  0]LogNetVersion: Set ProjectVersion to 1.0.0.0. Version Checksum will be recalculated on next use.
[2018.09.15-03.34.09:745][  0]LogDerivedDataCache: Saved boot cache 0.08s 72MB C:/Users/RickTri-OS/AppData/Local/UnrealEngine/4.20/DerivedDataCache/Boot.ddc.
[2018.09.15-03.34.09:747][  0]LogInit: Texture streaming: Enabled
[2018.09.15-03.34.09:768][  0]LogEngineSessionManager: EngineSessionManager initialized
[2018.09.15-03.34.09:784][  0]LogInit: Transaction tracking system initialized
[2018.09.15-03.34.09:812][  0]BlueprintLog: New page: Editor Load
[2018.09.15-03.34.09:901][  0]LocalizationService: Localization service is disabled
[2018.09.15-03.34.10:171][  0]LogCook: Display: Max memory allowance for cook 16384mb min free memory 0mb
[2018.09.15-03.34.10:171][  0]LogCook: Display: Mobile HDR setting 1
[2018.09.15-03.34.10:171][  0]LogGameplayTags: Display: UGameplayTagsManager::DoneAddingNativeTags. DelegateIsBound: 0
[2018.09.15-03.34.10:171][  0]LogStats: UGameplayTagsManager::ConstructGameplayTagTree: ImportINI prefixes -  0.000 s
[2018.09.15-03.34.10:171][  0]LogStats: UGameplayTagsManager::ConstructGameplayTagTree: Construct from data asset -  0.000 s
[2018.09.15-03.34.10:171][  0]LogStats: UGameplayTagsManager::ConstructGameplayTagTree: ImportINI -  0.000 s
[2018.09.15-03.34.10:171][  0]LogStats: UGameplayTagsManager::ConstructGameplayTagTree: GameplayTagTreeChangedEvent.Broadcast -  0.000 s
[2018.09.15-03.34.10:299][  0]LogFileCache: Scanning file cache for directory 'D:/_Projects/UE4Group/ASH_Game/Content/' took 0.01s
[2018.09.15-03.34.11:392][  0]SourceControl: Source control is disabled
[2018.09.15-03.34.11:392][  0]Cmd: MAP LOAD FILE="D:/_Projects/UE4Group/ASH_Game/Content/TopDownBP/Maps/TopDownExampleMap.umap" TEMPLATE=0 SHOWPROGRESS=1 FEATURELEVEL=3
[2018.09.15-03.34.11:427][  0]LightingResults: New page: Lighting Build
[2018.09.15-03.34.11:430][  0]MapCheck: New page: Map Check
[2018.09.15-03.34.11:430][  0]LightingResults: New page: Lighting Build
[2018.09.15-03.34.12:259][  0]LogAIModule: Creating AISystem for world TopDownExampleMap
[2018.09.15-03.34.12:277][  0]LogEditorServer: Finished looking for orphan Actors (0.000 secs)
[2018.09.15-03.34.12:305][  0]Cmd: MAP CHECKDEP NOCLEARLOG
[2018.09.15-03.34.12:408][  0]MapCheck: Map check complete: 0 Error(s), 0 Warning(s), took 102.957ms to complete.
[2018.09.15-03.34.12:408][  0]LogFileHelpers: Loading map 'TopDownExampleMap' took 1.016
[2018.09.15-03.34.12:475][  0]LogWindowsTextInputMethodSystem: Display: IME system now deactivated.
[2018.09.15-03.34.12:524][  0]LogSlate: Updating window title bar state: overlay mode, drag disabled, window buttons hidden, title bar hidden
[2018.09.15-03.34.12:532][  0]LogSlate: Updating window title bar state: overlay mode, drag disabled, window buttons hidden, title bar hidden
[2018.09.15-03.34.12:538][  0]LogSlate: Updating window title bar state: overlay mode, drag disabled, window buttons hidden, title bar hidden
[2018.09.15-03.34.12:545][  0]LogSlate: Updating window title bar state: overlay mode, drag disabled, window buttons hidden, title bar hidden
[2018.09.15-03.34.12:557][  0]LogCollectionManager: Loaded 0 collections in 0.001958 seconds
[2018.09.15-03.34.12:618][  0]LogFileCache: Scanning file cache for directory 'D:/_Projects/UE4Group/ASH_Game/Saved/Collections/' took 0.01s
[2018.09.15-03.34.12:618][  0]LogFileCache: Scanning file cache for directory 'D:/_Projects/UE4Group/ASH_Game/Content/Developers/RickTriOS/Collections/' took 0.01s
[2018.09.15-03.34.12:618][  0]LogFileCache: Scanning file cache for directory 'D:/_Projects/UE4Group/ASH_Game/Content/Collections/' took 0.01s
[2018.09.15-03.34.12:619][  0]LogCollectionManager: Rebuilt the GUID cache for 0 collections in 0.000000 seconds
[2018.09.15-03.34.12:631][  0]LogContentBrowser: Native class hierarchy populated in 0.0104 seconds. Added 2621 classes and 629 folders.
[2018.09.15-03.34.12:647][  0]LogContentBrowser: Native class hierarchy updated for 'WidgetCarousel' in 0.0003 seconds. Added 0 classes and 0 folders.
[2018.09.15-03.34.12:795][  0]LogContentBrowser: Native class hierarchy updated for 'AddContentDialog' in 0.0003 seconds. Added 0 classes and 0 folders.
[2018.09.15-03.34.12:812][  0]LogContentBrowser: Native class hierarchy updated for 'SceneOutliner' in 0.0003 seconds. Added 1 classes and 2 folders.
[2018.09.15-03.34.12:972][  0]LogSlate: Took 0.000152 seconds to synchronously load lazily loaded font '../../../Engine/Content/Slate/Fonts/Roboto-Regular.ttf' (155K)
[2018.09.15-03.34.12:974][  0]LogSlate: Took 0.000143 seconds to synchronously load lazily loaded font '../../../Engine/Content/Slate/Fonts/Roboto-Bold.ttf' (160K)
[2018.09.15-03.34.12:982][  0]LogSlate: Took 0.001313 seconds to synchronously load lazily loaded font '../../../Engine/Content/Editor/Slate/Fonts/FontAwesome.ttf' (139K)
[2018.09.15-03.34.13:063][  0]LogRenderer: Reallocating scene render targets to support 1072x496 Format 10 NumSamples 1 (Frame:1).
[2018.09.15-03.34.13:190][  0]LogContentBrowser: Native class hierarchy updated for 'HierarchicalLODOutliner' in 0.0003 seconds. Added 0 classes and 0 folders.
[2018.09.15-03.34.13:190][  0]LogLoad: (Engine Initialization) Total time: 13.25 seconds
[2018.09.15-03.34.13:190][  0]LogLoad: (Engine Initialization) Total Blueprint compile time: 0.00 seconds
[2018.09.15-03.34.13:227][  0]LogAssetRegistry: Asset discovery search completed in 8.4391 seconds
[2018.09.15-03.34.13:229][  0]LogCollectionManager: Rebuilt the object cache for 0 collections in 0.000000 seconds (found 0 objects)
[2018.09.15-03.34.13:229][  0]LogCollectionManager: Fixed up redirectors for 0 collections in 0.000037 seconds (updated 0 objects)
[2018.09.15-03.34.13:234][  0]LogContentStreaming: Texture pool size now 1000 MB
[2018.09.15-03.34.17:962][122]LogSlate: FSceneViewport::OnFocusLost() reason 0
[2018.09.15-03.34.18:164][124]LogSlate: Took 0.001606 seconds to synchronously load lazily loaded font '../../../Engine/Content/Slate/Fonts/Roboto-Light.ttf' (167K)
[2018.09.15-03.34.18:486][124]LogAIModule: Creating AISystem for world MainMenuTest
[2018.09.15-03.34.18:492][124]LogAssetEditorManager: Opening Asset editor for World /Game/UI-Rick/MainMenuTest.MainMenuTest
[2018.09.15-03.34.18:517][124]Cmd: MAP LOAD FILE="D:/_Projects/UE4Group/ASH_Game/Content/UI-Rick/MainMenuTest.umap" TEMPLATE=0 SHOWPROGRESS=1 FEATURELEVEL=3
[2018.09.15-03.34.18:517][124]LightingResults: New page: Lighting Build
[2018.09.15-03.34.18:518][124]LoadErrors: New page: Loading map: MainMenuTest.umap
[2018.09.15-03.34.18:518][124]MapCheck: New page: Map Check
[2018.09.15-03.34.18:518][124]LightingResults: New page: Lighting Build
[2018.09.15-03.34.18:592][124]LogEditorServer: Finished looking for orphan Actors (0.000 secs)
[2018.09.15-03.34.18:626][124]Cmd: MAP CHECKDEP NOCLEARLOG
[2018.09.15-03.34.18:731][124]MapCheck: Map check complete: 0 Error(s), 0 Warning(s), took 104.509ms to complete.
[2018.09.15-03.34.18:732][124]LogFileHelpers: Loading map 'MainMenuTest' took 0.216
[2018.09.15-03.34.22:970][206]LogTemp: Repeating last play command: New Editor Window (PIE)
[2018.09.15-03.34.22:978][206]LogBlueprintUserMessages: Early PlayInEditor Detection: Level '/Game/UI-Rick/MainMenuTest.MainMenuTest:PersistentLevel' has LevelScriptBlueprint '/Game/UI-Rick/MainMenuTest.MainMenuTest:PersistentLevel.MainMenuTest' with GeneratedClass '/Game/UI-Rick/MainMenuTest.MainMenuTest_C' with ClassGeneratedBy '/Game/UI-Rick/MainMenuTest.MainMenuTest:PersistentLevel.MainMenuTest'
[2018.09.15-03.34.22:978][206]LogPlayLevel: PlayLevel: No blueprints needed recompiling
[2018.09.15-03.34.22:991][206]PIE: New page: PIE session: MainMenuTest (Sep 14, 2018, 7:34:22 PM)
[2018.09.15-03.34.22:991][206]LogPlayLevel: Creating play world package: /Game/UI-Rick/UEDPIE_0_MainMenuTest
[2018.09.15-03.34.22:993][206]LogPlayLevel: PIE: StaticDuplicateObject took: (0.002282s)
[2018.09.15-03.34.22:994][206]LogAIModule: Creating AISystem for world MainMenuTest
[2018.09.15-03.34.22:994][206]LogPlayLevel: PIE: World Init took: (0.000575s)
[2018.09.15-03.34.22:994][206]LogPlayLevel: PIE: Created PIE world by copying editor world from /Game/UI-Rick/MainMenuTest.MainMenuTest to /Game/UI-Rick/UEDPIE_0_MainMenuTest.MainMenuTest (0.002963s)
[2018.09.15-03.34.23:019][206]LogInit: XAudio2 using 'Speakers/Headphones (Realtek(R) Audio)' : 2 channels at 48 kHz using 32 bits per sample (channel mask 0x3)
[2018.09.15-03.34.23:078][206]LogInit: FAudioDevice initialized.
[2018.09.15-03.34.23:084][206]LogSlate: Updating window title bar state: overlay mode, drag disabled, window buttons hidden, title bar hidden
[2018.09.15-03.34.23:164][206]LogLoad: Game class is 'TopDownGameMode_C'
[2018.09.15-03.34.23:166][206]LogWorld: Bringing World /Game/UI-Rick/UEDPIE_0_MainMenuTest.MainMenuTest up for play (max tick rate 60) at 2018.09.14-23.34.23
[2018.09.15-03.34.23:166][206]LogWorld: Bringing up level for play took: 0.000308
[2018.09.15-03.34.23:187][206]LogContentBrowser: Native class hierarchy updated for 'MovieSceneCapture' in 0.0003 seconds. Added 10 classes and 0 folders.
[2018.09.15-03.34.23:197][206]PIE: Play in editor start time for /Game/UI-Rick/UEDPIE_0_MainMenuTest -0.193
[2018.09.15-03.34.23:197][206]LogBlueprintUserMessages: Late PlayInEditor Detection: Level '/Game/UI-Rick/MainMenuTest.MainMenuTest:PersistentLevel' has LevelScriptBlueprint '/Game/UI-Rick/MainMenuTest.MainMenuTest:PersistentLevel.MainMenuTest' with GeneratedClass '/Game/UI-Rick/MainMenuTest.MainMenuTest_C' with ClassGeneratedBy '/Game/UI-Rick/MainMenuTest.MainMenuTest:PersistentLevel.MainMenuTest'
[2018.09.15-03.34.25:604][264]LogRenderer: Reallocating scene render targets to support 1708x896 Format 10 NumSamples 1 (Frame:60).
[2018.09.15-03.35.10:457][611]LogSlate: Window 'ASH_Game Game Preview Standalone (64-bit/PCD3D_SM5)' being destroyed
[2018.09.15-03.35.10:489][611]LogBlueprintUserMessages: Early EndPlayMap Detection: Level '/Game/UI-Rick/MainMenuTest.MainMenuTest:PersistentLevel' has LevelScriptBlueprint '/Game/UI-Rick/MainMenuTest.MainMenuTest:PersistentLevel.MainMenuTest' with GeneratedClass '/Game/UI-Rick/MainMenuTest.MainMenuTest_C' with ClassGeneratedBy '/Game/UI-Rick/MainMenuTest.MainMenuTest:PersistentLevel.MainMenuTest'
[2018.09.15-03.35.10:520][611]LogPlayLevel: Display: Shutting down PIE online subsystems
[2018.09.15-03.35.10:520][611]LogBlueprintUserMessages: Late EndPlayMap Detection: Level '/Game/UI-Rick/MainMenuTest.MainMenuTest:PersistentLevel' has LevelScriptBlueprint '/Game/UI-Rick/MainMenuTest.MainMenuTest:PersistentLevel.MainMenuTest' with GeneratedClass '/Game/UI-Rick/MainMenuTest.MainMenuTest_C' with ClassGeneratedBy '/Game/UI-Rick/MainMenuTest.MainMenuTest:PersistentLevel.MainMenuTest'
[2018.09.15-03.35.10:553][612]LogPlayLevel: Display: Destroying online subsystem :Context_1
[2018.09.15-03.35.12:697][666]LogAssetEditorManager: Opening Asset editor for World /Game/UI-Rick/MainMenuTest.MainMenuTest
[2018.09.15-03.35.12:719][666]Cmd: MAP LOAD FILE="D:/_Projects/UE4Group/ASH_Game/Content/UI-Rick/MainMenuTest.umap" TEMPLATE=0 SHOWPROGRESS=1 FEATURELEVEL=3
[2018.09.15-03.35.12:719][666]LightingResults: New page: Lighting Build
[2018.09.15-03.35.12:719][666]LoadErrors: New page: Loading map: MainMenuTest.umap
[2018.09.15-03.35.12:758][666]MapCheck: New page: Map Check
[2018.09.15-03.35.12:758][666]LightingResults: New page: Lighting Build
[2018.09.15-03.35.12:788][666]LogAIModule: Creating AISystem for world MainMenuTest
[2018.09.15-03.35.12:845][666]LogEditorServer: Finished looking for orphan Actors (0.000 secs)
[2018.09.15-03.35.12:882][666]Cmd: MAP CHECKDEP NOCLEARLOG
[2018.09.15-03.35.12:989][666]MapCheck: Map check complete: 0 Error(s), 0 Warning(s), took 107.4ms to complete.
[2018.09.15-03.35.12:990][666]LogFileHelpers: Loading map 'MainMenuTest' took 0.272
[2018.09.15-03.35.16:725][818]LogTemp: Repeating last play command: New Editor Window (PIE)
[2018.09.15-03.35.16:734][818]LogBlueprintUserMessages: Early PlayInEditor Detection: Level '/Game/UI-Rick/MainMenuTest.MainMenuTest:PersistentLevel' has LevelScriptBlueprint '/Game/UI-Rick/MainMenuTest.MainMenuTest:PersistentLevel.MainMenuTest' with GeneratedClass '/Game/UI-Rick/MainMenuTest.MainMenuTest_C' with ClassGeneratedBy '/Game/UI-Rick/MainMenuTest.MainMenuTest:PersistentLevel.MainMenuTest'
[2018.09.15-03.35.16:734][818]LogPlayLevel: PlayLevel: No blueprints needed recompiling
[2018.09.15-03.35.16:734][818]PIE: New page: PIE session: MainMenuTest (Sep 14, 2018, 7:35:16 PM)
[2018.09.15-03.35.16:734][818]LogPlayLevel: Creating play world package: /Game/UI-Rick/UEDPIE_0_MainMenuTest
[2018.09.15-03.35.16:735][818]LogPlayLevel: PIE: StaticDuplicateObject took: (0.000839s)
[2018.09.15-03.35.16:735][818]LogAIModule: Creating AISystem for world MainMenuTest
[2018.09.15-03.35.16:735][818]LogPlayLevel: PIE: World Init took: (0.000485s)
[2018.09.15-03.35.16:735][818]LogPlayLevel: PIE: Created PIE world by copying editor world from /Game/UI-Rick/MainMenuTest.MainMenuTest to /Game/UI-Rick/UEDPIE_0_MainMenuTest.MainMenuTest (0.001408s)
[2018.09.15-03.35.16:760][818]LogInit: XAudio2 using 'Speakers/Headphones (Realtek(R) Audio)' : 2 channels at 48 kHz using 32 bits per sample (channel mask 0x3)
[2018.09.15-03.35.16:818][818]LogInit: FAudioDevice initialized.
[2018.09.15-03.35.16:824][818]LogSlate: Updating window title bar state: overlay mode, drag disabled, window buttons hidden, title bar hidden
[2018.09.15-03.35.16:884][818]LogLoad: Game class is 'TopDownGameMode_C'
[2018.09.15-03.35.16:885][818]LogWorld: Bringing World /Game/UI-Rick/UEDPIE_0_MainMenuTest.MainMenuTest up for play (max tick rate 60) at 2018.09.14-23.35.16
[2018.09.15-03.35.16:885][818]LogWorld: Bringing up level for play took: 0.000263
[2018.09.15-03.35.16:901][818]PIE: Play in editor start time for /Game/UI-Rick/UEDPIE_0_MainMenuTest -0.489
[2018.09.15-03.35.16:901][818]LogBlueprintUserMessages: Late PlayInEditor Detection: Level '/Game/UI-Rick/MainMenuTest.MainMenuTest:PersistentLevel' has LevelScriptBlueprint '/Game/UI-Rick/MainMenuTest.MainMenuTest:PersistentLevel.MainMenuTest' with GeneratedClass '/Game/UI-Rick/MainMenuTest.MainMenuTest_C' with ClassGeneratedBy '/Game/UI-Rick/MainMenuTest.MainMenuTest:PersistentLevel.MainMenuTest'
[2018.09.15-03.35.46:237][697]LogSlate: Window 'ASH_Game Game Preview Standalone (64-bit/PCD3D_SM5)' being destroyed
[2018.09.15-03.35.46:269][697]LogBlueprintUserMessages: Early EndPlayMap Detection: Level '/Game/UI-Rick/MainMenuTest.MainMenuTest:PersistentLevel' has LevelScriptBlueprint '/Game/UI-Rick/MainMenuTest.MainMenuTest:PersistentLevel.MainMenuTest' with GeneratedClass '/Game/UI-Rick/MainMenuTest.MainMenuTest_C' with ClassGeneratedBy '/Game/UI-Rick/MainMenuTest.MainMenuTest:PersistentLevel.MainMenuTest'
[2018.09.15-03.35.46:297][697]LogPlayLevel: Display: Shutting down PIE online subsystems
[2018.09.15-03.35.46:297][697]LogBlueprintUserMessages: Late EndPlayMap Detection: Level '/Game/UI-Rick/MainMenuTest.MainMenuTest:PersistentLevel' has LevelScriptBlueprint '/Game/UI-Rick/MainMenuTest.MainMenuTest:PersistentLevel.MainMenuTest' with GeneratedClass '/Game/UI-Rick/MainMenuTest.MainMenuTest_C' with ClassGeneratedBy '/Game/UI-Rick/MainMenuTest.MainMenuTest:PersistentLevel.MainMenuTest'
[2018.09.15-03.35.46:345][699]LogPlayLevel: Display: Destroying online subsystem :Context_2
[2018.09.15-03.35.52:510][828]LogAssetEditorManager: Opening Asset editor for WidgetBlueprint /Game/UI-Rick/TopDownHUD.TopDownHUD
[2018.09.15-03.35.53:295][828]LogContentBrowser: Native class hierarchy updated for 'BlueprintGraph' in 0.0006 seconds. Added 116 classes and 0 folders.
[2018.09.15-03.35.54:109][828]LogSlate: Took 0.001805 seconds to synchronously load lazily loaded font '../../../Engine/Content/Slate/Fonts/Roboto-BoldCondensed.ttf' (158K)
[2018.09.15-03.36.08:528][249]LogSlate: Window 'TopDownHUD' being destroyed
[2018.09.15-03.36.08:564][249]LogSlate: Window 'TopDownHUD' being destroyed
[2018.09.15-03.36.28:214][931]LogAssetEditorManager: Opening Asset editor for Texture2D /Game/UI-Rick/UIAssets/AshTitle.AshTitle
[2018.09.15-03.36.28:230][931]LogContentBrowser: Native class hierarchy updated for 'TextureEditor' in 0.0003 seconds. Added 1 classes and 2 folders.
[2018.09.15-03.36.43:905][360]LogSlate: Window 'AshTitle' being destroyed
[2018.09.15-03.36.43:942][360]LogSlate: Window 'AshTitle' being destroyed
[2018.09.15-03.37.05:539][513]LogSlate: Window 'ASH_Game - Unreal Editor' being destroyed
[2018.09.15-03.37.05:539][513]LogWindowsTextInputMethodSystem: Display: IME system now deactivated.
[2018.09.15-03.37.05:704][514]Cmd: QUIT_EDITOR
[2018.09.15-03.37.06:037][514]LogExit: Preparing to exit.
[2018.09.15-03.37.06:610][514]LogExit: Editor shut down
[2018.09.15-03.37.06:610][514]LogExit: Transaction tracking system shut down
[2018.09.15-03.37.07:289][514]LogExit: Object subsystem successfully closed.
[2018.09.15-03.37.07:310][514]LogShaderCompilers: Display: Shaders left to compile 0
[2018.09.15-03.37.07:312][514]LogD3D11RHI: Shutdown
[2018.09.15-03.37.07:312][514]LogD3D11RHI: CleanupD3DDevice
[2018.09.15-03.37.07:313][514]LogD3D11RHI: ~FD3D11DynamicRHI
[2018.09.15-03.37.07:345][514]LogModuleManager: Shutting down and abandoning module TextureEditor (638)
[2018.09.15-03.37.07:345][514]LogModuleManager: Shutting down and abandoning module SequencerWidgets (636)
[2018.09.15-03.37.07:345][514]LogModuleManager: Shutting down and abandoning module BlueprintGraph (634)
[2018.09.15-03.37.07:345][514]LogModuleManager: Shutting down and abandoning module MovieSceneCapture (632)
[2018.09.15-03.37.07:345][514]LogModuleManager: Shutting down and abandoning module Voice (630)
[2018.09.15-03.37.07:345][514]LogModuleManager: Shutting down and abandoning module HierarchicalLODOutliner (628)
[2018.09.15-03.37.07:345][514]LogModuleManager: Shutting down and abandoning module SceneOutliner (626)
[2018.09.15-03.37.07:345][514]LogModuleManager: Shutting down and abandoning module AddContentDialog (624)
[2018.09.15-03.37.07:345][514]LogModuleManager: Shutting down and abandoning module WidgetCarousel (623)
[2018.09.15-03.37.07:345][514]LogModuleManager: Shutting down and abandoning module EditorWidgets (620)
[2018.09.15-03.37.07:345][514]LogModuleManager: Shutting down and abandoning module CollectionManager (618)
[2018.09.15-03.37.07:346][514]LogModuleManager: Shutting down and abandoning module StatsViewer (616)
[2018.09.15-03.37.07:346][514]LogModuleManager: Shutting down and abandoning module FoliageEdit (614)
[2018.09.15-03.37.07:346][514]LogModuleManager: Shutting down and abandoning module LandscapeEditor (612)
[2018.09.15-03.37.07:346][514]LogModuleManager: Shutting down and abandoning module MeshPaintMode (610)
[2018.09.15-03.37.07:346][514]LogModuleManager: Shutting down and abandoning module SceneDepthPickerMode (608)
[2018.09.15-03.37.07:346][514]LogModuleManager: Shutting down and abandoning module ActorPickerMode (606)
[2018.09.15-03.37.07:346][514]LogModuleManager: Shutting down and abandoning module GeometryMode (604)
[2018.09.15-03.37.07:346][514]LogModuleManager: Shutting down and abandoning module TextureAlignMode (602)
[2018.09.15-03.37.07:346][514]LogModuleManager: Shutting down and abandoning module BspMode (600)
[2018.09.15-03.37.07:346][514]LogModuleManager: Shutting down and abandoning module PIEPreviewDeviceProfileSelector (598)
[2018.09.15-03.37.07:346][514]LogModuleManager: Shutting down and abandoning module SequenceRecorderSections (596)
[2018.09.15-03.37.07:346][514]LogModuleManager: Shutting down and abandoning module AutomationWorker (594)
[2018.09.15-03.37.07:346][514]LogModuleManager: Shutting down and abandoning module DatasmithFBXImporter (592)
[2018.09.15-03.37.07:346][514]LogModuleManager: Shutting down and abandoning module DatasmithDeltaGenImporter (590)
[2018.09.15-03.37.07:346][514]LogModuleManager: Shutting down and abandoning module DatasmithVREDImporter (588)
[2018.09.15-03.37.07:346][514]LogModuleManager: Shutting down and abandoning module AudioCaptureEditor (586)
[2018.09.15-03.37.07:346][514]LogModuleManager: Shutting down and abandoning module SequenceRecorder (585)
[2018.09.15-03.37.07:346][514]LogModuleManager: Shutting down and abandoning module MatineeToLevelSequence (582)
[2018.09.15-03.37.07:346][514]LogModuleManager: Shutting down and abandoning module LevelSequenceEditor (580)
[2018.09.15-03.37.07:346][514]LogModuleManager: Shutting down and abandoning module PlacementMode (579)
[2018.09.15-03.37.07:346][514]LogModuleManager: Shutting down and abandoning module MaterialEditor (578)
[2018.09.15-03.37.07:346][514]LogModuleManager: Shutting down and abandoning module WmfMediaFactory (574)
[2018.09.15-03.37.07:346][514]LogModuleManager: Shutting down and abandoning module WmfMediaEditor (572)
[2018.09.15-03.37.07:346][514]LogModuleManager: Shutting down and abandoning module MediaPlayerEditor (570)
[2018.09.15-03.37.07:346][514]LogModuleManager: Shutting down and abandoning module OpenExrWrapper (568)
[2018.09.15-03.37.07:346][514]LogModuleManager: Shutting down and abandoning module ImgMediaFactory (566)
[2018.09.15-03.37.07:346][514]LogModuleManager: Shutting down and abandoning module ImgMediaEditor (564)
[2018.09.15-03.37.07:346][514]LogModuleManager: Shutting down and abandoning module AvfMediaFactory (562)
[2018.09.15-03.37.07:346][514]LogModuleManager: Shutting down and abandoning module AvfMediaEditor (560)
[2018.09.15-03.37.07:346][514]LogModuleManager: Shutting down and abandoning module AndroidMediaFactory (558)
[2018.09.15-03.37.07:346][514]LogModuleManager: Shutting down and abandoning module AndroidMediaEditor (556)
[2018.09.15-03.37.07:346][514]LogModuleManager: Shutting down and abandoning module MagicLeapCameraPreviewFactory (554)
[2018.09.15-03.37.07:346][514]LogModuleManager: Shutting down and abandoning module MagicLeapMediaFactory (552)
[2018.09.15-03.37.07:346][514]LogModuleManager: Shutting down and abandoning module MagicLeapMediaEditor (550)
[2018.09.15-03.37.07:346][514]LogModuleManager: Shutting down and abandoning module CharacterAI (548)
[2018.09.15-03.37.07:346][514]LogModuleManager: Shutting down and abandoning module SmartSnapping (546)
[2018.09.15-03.37.07:346][514]LogModuleManager: Shutting down and abandoning module SessionServices (544)
[2018.09.15-03.37.07:346][514]LogModuleManager: Shutting down and abandoning module ViewportSnapping (542)
[2018.09.15-03.37.07:346][514]LogModuleManager: Shutting down and abandoning module ViewportInteraction (540)
[2018.09.15-03.37.07:346][514]LogModuleManager: Shutting down and abandoning module ClothPainter (538)
[2018.09.15-03.37.07:346][514]LogModuleManager: Shutting down and abandoning module SkeletalMeshEditor (537)
[2018.09.15-03.37.07:346][514]LogModuleManager: Shutting down and abandoning module LogVisualizer (534)
[2018.09.15-03.37.07:346][514]LogModuleManager: Shutting down and abandoning module IntroTutorials (532)
[2018.09.15-03.37.07:346][514]LogModuleManager: Shutting down and abandoning module GameProjectGeneration (531)
[2018.09.15-03.37.07:347][514]LogModuleManager: Shutting down and abandoning module LuminPlatformEditor (528)
[2018.09.15-03.37.07:347][514]LogModuleManager: Shutting down and abandoning module IOSPlatformEditor (526)
[2018.09.15-03.37.07:347][514]LogModuleManager: Shutting down and abandoning module HTML5PlatformEditor (524)
[2018.09.15-03.37.07:347][514]LogModuleManager: Shutting down and abandoning module AndroidPlatformEditor (522)
[2018.09.15-03.37.07:347][514]LogModuleManager: Shutting down and abandoning module AndroidDeviceDetection (521)
[2018.09.15-03.37.07:981][514]LogModuleManager: Shutting down and abandoning module WindowsPlatformEditor (518)
[2018.09.15-03.37.07:981][514]LogModuleManager: Shutting down and abandoning module LuminRuntimeSettings (516)
[2018.09.15-03.37.07:981][514]LogModuleManager: Shutting down and abandoning module IOSRuntimeSettings (514)
[2018.09.15-03.37.07:981][514]LogModuleManager: Shutting down and abandoning module AndroidRuntimeSettings (512)
[2018.09.15-03.37.07:981][514]LogModuleManager: Shutting down and abandoning module InputBindingEditor (510)
[2018.09.15-03.37.07:981][514]LogModuleManager: Shutting down and abandoning module MergeActors (508)
[2018.09.15-03.37.07:981][514]LogModuleManager: Shutting down and abandoning module LocalizationDashboard (506)
[2018.09.15-03.37.07:981][514]LogModuleManager: Shutting down and abandoning module LocalizationService (505)
[2018.09.15-03.37.07:981][514]LogModuleManager: Shutting down and abandoning module HardwareTargeting (502)
[2018.09.15-03.37.07:981][514]LogModuleManager: Shutting down and abandoning module DeviceProfileEditor (500)
[2018.09.15-03.37.07:981][514]LogModuleManager: Shutting down and abandoning module UndoHistory (498)
[2018.09.15-03.37.07:981][514]LogModuleManager: Shutting down and abandoning module XmlParser (496)
[2018.09.15-03.37.07:981][514]LogModuleManager: Shutting down and abandoning module Blutility (494)
[2018.09.15-03.37.07:981][514]LogModuleManager: Shutting down and abandoning module ProjectSettingsViewer (492)
[2018.09.15-03.37.07:981][514]LogModuleManager: Shutting down and abandoning module ProjectTargetPlatformEditor (491)
[2018.09.15-03.37.07:981][514]LogModuleManager: Shutting down and abandoning module EditorSettingsViewer (488)
[2018.09.15-03.37.07:981][514]LogModuleManager: Shutting down and abandoning module SettingsEditor (486)
[2018.09.15-03.37.07:982][514]LogModuleManager: Shutting down and abandoning module ProjectLauncher (484)
[2018.09.15-03.37.07:982][514]LogModuleManager: Shutting down and abandoning module SessionFrontend (482)
[2018.09.15-03.37.07:982][514]LogModuleManager: Shutting down and abandoning module ProfilerClient (480)
[2018.09.15-03.37.07:982][514]LogModuleManager: Shutting down and abandoning module DeviceManager (478)
[2018.09.15-03.37.07:982][514]LogModuleManager: Shutting down and abandoning module TargetDeviceServices (477)
[2018.09.15-03.37.08:037][514]LogModuleManager: Shutting down and abandoning module AutomationController (474)
[2018.09.15-03.37.08:037][514]LogModuleManager: Shutting down and abandoning module AutomationWindow (472)
[2018.09.15-03.37.08:037][514]LogModuleManager: Shutting down and abandoning module Layers (470)
[2018.09.15-03.37.08:037][514]LogModuleManager: Shutting down and abandoning module ComponentVisualizers (468)
[2018.09.15-03.37.08:037][514]LogModuleManager: Shutting down and abandoning module DetailCustomizations (466)
[2018.09.15-03.37.08:037][514]LogModuleManager: Shutting down and abandoning module PackagesDialog (464)
[2018.09.15-03.37.08:037][514]LogModuleManager: Shutting down and abandoning module Persona (462)
[2018.09.15-03.37.08:037][514]LogModuleManager: Shutting down and abandoning module AnimGraph (461)
[2018.09.15-03.37.08:037][514]LogModuleManager: Shutting down and abandoning module Kismet (458)
[2018.09.15-03.37.08:040][514]LogModuleManager: Shutting down and abandoning module GraphEditor (456)
[2018.09.15-03.37.08:040][514]LogModuleManager: Shutting down and abandoning module ClassViewer (454)
[2018.09.15-03.37.08:040][514]LogModuleManager: Shutting down and abandoning module Toolbox (452)
[2018.09.15-03.37.08:040][514]LogModuleManager: Shutting down and abandoning module ModuleUI (450)
[2018.09.15-03.37.08:040][514]LogModuleManager: Shutting down and abandoning module MovieSceneTools (448)
[2018.09.15-03.37.08:040][514]LogModuleManager: Shutting down and abandoning module OutputLog (446)
[2018.09.15-03.37.08:040][514]LogModuleManager: Shutting down and abandoning module GammaUI (444)
[2018.09.15-03.37.08:040][514]LogModuleManager: Shutting down and abandoning module Documentation (442)
[2018.09.15-03.37.08:040][514]LogModuleManager: Shutting down and abandoning module MovieSceneTracks (440)
[2018.09.15-03.37.08:040][514]LogModuleManager: Shutting down and abandoning module MovieScene (438)
[2018.09.15-03.37.08:040][514]LogModuleManager: Shutting down and abandoning module StreamingPauseRendering (436)
[2018.09.15-03.37.08:040][514]LogModuleManager: Shutting down and abandoning module LauncherPlatform (434)
[2018.09.15-03.37.08:040][514]LogModuleManager: Shutting down and abandoning module AnalyticsET (432)
[2018.09.15-03.37.08:040][514]LogModuleManager: Shutting down and abandoning module PortalServices (430)
[2018.09.15-03.37.08:040][514]LogModuleManager: Shutting down and abandoning module PortalRpc (428)
[2018.09.15-03.37.08:040][514]LogModuleManager: Shutting down and abandoning module MessagingRpc (426)
[2018.09.15-03.37.08:040][514]LogModuleManager: Shutting down and abandoning module AIModule (424)
[2018.09.15-03.37.08:040][514]LogModuleManager: Shutting down and abandoning module GameplayDebugger (423)
[2018.09.15-03.37.08:040][514]LogModuleManager: Shutting down and abandoning module AITestSuite (421)
[2018.09.15-03.37.08:040][514]LogModuleManager: Shutting down and abandoning module NavigationSystem (419)
[2018.09.15-03.37.08:040][514]LogModuleManager: Shutting down and abandoning module DesktopPlatform (416)
[2018.09.15-03.37.08:040][514]LogModuleManager: Shutting down and abandoning module ProfilerService (414)
[2018.09.15-03.37.08:271][514]LogModuleManager: Shutting down and abandoning module TaskGraph (412)
[2018.09.15-03.37.08:271][514]LogModuleManager: Shutting down and abandoning module DatasmithCADImporter (410)
[2018.09.15-03.37.08:272][514]LogModuleManager: Shutting down and abandoning module StaticMeshEditorExtension (408)
[2018.09.15-03.37.08:272][514]LogModuleManager: Shutting down and abandoning module StaticMeshEditor (407)
[2018.09.15-03.37.08:275][514]LogModuleManager: Shutting down and abandoning module AdvancedPreviewScene (406)
[2018.09.15-03.37.08:275][514]LogModuleManager: Shutting down and abandoning module DatasmithMDLImporter (402)
[2018.09.15-03.37.08:279][514]LogModuleManager: Shutting down and abandoning module DatasmithImporter (400)
[2018.09.15-03.37.08:280][514]LogModuleManager: Shutting down and abandoning module SteamVRController (398)
[2018.09.15-03.37.08:280][514]LogModuleManager: Shutting down and abandoning module ProceduralMeshComponentEditor (396)
[2018.09.15-03.37.08:280][514]LogModuleManager: Shutting down and abandoning module ProceduralMeshComponent (394)
[2018.09.15-03.37.08:280][514]LogModuleManager: Shutting down and abandoning module OculusInput (392)
[2018.09.15-03.37.08:280][514]LogModuleManager: Shutting down and abandoning module MobilePatchingUtils (390)
[2018.09.15-03.37.08:280][514]LogModuleManager: Shutting down and abandoning module EditableMesh (388)
[2018.09.15-03.37.08:280][514]LogModuleManager: Shutting down and abandoning module CustomMeshComponent (386)
[2018.09.15-03.37.08:280][514]LogModuleManager: Shutting down and abandoning module CableComponent (384)
[2018.09.15-03.37.08:280][514]LogModuleManager: Shutting down and abandoning module AudioCapture (382)
[2018.09.15-03.37.08:280][514]LogModuleManager: Shutting down and abandoning module ArchVisCharacter (380)
[2018.09.15-03.37.08:280][514]LogModuleManager: Shutting down and abandoning module AndroidPermission (378)
[2018.09.15-03.37.08:280][514]LogModuleManager: Shutting down and abandoning module NUTUnrealEngine4 (376)
[2018.09.15-03.37.08:280][514]LogModuleManager: Shutting down and abandoning module NetcodeUnitTest (374)
[2018.09.15-03.37.08:280][514]LogModuleManager: Shutting down and abandoning module MediaCompositingEditor (372)
[2018.09.15-03.37.08:280][514]LogModuleManager: Shutting down and abandoning module MediaCompositing (370)
[2018.09.15-03.37.08:280][514]LogModuleManager: Shutting down and abandoning module LinearTimecode (368)
[2018.09.15-03.37.08:280][514]LogModuleManager: Shutting down and abandoning module ImgMedia (366)
[2018.09.15-03.37.08:288][514]LogModuleManager: Shutting down and abandoning module HTML5Networking (364)
[2018.09.15-03.37.08:288][514]LogModuleManager: Shutting down and abandoning module GeometryCacheTracks (362)
[2018.09.15-03.37.08:288][514]LogModuleManager: Shutting down and abandoning module GeometryCacheSequencer (360)
[2018.09.15-03.37.08:288][514]LogModuleManager: Shutting down and abandoning module BackChannel (358)
[2018.09.15-03.37.08:288][514]LogModuleManager: Shutting down and abandoning module AppleVision (356)
[2018.09.15-03.37.08:288][514]LogModuleManager: Shutting down and abandoning module AppleImageUtils (354)
[2018.09.15-03.37.08:288][514]LogModuleManager: Shutting down and abandoning module AlembicImporter (352)
[2018.09.15-03.37.08:288][514]LogModuleManager: Shutting down and abandoning module AlembicLibrary (351)
[2018.09.15-03.37.08:288][514]LogModuleManager: Shutting down and abandoning module GeometryCache (350)
[2018.09.15-03.37.08:288][514]LogModuleManager: Shutting down and abandoning module GeometryCacheEd (349)
[2018.09.15-03.37.08:288][514]LogModuleManager: Shutting down and abandoning module DatasmithContentEditor (344)
[2018.09.15-03.37.08:288][514]LogModuleManager: Shutting down and abandoning module DatasmithContent (342)
[2018.09.15-03.37.08:289][514]LogModuleManager: Shutting down and abandoning module SpeedTreeImporter (340)
[2018.09.15-03.37.08:289][514]LogModuleManager: Shutting down and abandoning module PluginBrowser (338)
[2018.09.15-03.37.08:290][514]LogModuleManager: Shutting down and abandoning module MobileLauncherProfileWizard (336)
[2018.09.15-03.37.08:290][514]LogModuleManager: Shutting down and abandoning module PolygonModeling (334)
[2018.09.15-03.37.08:290][514]LogModuleManager: Shutting down and abandoning module MeshEditor (332)
[2018.09.15-03.37.08:290][514]LogModuleManager: Shutting down and abandoning module EditorScriptingUtilities (330)
[2018.09.15-03.37.08:290][514]LogModuleManager: Shutting down and abandoning module CryptoKeysOpenSSL (328)
[2018.09.15-03.37.08:290][514]LogModuleManager: Shutting down and abandoning module CryptoKeys (326)
[2018.09.15-03.37.08:290][514]LogModuleManager: Shutting down and abandoning module VisualStudioSourceCodeAccess (324)
[2018.09.15-03.37.08:290][514]LogModuleManager: Shutting down and abandoning module VisualStudioCodeSourceCodeAccess (322)
[2018.09.15-03.37.08:290][514]LogModuleManager: Shutting down and abandoning module UObjectPlugin (320)
[2018.09.15-03.37.08:290][514]LogModuleManager: Shutting down and abandoning module SubversionSourceControl (318)
[2018.09.15-03.37.08:290][514]LogModuleManager: Shutting down and abandoning module PerforceSourceControl (316)
[2018.09.15-03.37.08:290][514]LogModuleManager: Shutting down and abandoning module GitSourceControl (314)
[2018.09.15-03.37.08:290][514]LogModuleManager: Shutting down and abandoning module SourceControl (313)
[2018.09.15-03.37.08:290][514]LogModuleManager: Shutting down and abandoning module CLionSourceCodeAccess (310)
[2018.09.15-03.37.08:290][514]LogModuleManager: Shutting down and abandoning module LightPropagationVolumeEditor (308)
[2018.09.15-03.37.08:290][514]LogModuleManager: Shutting down and abandoning module PaperTiledImporter (306)
[2018.09.15-03.37.08:290][514]LogModuleManager: Shutting down and abandoning module PaperSpriteSheetImporter (304)
[2018.09.15-03.37.08:291][514]LogModuleManager: Shutting down and abandoning module Paper2DEditor (302)
[2018.09.15-03.37.08:291][514]LogModuleManager: Shutting down and abandoning module MeshPaint (301)
[2018.09.15-03.37.08:291][514]LogModuleManager: Shutting down and abandoning module RuntimePhysXCooking (298)
[2018.09.15-03.37.08:291][514]LogModuleManager: Shutting down and abandoning module PhysXVehiclesEditor (296)
[2018.09.15-03.37.08:291][514]LogModuleManager: Shutting down and abandoning module PhysXVehicles (294)
[2018.09.15-03.37.08:291][514]LogModuleManager: Shutting down and abandoning module OculusEditor (292)
[2018.09.15-03.37.08:291][514]LogModuleManager: Shutting down and abandoning module LocationServicesBPLibrary (290)
[2018.09.15-03.37.08:291][514]LogModuleManager: Shutting down and abandoning module ImmediatePhysicsEditor (288)
[2018.09.15-03.37.08:291][514]LogModuleManager: Shutting down and abandoning module ImmediatePhysics (286)
[2018.09.15-03.37.08:291][514]LogModuleManager: Shutting down and abandoning module ActorSequence (284)
[2018.09.15-03.37.08:291][514]LogModuleManager: Shutting down and abandoning module UdpMessaging (282)
[2018.09.15-03.37.08:392][514]LogModuleManager: Shutting down and abandoning module TcpMessaging (280)
[2018.09.15-03.37.08:492][514]LogModuleManager: Shutting down and abandoning module MagicLeapAudio (278)
[2018.09.15-03.37.08:492][514]LogModuleManager: Shutting down and abandoning module GameplayTagsEditor (276)
[2018.09.15-03.37.08:492][514]LogModuleManager: Shutting down and abandoning module FacialAnimationEditor (274)
[2018.09.15-03.37.08:492][514]LogModuleManager: Shutting down and abandoning module FacialAnimation (272)
[2018.09.15-03.37.08:492][514]LogModuleManager: Shutting down and abandoning module DataValidation (270)
[2018.09.15-03.37.08:492][514]LogModuleManager: Shutting down and abandoning module AssetManagerEditor (268)
[2018.09.15-03.37.08:492][514]LogModuleManager: Shutting down and abandoning module LevelEditor (267)
[2018.09.15-03.37.08:493][514]LogModuleManager: Shutting down and abandoning module PixelInspectorModule (266)
[2018.09.15-03.37.08:493][514]LogModuleManager: Shutting down and abandoning module CommonMenuExtensions (264)
[2018.09.15-03.37.08:493][514]LogModuleManager: Shutting down and abandoning module MainFrame (262)
[2018.09.15-03.37.08:493][514]LogModuleManager: Shutting down and abandoning module HotReload (261)
[2018.09.15-03.37.08:494][514]LogModuleManager: Shutting down and abandoning module ContentBrowser (257)
[2018.09.15-03.37.08:494][514]LogModuleManager: Shutting down and abandoning module TreeMap (255)
[2018.09.15-03.37.08:494][514]LogModuleManager: Shutting down and abandoning module LightPropagationVolumeRuntime (252)
[2018.09.15-03.37.08:494][514]LogModuleManager: Shutting down and abandoning module AISupportModule (250)
[2018.09.15-03.37.08:494][514]LogModuleManager: Shutting down and abandoning module Paper2D (248)
[2018.09.15-03.37.08:494][514]LogModuleManager: Shutting down and abandoning module WindowsMoviePlayer (246)
[2018.09.15-03.37.08:495][514]LogModuleManager: Shutting down and abandoning module WmfMedia (244)
[2018.09.15-03.37.08:496][514]LogModuleManager: Shutting down and abandoning module Media (243)
[2018.09.15-03.37.08:502][514]LogModuleManager: Shutting down and abandoning module PacketHandler (240)
[2018.09.15-03.37.08:502][514]LogModuleManager: Shutting down and abandoning module ClothingSystemEditor (238)
[2018.09.15-03.37.08:502][514]LogModuleManager: Shutting down and abandoning module ClothingSystemRuntime (236)
[2018.09.15-03.37.08:503][514]LogModuleManager: Shutting down and abandoning module MediaAssets (234)
[2018.09.15-03.37.08:503][514]LogModuleManager: Shutting down and abandoning module Overlay (232)
[2018.09.15-03.37.08:503][514]LogModuleManager: Shutting down and abandoning module OverlayEditor (231)
[2018.09.15-03.37.08:503][514]LogModuleManager: Shutting down and abandoning module VREditor (228)
[2018.09.15-03.37.08:503][514]LogModuleManager: Shutting down and abandoning module StringTableEditor (226)
[2018.09.15-03.37.08:503][514]LogModuleManager: Shutting down and abandoning module GameplayTasksEditor (224)
[2018.09.15-03.37.08:503][514]LogModuleManager: Shutting down and abandoning module BehaviorTreeEditor (222)
[2018.09.15-03.37.08:503][514]LogModuleManager: Shutting down and abandoning module FunctionalTesting (220)
[2018.09.15-03.37.08:503][514]LogModuleManager: Shutting down and abandoning module CollisionAnalyzer (218)
[2018.09.15-03.37.08:503][514]LogModuleManager: Shutting down and abandoning module WorkspaceMenuStructure (217)
[2018.09.15-03.37.08:503][514]LogModuleManager: Shutting down and abandoning module UMG (214)
[2018.09.15-03.37.08:503][514]LogModuleManager: Shutting down and abandoning module UMGEditor (213)
[2018.09.15-03.37.08:503][514]LogModuleManager: Shutting down and abandoning module Sequencer (212)
[2018.09.15-03.37.08:503][514]LogModuleManager: Shutting down and abandoning module MessageLog (209)
[2018.09.15-03.37.08:503][514]LogModuleManager: Shutting down and abandoning module SlateReflector (204)
[2018.09.15-03.37.08:503][514]LogModuleManager: Shutting down and abandoning module Slate (202)
[2018.09.15-03.37.08:503][514]LogModuleManager: Shutting down and abandoning module EditorStyle (200)
[2018.09.15-03.37.08:506][514]LogModuleManager: Shutting down and abandoning module MRMesh (198)
[2018.09.15-03.37.08:506][514]LogModuleManager: Shutting down and abandoning module SourceCodeAccess (196)
[2018.09.15-03.37.08:506][514]LogModuleManager: Shutting down and abandoning module HeadMountedDisplay (194)
[2018.09.15-03.37.08:506][514]LogModuleManager: Shutting down and abandoning module XAudio2 (192)
[2018.09.15-03.37.08:507][514]LogModuleManager: Shutting down and abandoning module Networking (190)
[2018.09.15-03.37.08:507][514]LogModuleManager: Shutting down and abandoning module Core (188)
[2018.09.15-03.37.08:507][514]LogModuleManager: Shutting down and abandoning module LevelSequence (186)
[2018.09.15-03.37.08:507][514]LogModuleManager: Shutting down and abandoning module KismetCompiler (184)
[2018.09.15-03.37.08:507][514]LogModuleManager: Shutting down and abandoning module MeshUtilities (182)
[2018.09.15-03.37.08:507][514]LogModuleManager: Shutting down and abandoning module MeshMergeUtilities (181)
[2018.09.15-03.37.08:507][514]LogModuleManager: Shutting down and abandoning module MeshReductionInterface (180)
[2018.09.15-03.37.08:507][514]LogModuleManager: Shutting down and abandoning module SimplygonSwarm (179)
[2018.09.15-03.37.08:507][514]LogModuleManager: Shutting down and abandoning module ProxyLODMeshReduction (177)
[2018.09.15-03.37.08:507][514]LogModuleManager: Shutting down and abandoning module SimplygonMeshReduction (175)
[2018.09.15-03.37.08:507][514]LogModuleManager: Shutting down and abandoning module QuadricMeshReduction (173)
[2018.09.15-03.37.08:507][514]LogModuleManager: Shutting down and abandoning module MaterialBaking (169)
[2018.09.15-03.37.08:507][514]LogModuleManager: Shutting down and abandoning module DirectoryWatcher (165)
[2018.09.15-03.37.08:507][514]LogModuleManager: Shutting down and abandoning module DerivedDataCache (162)
[2018.09.15-03.37.08:508][514]LogDerivedDataCache: Shutdown
[2018.09.15-03.37.08:508][514]LogModuleManager: Shutting down and abandoning module XGEController (160)
[2018.09.15-03.37.08:508][514]LogModuleManager: Shutting down and abandoning module TargetPlatform (158)
[2018.09.15-03.37.08:509][514]LogModuleManager: Shutting down and abandoning module VulkanShaderFormat (157)
[2018.09.15-03.37.08:509][514]LogModuleManager: Shutting down and abandoning module ShaderFormatVectorVM (155)
[2018.09.15-03.37.08:509][514]LogModuleManager: Shutting down and abandoning module ShaderFormatOpenGL (153)
[2018.09.15-03.37.08:509][514]LogModuleManager: Shutting down and abandoning module ShaderFormatD3D (151)
[2018.09.15-03.37.08:509][514]LogModuleManager: Shutting down and abandoning module MetalShaderFormat (149)
[2018.09.15-03.37.08:509][514]LogModuleManager: Shutting down and abandoning module TextureFormatUncompressed (147)
[2018.09.15-03.37.08:509][514]LogModuleManager: Shutting down and abandoning module TextureFormatPVR (145)
[2018.09.15-03.37.08:509][514]LogModuleManager: Shutting down and abandoning module TextureFormatDXT (143)
[2018.09.15-03.37.08:509][514]LogModuleManager: Shutting down and abandoning module TextureFormatIntelISPCTexComp (141)
[2018.09.15-03.37.08:509][514]LogModuleManager: Shutting down and abandoning module TextureFormatASTC (139)
[2018.09.15-03.37.08:509][514]LogModuleManager: Shutting down and abandoning module ImageWrapper (138)
[2018.09.15-03.37.08:509][514]LogModuleManager: Shutting down and abandoning module TextureFormatAndroid (135)
[2018.09.15-03.37.08:509][514]LogModuleManager: Shutting down and abandoning module AudioFormatOpus (133)
[2018.09.15-03.37.08:509][514]LogModuleManager: Shutting down and abandoning module AudioFormatOgg (131)
[2018.09.15-03.37.08:509][514]LogModuleManager: Shutting down and abandoning module AudioFormatADPCM (129)
[2018.09.15-03.37.08:509][514]LogModuleManager: Shutting down and abandoning module LuminTargetPlatform (127)
[2018.09.15-03.37.08:509][514]LogModuleManager: Shutting down and abandoning module LinuxTargetPlatform (125)
[2018.09.15-03.37.08:509][514]LogModuleManager: Shutting down and abandoning module LinuxServerTargetPlatform (123)
[2018.09.15-03.37.08:509][514]LogModuleManager: Shutting down and abandoning module LinuxNoEditorTargetPlatform (121)
[2018.09.15-03.37.08:509][514]LogModuleManager: Shutting down and abandoning module LinuxClientTargetPlatform (119)
[2018.09.15-03.37.08:509][514]LogModuleManager: Shutting down and abandoning module TVOSTargetPlatform (117)
[2018.09.15-03.37.08:510][514]LogModuleManager: Shutting down and abandoning module Messaging (115)
[2018.09.15-03.37.08:510][514]LogModuleManager: Shutting down and abandoning module IOSTargetPlatform (113)
[2018.09.15-03.37.08:511][514]LogModuleManager: Shutting down and abandoning module HTML5TargetPlatform (111)
[2018.09.15-03.37.08:511][514]LogModuleManager: Shutting down and abandoning module AndroidTargetPlatform (109)
[2018.09.15-03.37.08:517][514]LogModuleManager: Shutting down and abandoning module WindowsTargetPlatform (107)
[2018.09.15-03.37.08:517][514]LogModuleManager: Shutting down and abandoning module WindowsServerTargetPlatform (105)
[2018.09.15-03.37.08:517][514]LogModuleManager: Shutting down and abandoning module WindowsNoEditorTargetPlatform (103)
[2018.09.15-03.37.08:517][514]LogModuleManager: Shutting down and abandoning module WindowsClientTargetPlatform (101)
[2018.09.15-03.37.08:517][514]LogModuleManager: Shutting down and abandoning module MacTargetPlatform (99)
[2018.09.15-03.37.08:518][514]LogModuleManager: Shutting down and abandoning module MacServerTargetPlatform (97)
[2018.09.15-03.37.08:518][514]LogModuleManager: Shutting down and abandoning module MacNoEditorTargetPlatform (95)
[2018.09.15-03.37.08:518][514]LogModuleManager: Shutting down and abandoning module MacClientTargetPlatform (93)
[2018.09.15-03.37.08:518][514]LogModuleManager: Shutting down and abandoning module AllDesktopTargetPlatform (91)
[2018.09.15-03.37.08:518][514]LogModuleManager: Shutting down and abandoning module InputCore (88)
[2018.09.15-03.37.08:518][514]LogModuleManager: Shutting down and abandoning module Settings (86)
[2018.09.15-03.37.08:518][514]LogModuleManager: Shutting down and abandoning module PhysXCooking (84)
[2018.09.15-03.37.08:518][514]LogModuleManager: Shutting down and abandoning module SteamVR (82)
[2018.09.15-03.37.08:518][514]LogModuleManager: Shutting down and abandoning module OculusHMD (80)
[2018.09.15-03.37.08:518][514]LogModuleManager: Shutting down and abandoning module ExampleDeviceProfileSelector (78)
[2018.09.15-03.37.08:518][514]LogModuleManager: Shutting down and abandoning module LauncherChunkInstaller (76)
[2018.09.15-03.37.08:518][514]LogModuleManager: Shutting down and abandoning module OnlineBlueprintSupport (74)
[2018.09.15-03.37.08:518][514]LogModuleManager: Shutting down and abandoning module OnlineSubsystem (70)
[2018.09.15-03.37.08:520][514]LogModuleManager: Shutting down and abandoning module XMPP (65)
[2018.09.15-03.37.08:520][514]LogModuleManager: Shutting down and abandoning module WebSockets (64)
[2018.09.15-03.37.08:542][514]LogModuleManager: Shutting down and abandoning module HTTP (61)
[2018.09.15-03.37.08:542][514]LogHttp: Display: Http module shutting down, but needs to wait on 1 outstanding Http requests:
[2018.09.15-03.37.08:542][514]LogHttp: Display: 	verb=[POST] url=[https://datarouter.ol.epicgames.com/datarouter/api/v1/public/data?SessionID=%7B6616E20B-4A47-55A3-2160-30B7BB17B4B5%7D&AppID=UEEditor.Rocket.Release&AppVersion=4.20.2-4302132%2B%2B%2BUE4%2BRelease-4.20&UserID=4407332f4ab425fdb31acf8897005ca0%7C95c61c04944743aaa69866e45f29d884%7C063883f5-a380-4f92-9adc-6ef513b0c3af&AppEnvironment=datacollector-binary&UploadType=eteventstream] status=Processing
[2018.09.15-03.37.08:556][514]LogModuleManager: Shutting down and abandoning module SSL (60)
[2018.09.15-03.37.08:557][514]LogModuleManager: Shutting down and abandoning module MagicLeapEmulator (56)
[2018.09.15-03.37.08:557][514]LogModuleManager: Shutting down and abandoning module MagicLeapPrivileges (54)
[2018.09.15-03.37.08:557][514]LogModuleManager: Shutting down and abandoning module MagicLeapIdentity (52)
[2018.09.15-03.37.08:557][514]LogModuleManager: Shutting down and abandoning module MagicLeapHelperVulkan (50)
[2018.09.15-03.37.08:557][514]LogModuleManager: Shutting down and abandoning module MagicLeapHelperOpenGL (48)
[2018.09.15-03.37.08:557][514]LogModuleManager: Shutting down and abandoning module MagicLeapSecureStorage (46)
[2018.09.15-03.37.08:557][514]LogModuleManager: Shutting down and abandoning module MagicLeapGestures (44)
[2018.09.15-03.37.08:557][514]LogModuleManager: Shutting down and abandoning module MagicLeapEyeTracker (42)
[2018.09.15-03.37.08:557][514]LogModuleManager: Shutting down and abandoning module MagicLeapController (40)
[2018.09.15-03.37.08:557][514]LogSlate: Slate User Destroyed.  User Index 0, Is Virtual User: 0
[2018.09.15-03.37.08:557][514]LogModuleManager: Shutting down and abandoning module MagicLeap (38)
[2018.09.15-03.37.08:557][514]LogModuleManager: Shutting down and abandoning module AnimationModifiers (36)
[2018.09.15-03.37.08:557][514]LogModuleManager: Shutting down and abandoning module PropertyEditor (35)
[2018.09.15-03.37.08:557][514]LogModuleManager: Shutting down and abandoning module AudioEditor (32)
[2018.09.15-03.37.08:557][514]LogModuleManager: Shutting down and abandoning module TextureCompressor (30)
[2018.09.15-03.37.08:557][514]LogModuleManager: Shutting down and abandoning module ShaderCore (28)
[2018.09.15-03.37.08:557][514]LogModuleManager: Shutting down and abandoning module Landscape (26)
[2018.09.15-03.37.08:557][514]LogModuleManager: Shutting down and abandoning module SlateRHIRenderer (24)
[2018.09.15-03.37.08:558][514]LogModuleManager: Shutting down and abandoning module OpenGLDrv (22)
[2018.09.15-03.37.08:558][514]LogModuleManager: Shutting down and abandoning module D3D11RHI (20)
[2018.09.15-03.37.08:558][514]LogModuleManager: Shutting down and abandoning module AnimGraphRuntime (18)
[2018.09.15-03.37.08:558][514]LogModuleManager: Shutting down and abandoning module Renderer (16)
[2018.09.15-03.37.08:558][514]LogModuleManager: Shutting down and abandoning module Engine (14)
[2018.09.15-03.37.08:558][514]LogModuleManager: Shutting down and abandoning module CoreUObject (12)
[2018.09.15-03.37.08:558][514]LogModuleManager: Shutting down and abandoning module NetworkFile (10)
[2018.09.15-03.37.08:558][514]LogModuleManager: Shutting down and abandoning module CookedIterativeFile (8)
[2018.09.15-03.37.08:558][514]LogModuleManager: Shutting down and abandoning module StreamingFile (6)
[2018.09.15-03.37.08:558][514]LogModuleManager: Shutting down and abandoning module SandboxFile (4)
[2018.09.15-03.37.08:558][514]LogModuleManager: Shutting down and abandoning module PakFile (2)
[2018.09.15-03.37.08:567][514]LogExit: Exiting.
[2018.09.15-03.37.08:575][514]Log file closed, 09/14/18 23:37:08
