Log file open, 09/14/18 06:15:08
LogWindows: Failed to load 'aqProf.dll' (GetLastError=126)
LogWindows: File 'aqProf.dll' does not exist
LogWindows: Failed to load 'VSPerf140.dll' (GetLastError=126)
LogWindows: File 'VSPerf140.dll' does not exist
LogWindows: Failed to load 'VtuneApi.dll' (GetLastError=126)
LogWindows: File 'VtuneApi.dll' does not exist
LogWindows: Failed to load 'VtuneApi32e.dll' (GetLastError=126)
LogWindows: File 'VtuneApi32e.dll' does not exist
LogInit: Display: Running engine for game: ASH_Game
LogPlatformFile: Not using cached read wrapper
LogTaskGraph: Started task graph with 5 named threads and 23 total threads with 3 sets of task threads.
LogStats: Stats thread started at 0.294167
LogD3D11RHI: Loaded GFSDK_Aftermath_Lib.x64.dll
LogICUInternationalization: Display: ICU TimeZone Detection - Raw Offset: -5:00, Platform Override: ''
LogPluginManager: Mounting plugin Paper2D
LogPluginManager: Mounting plugin AISupport
LogPluginManager: Mounting plugin LightPropagationVolume
LogPluginManager: Mounting plugin CLionSourceCodeAccess
LogPluginManager: Mounting plugin CodeLiteSourceCodeAccess
LogPluginManager: Mounting plugin GitSourceControl
LogPluginManager: Mounting plugin KDevelopSourceCodeAccess
LogPluginManager: Mounting plugin NullSourceCodeAccess
LogPluginManager: Mounting plugin PerforceSourceControl
LogPluginManager: Mounting plugin SubversionSourceControl
LogPluginManager: Mounting plugin UObjectPlugin
LogPluginManager: Mounting plugin VisualStudioCodeSourceCodeAccess
LogPluginManager: Mounting plugin VisualStudioSourceCodeAccess
LogPluginManager: Mounting plugin XCodeSourceCodeAccess
LogPluginManager: Mounting plugin AssetManagerEditor
LogPluginManager: Mounting plugin CryptoKeys
LogPluginManager: Mounting plugin DataValidation
LogPluginManager: Mounting plugin FacialAnimation
LogPluginManager: Mounting plugin GameplayTagsEditor
LogPluginManager: Mounting plugin MacGraphicsSwitching
LogPluginManager: Mounting plugin MeshEditor
LogPluginManager: Mounting plugin MobileLauncherProfileWizard
LogPluginManager: Mounting plugin PluginBrowser
LogPluginManager: Mounting plugin SpeedTreeImporter
LogPluginManager: Mounting plugin DatasmithContent
LogPluginManager: Mounting plugin AlembicImporter
LogPluginManager: Mounting plugin AppleImageUtils
LogPluginManager: Mounting plugin AppleVision
LogPluginManager: Mounting plugin BackChannel
LogPluginManager: Mounting plugin CharacterAI
LogPluginManager: Mounting plugin GeometryCache
LogPluginManager: Mounting plugin HTML5Networking
LogPluginManager: Mounting plugin ProxyLODPlugin
LogPluginManager: Mounting plugin MagicLeap
LogPluginManager: Mounting plugin MagicLeapEmulator
LogPluginManager: Mounting plugin MagicLeapMedia
LogPluginManager: Mounting plugin AndroidMedia
LogPluginManager: Mounting plugin AvfMedia
LogPluginManager: Mounting plugin ImgMedia
LogPluginManager: Mounting plugin LinearTimecode
LogPluginManager: Mounting plugin MediaCompositing
LogPluginManager: Mounting plugin MediaPlayerEditor
LogPluginManager: Mounting plugin WmfMedia
LogPluginManager: Mounting plugin TcpMessaging
LogPluginManager: Mounting plugin UdpMessaging
LogPluginManager: Mounting plugin ActorSequence
LogPluginManager: Mounting plugin LevelSequenceEditor
LogPluginManager: Mounting plugin MatineeToLevelSequence
LogPluginManager: Mounting plugin NetcodeUnitTest
LogPluginManager: Mounting plugin NUTUnrealEngine4
LogPluginManager: Mounting plugin OnlineSubsystemGooglePlay
LogPluginManager: Mounting plugin OnlineSubsystemIOS
LogPluginManager: Mounting plugin OnlineSubsystem
LogPluginManager: Mounting plugin OnlineSubsystemNull
LogPluginManager: Mounting plugin OnlineSubsystemUtils
LogPluginManager: Mounting plugin LauncherChunkInstaller
LogPluginManager: Mounting plugin AndroidDeviceProfileSelector
LogPluginManager: Mounting plugin AndroidMoviePlayer
LogPluginManager: Mounting plugin AndroidPermission
LogPluginManager: Mounting plugin AppleMoviePlayer
LogPluginManager: Mounting plugin ArchVisCharacter
LogPluginManager: Mounting plugin AudioCapture
LogPluginManager: Mounting plugin CableComponent
LogPluginManager: Mounting plugin CustomMeshComponent
LogPluginManager: Mounting plugin EditableMesh
LogPluginManager: Mounting plugin ExampleDeviceProfileSelector
LogPluginManager: Mounting plugin GoogleCloudMessaging
LogPluginManager: Mounting plugin ImmediatePhysics
LogPluginManager: Mounting plugin IOSDeviceProfileSelector
LogPluginManager: Mounting plugin LinuxDeviceProfileSelector
LogPluginManager: Mounting plugin LocationServicesBPLibrary
LogPluginManager: Mounting plugin MobilePatchingUtils
LogPluginManager: Mounting plugin OculusVR
LogPluginManager: Plugin shader directory ../../../Engine/Plugins/Runtime/Oculus/OculusVR/Shaders found
LogPluginManager: Mapping shader source directory ../../../Engine/Plugins/Runtime/Oculus/OculusVR/Shaders to virtual directory /Plugin/OculusVR
LogPluginManager: Mounting plugin PhysXVehicles
LogPluginManager: Mounting plugin ProceduralMeshComponent
LogPluginManager: Mounting plugin RuntimePhysXCooking
LogPluginManager: Mounting plugin SteamVR
LogPluginManager: Mounting plugin WindowsMoviePlayer
LogStreaming: Display: Took  0.138s to configure plugins.
LogInit: Using libcurl 7.55.1-DEV
LogInit:  - built for x86_64-pc-win32
LogInit:  - supports SSL with OpenSSL/1.0.2h
LogInit:  - supports HTTP deflate (compression) using libz 1.2.8
LogInit:  - other features:
LogInit:      CURL_VERSION_SSL
LogInit:      CURL_VERSION_LIBZ
LogInit:      CURL_VERSION_IPV6
LogInit:      CURL_VERSION_ASYNCHDNS
LogInit:      CURL_VERSION_LARGEFILE
LogInit:      CURL_VERSION_IDN
LogInit:  CurlRequestOptions (configurable via config and command line):
LogInit:  - bVerifyPeer = false  - Libcurl will NOT verify peer certificate
LogInit:  - bUseHttpProxy = false  - Libcurl will NOT use HTTP proxy
LogInit:  - bDontReuseConnections = false  - Libcurl will reuse connections
LogInit:  - CertBundlePath = nullptr  - Libcurl will use whatever was configured at build time.
LogInit:  - MaxHostConnections = 16  - Libcurl will limit the number of connections to a host
LogInit:  - LocalHostAddr = Default
LogInit:  - BufferSize = 65536
LogInit: WinSock: version 1.1 (2.2), MaxSocks=32767, MaxUdp=65467
LogInit: Build: ++UE4+Release-4.20-CL-4302132
LogInit: Engine Version: 4.20.2-4302132+++UE4+Release-4.20
LogInit: Compatible Engine Version: 4.20.0-4212847+++UE4+Release-4.20
LogInit: Net CL: 4212847
LogInit: OS: Windows 10 (), CPU: Intel(R) Core(TM) i7-7700HQ CPU @ 2.80GHz, GPU: NVIDIA GeForce GTX 1070
LogInit: Compiled (64-bit): Aug 21 2018 02:06:06
LogInit: Compiled with Visual C++: 19.13.26129.00
LogInit: Build Configuration: Development
LogInit: Branch Name: ++UE4+Release-4.20
LogInit: Command Line: -EpicPortal 
LogInit: Base Directory: D:/UE_4.20/UE_4.20/Engine/Binaries/Win64/
LogInit: Installed Engine Build: 1
LogDevObjectVersion: Number of dev versions registered: 20
LogDevObjectVersion:   Dev-Blueprints (B0D832E4-1F89-4F0D-ACCF-7EB736FD4AA2): 10
LogDevObjectVersion:   Dev-Build (E1C64328-A22C-4D53-A36C-8E866417BD8C): 0
LogDevObjectVersion:   Dev-Core (375EC13C-06E4-48FB-B500-84F0262A717E): 2
LogDevObjectVersion:   Dev-Editor (E4B068ED-F494-42E9-A231-DA0B2E46BB41): 24
LogDevObjectVersion:   Dev-Framework (CFFC743F-43B0-4480-9391-14DF171D2073): 34
LogDevObjectVersion:   Dev-Mobile (B02B49B5-BB20-44E9-A304-32B752E40360): 2
LogDevObjectVersion:   Dev-Networking (A4E4105C-59A1-49B5-A7C5-40C4547EDFEE): 0
LogDevObjectVersion:   Dev-Online (39C831C9-5AE6-47DC-9A44-9C173E1C8E7C): 0
LogDevObjectVersion:   Dev-Physics (78F01B33-EBEA-4F98-B9B4-84EACCB95AA2): 0
LogDevObjectVersion:   Dev-Platform (6631380F-2D4D-43E0-8009-CF276956A95A): 0
LogDevObjectVersion:   Dev-Rendering (12F88B9F-8875-4AFC-A67C-D90C383ABD29): 26
LogDevObjectVersion:   Dev-Sequencer (7B5AE74C-D270-4C10-A958-57980B212A5A): 9
LogDevObjectVersion:   Dev-VR (D7296918-1DD6-4BDD-9DE2-64A83CC13884): 2
LogDevObjectVersion:   Dev-LoadTimes (C2A15278-BFE7-4AFE-6C17-90FF531DF755): 1
LogDevObjectVersion:   Private-Geometry (6EACA3D4-40EC-4CC1-B786-8BED09428FC5): 3
LogDevObjectVersion:   Dev-AnimPhys (29E575DD-E0A3-4627-9D10-D276232CDCEA): 17
LogDevObjectVersion:   Dev-ReflectionCapture (6B266CEC-1EC7-4B8F-A30B-E4D90942FC07): 1
LogDevObjectVersion:   Dev-Automation (0DF73D61-A23F-47EA-B727-89E90C41499A): 1
LogDevObjectVersion:   FortniteMain (601D1886-AC64-4F84-AA16-D3DE0DEAC7D6): 12
LogDevObjectVersion:   Dev-Enterprise (9DFFBCD6-494F-0158-E221-12823C92A888): 1
LogStreaming: Display: Took  0.000s to delete old logs.
LogInit: Presizing for max 8388607 objects, including 0 objects not considered by GC, pre-allocating 0 bytes for permanent pool.
LogInit: Object subsystem initialized
[2018.09.14-10.15.08:960][  0]LogInit: Selected Device Profile: [Windows]
[2018.09.14-10.15.08:960][  0]LogInit: Applying CVar settings loaded from the selected device profile: [Windows]
[2018.09.14-10.15.08:973][  0]LogHAL: Display: Platform has ~ 16 GB [17046728704 / 17179869184 / 16], which maps to Larger [LargestMinGB=32, LargerMinGB=12, DefaultMinGB=8, SmallerMinGB=6, SmallestMinGB=0)
[2018.09.14-10.15.08:973][  0]LogInit: Setting Device Profile CVar: [[r.Vulkan.UseRealUBs:1]]
[2018.09.14-10.15.08:973][  0]LogInit: Going up to parent DeviceProfile []
[2018.09.14-10.15.08:973][  0]LogInit: Computer: DESKTOP-EKVR1F9
[2018.09.14-10.15.08:973][  0]LogInit: User: DylanBruton
[2018.09.14-10.15.08:973][  0]LogInit: CPU Page size=4096, Cores=4
[2018.09.14-10.15.08:973][  0]LogInit: High frequency timer resolution =2.742191 MHz
[2018.09.14-10.15.08:973][  0]LogMemory: Memory total: Physical=15.9GB (16GB approx)
[2018.09.14-10.15.08:973][  0]LogMemory: Platform Memory Stats for Windows
[2018.09.14-10.15.08:973][  0]LogMemory: Process Physical Memory: 101.79 MB used, 101.79 MB peak
[2018.09.14-10.15.08:973][  0]LogMemory: Process Virtual Memory: 90.54 MB used, 90.54 MB peak
[2018.09.14-10.15.08:973][  0]LogMemory: Physical Memory: 8383.39 MB used,  7873.64 MB free, 16257.03 MB total
[2018.09.14-10.15.08:973][  0]LogMemory: Virtual Memory: 4644.48 MB used,  7873.64 MB free, 134217728.00 MB total
[2018.09.14-10.15.09:281][  0]LogInit: Using OS detected language (en-US).
[2018.09.14-10.15.09:281][  0]LogInit: Using OS detected locale (en-US).
[2018.09.14-10.15.09:282][  0]LogTextLocalizationManager: No specific localization for 'en-US' exists, so the 'en' localization will be used.
[2018.09.14-10.15.09:679][  0]LogStreaming: Display: Took  0.399s to InitEngineTextLocalization.
[2018.09.14-10.15.09:679][  0]LogInit: Setting process to per monitor DPI aware
[2018.09.14-10.15.09:711][  0]LogSlate: New Slate User Created.  User Index 0, Is Virtual User: 0
[2018.09.14-10.15.09:711][  0]LogSlate: Slate User Registered.  User Index 0, Is Virtual User: 0
[2018.09.14-10.15.10:018][  0]LogHMD: Failed to initialize OpenVR with code 110
[2018.09.14-10.15.10:018][  0]LogD3D11RHI: D3D11 adapters:
[2018.09.14-10.15.10:064][  0]LogD3D11RHI:    0. 'NVIDIA GeForce GTX 1070' (Feature Level 11_0)
[2018.09.14-10.15.10:064][  0]LogD3D11RHI:       8089/0/8128 MB DedicatedVideo/DedicatedSystem/SharedSystem, Outputs:1, VendorId:0x10de
[2018.09.14-10.15.10:084][  0]LogD3D11RHI:    1. 'Intel(R) HD Graphics 630' (Feature Level 11_0)
[2018.09.14-10.15.10:085][  0]LogD3D11RHI:       128/0/8128 MB DedicatedVideo/DedicatedSystem/SharedSystem, Outputs:0, VendorId:0x8086
[2018.09.14-10.15.10:086][  0]LogD3D11RHI:    2. 'Microsoft Basic Render Driver' (Feature Level 11_0)
[2018.09.14-10.15.10:086][  0]LogD3D11RHI:       0/0/8128 MB DedicatedVideo/DedicatedSystem/SharedSystem, Outputs:0, VendorId:0x1414
[2018.09.14-10.15.10:086][  0]LogD3D11RHI: Chosen D3D11 Adapter: 0
[2018.09.14-10.15.10:095][  0]LogD3D11RHI: Creating new Direct3DDevice
[2018.09.14-10.15.10:095][  0]LogD3D11RHI:     GPU DeviceId: 0x1be1 (for the marketing name, search the web for "GPU Device Id")
[2018.09.14-10.15.10:095][  0]LogWindows: EnumDisplayDevices:
[2018.09.14-10.15.10:095][  0]LogWindows:    0. 'NVIDIA GeForce GTX 1070' (P:1 D:1)
[2018.09.14-10.15.10:095][  0]LogWindows:    1. 'NVIDIA GeForce GTX 1070' (P:0 D:0)
[2018.09.14-10.15.10:095][  0]LogWindows:    2. 'NVIDIA GeForce GTX 1070' (P:0 D:0)
[2018.09.14-10.15.10:095][  0]LogWindows:    3. 'NVIDIA GeForce GTX 1070' (P:0 D:0)
[2018.09.14-10.15.10:095][  0]LogWindows:    4. 'Intel(R) HD Graphics 630' (P:0 D:0)
[2018.09.14-10.15.10:095][  0]LogWindows:    5. 'Intel(R) HD Graphics 630' (P:0 D:0)
[2018.09.14-10.15.10:095][  0]LogWindows:    6. 'Intel(R) HD Graphics 630' (P:0 D:0)
[2018.09.14-10.15.10:096][  0]LogWindows: DebugString: PrimaryIsNotTheChoosenAdapter PrimaryIsNotTheChoosenAdapter PrimaryIsNotTheChoosenAdapter FoundDriverCount:4 
[2018.09.14-10.15.10:096][  0]LogD3D11RHI:     Adapter Name: NVIDIA GeForce GTX 1070
[2018.09.14-10.15.10:096][  0]LogD3D11RHI:   Driver Version: 389.12 (internal:23.21.13.8912, unified:389.12)
[2018.09.14-10.15.10:096][  0]LogD3D11RHI:      Driver Date: 3-7-2018
[2018.09.14-10.15.10:096][  0]LogRHI: Texture pool is 5662 MB (70% of 8089 MB)
[2018.09.14-10.15.10:124][  0]LogD3D11RHI: Async texture creation enabled
[2018.09.14-10.15.10:197][  0]LogD3D11RHI: GPU Timing Frequency: 1000.000000 (Debug: 2 1)
[2018.09.14-10.15.10:244][  0]LogShaderCompilers: Guid format shader working directory is 2 characters bigger than the processId version (../../../../../GameDev/_Projects/UE4Group/ASH_Game/Intermediate/Shaders/WorkingDirectory/22180/).
[2018.09.14-10.15.10:244][  0]LogShaderCompilers: Cleaned the shader compiler working directory 'C:/Users/Dylan Bruton/AppData/Local/Temp/UnrealShaderWorkingDir/8B52A3E242152D8EFC01139CB31A3126/'.
[2018.09.14-10.15.10:520][  0]LogTemp: Display: Loaded TP AllDesktopTargetPlatform
[2018.09.14-10.15.10:534][  0]LogTemp: Display: Loaded TP MacClientTargetPlatform
[2018.09.14-10.15.10:546][  0]LogTemp: Display: Loaded TP MacNoEditorTargetPlatform
[2018.09.14-10.15.10:561][  0]LogTemp: Display: Loaded TP MacServerTargetPlatform
[2018.09.14-10.15.10:575][  0]LogTemp: Display: Loaded TP MacTargetPlatform
[2018.09.14-10.15.10:589][  0]LogTemp: Display: Loaded TP WindowsClientTargetPlatform
[2018.09.14-10.15.10:601][  0]LogTemp: Display: Loaded TP WindowsNoEditorTargetPlatform
[2018.09.14-10.15.10:615][  0]LogTemp: Display: Loaded TP WindowsServerTargetPlatform
[2018.09.14-10.15.10:621][  0]LogTemp: Display: Loaded TP WindowsTargetPlatform
[2018.09.14-10.15.10:702][  0]LogTemp: Display: Loaded TP AndroidTargetPlatform
[2018.09.14-10.15.10:702][  0]LogTemp: Display: Loaded TP AndroidTargetPlatform
[2018.09.14-10.15.10:702][  0]LogTemp: Display: Loaded TP AndroidTargetPlatform
[2018.09.14-10.15.10:702][  0]LogTemp: Display: Loaded TP AndroidTargetPlatform
[2018.09.14-10.15.10:702][  0]LogTemp: Display: Loaded TP AndroidTargetPlatform
[2018.09.14-10.15.10:702][  0]LogTemp: Display: Loaded TP AndroidTargetPlatform
[2018.09.14-10.15.10:702][  0]LogTemp: Display: Loaded TP AndroidTargetPlatform
[2018.09.14-10.15.10:702][  0]LogTemp: Display: Loaded TP AndroidTargetPlatform
[2018.09.14-10.15.10:702][  0]LogTemp: Display: Loaded TP AndroidTargetPlatform
[2018.09.14-10.15.10:702][  0]LogTemp: Display: Loaded TP AndroidTargetPlatform
[2018.09.14-10.15.10:702][  0]LogTemp: Display: Loaded TP AndroidTargetPlatform
[2018.09.14-10.15.10:702][  0]LogTemp: Display: Loaded TP AndroidTargetPlatform
[2018.09.14-10.15.10:702][  0]LogTemp: Display: Loaded TP AndroidTargetPlatform
[2018.09.14-10.15.10:702][  0]LogTemp: Display: Loaded TP AndroidTargetPlatform
[2018.09.14-10.15.10:702][  0]LogTemp: Display: Loaded TP AndroidTargetPlatform
[2018.09.14-10.15.10:702][  0]LogTemp: Display: Loaded TP AndroidTargetPlatform
[2018.09.14-10.15.10:702][  0]LogTemp: Display: Loaded TP AndroidTargetPlatform
[2018.09.14-10.15.10:702][  0]LogTemp: Display: Loaded TP AndroidTargetPlatform
[2018.09.14-10.15.10:704][  0]LogTemp: Display: Loaded TP HTML5TargetPlatform
[2018.09.14-10.15.10:766][  0]LogTemp: Display: Loaded TP IOSTargetPlatform
[2018.09.14-10.15.10:766][  0]LogTemp: Display: Loaded TP IOSTargetPlatform
[2018.09.14-10.15.10:791][  0]LogTemp: Display: Loaded TP TVOSTargetPlatform
[2018.09.14-10.15.10:791][  0]LogTemp: Display: Loaded TP TVOSTargetPlatform
[2018.09.14-10.15.10:803][  0]LogTemp: Display: Loaded TP LinuxClientTargetPlatform
[2018.09.14-10.15.10:817][  0]LogTemp: Display: Loaded TP LinuxNoEditorTargetPlatform
[2018.09.14-10.15.10:831][  0]LogTemp: Display: Loaded TP LinuxServerTargetPlatform
[2018.09.14-10.15.10:847][  0]LogTemp: Display: Loaded TP LinuxTargetPlatform
[2018.09.14-10.15.10:858][  0]LogTemp: Display: Loaded TP LuminTargetPlatform
[2018.09.14-10.15.10:858][  0]LogTargetPlatformManager: Display: Building Assets For Windows
[2018.09.14-10.15.10:910][  0]LogXGEController: Cannot use XGE Controller as Incredibuild is not installed on this machine.
[2018.09.14-10.15.10:910][  0]LogShaderCompilers: Cannot use XGE Shader Compiler as Incredibuild is not installed on this machine.
[2018.09.14-10.15.10:910][  0]LogShaderCompilers: Display: Using Local Shader Compiler.
[2018.09.14-10.15.11:669][  0]LogDerivedDataCache: Display: Max Cache Size: 512 MB
[2018.09.14-10.15.11:723][  0]LogDerivedDataCache: Loaded boot cache 0.05s 71MB C:/Users/Dylan Bruton/AppData/Local/UnrealEngine/4.20/DerivedDataCache/Boot.ddc.
[2018.09.14-10.15.11:723][  0]LogDerivedDataCache: Display: Loaded Boot cache: C:/Users/Dylan Bruton/AppData/Local/UnrealEngine/4.20/DerivedDataCache/Boot.ddc
[2018.09.14-10.15.11:724][  0]LogDerivedDataCache: FDerivedDataBackendGraph:  Pak pak cache file ../../../../../GameDev/_Projects/UE4Group/ASH_Game/DerivedDataCache/DDC.ddp not found, will not use a pak cache.
[2018.09.14-10.15.11:724][  0]LogDerivedDataCache: Unable to find inner node Pak for hierarchical cache Hierarchy.
[2018.09.14-10.15.11:724][  0]LogDerivedDataCache: FDerivedDataBackendGraph:  CompressedPak pak cache file ../../../../../GameDev/_Projects/UE4Group/ASH_Game/DerivedDataCache/Compressed.ddp not found, will not use a pak cache.
[2018.09.14-10.15.11:724][  0]LogDerivedDataCache: Unable to find inner node CompressedPak for hierarchical cache Hierarchy.
[2018.09.14-10.15.11:738][  0]LogDerivedDataCache: Display: Pak cache opened for reading ../../../Engine/DerivedDataCache/Compressed.ddp.
[2018.09.14-10.15.11:750][  0]LogDerivedDataCache: Using Local data cache path C:/Users/Dylan Bruton/AppData/Local/UnrealEngine/Common/DerivedDataCache: Writable
[2018.09.14-10.15.11:750][  0]LogDerivedDataCache: Shared data cache path not found in *engine.ini, will not use an Shared cache.
[2018.09.14-10.15.11:750][  0]LogDerivedDataCache: Unable to find inner node Shared for hierarchical cache Hierarchy.
[2018.09.14-10.15.11:768][  0]LogMaterial: Verifying Global Shaders for PCD3D_SM5
[2018.09.14-10.15.11:771][  0]LogSlate: Using FreeType 2.6.0
[2018.09.14-10.15.11:772][  0]LogSlate: SlateFontServices - WITH_FREETYPE: 1, WITH_HARFBUZZ: 1
[2018.09.14-10.15.11:858][  0]LogAssetRegistry: FAssetRegistry took 0.0272 seconds to start up
[2018.09.14-10.15.12:203][  0]LogInit: Selected Device Profile: [Windows]
[2018.09.14-10.15.12:343][  0]LogSimplygon: Simplygon DLL not present - disabling.
[2018.09.14-10.15.12:346][  0]LogMeshReduction: Using SimplygonSwarm for distributed automatic mesh merging
[2018.09.14-10.15.12:346][  0]LogMeshReduction: Using ProxyLODMeshReduction for automatic mesh merging
[2018.09.14-10.15.12:346][  0]LogMeshReduction: Using QuadricMeshReduction for automatic static mesh reduction
[2018.09.14-10.15.12:346][  0]LogMeshReduction: No automatic skeletal mesh reduction module available
[2018.09.14-10.15.12:367][  0]LogNetVersion: ASH_Game 1.0.0, NetCL: 4212847, EngineNetVer: 5, GameNetVer: 0 (Checksum: 1471675654)
[2018.09.14-10.15.12:942][  0]LogPackageLocalizationCache: Processed 11 localized package path(s) for 2 prioritized culture(s) in 0.116981 seconds
[2018.09.14-10.15.12:948][  0]LogUObjectArray: 38425 objects as part of root set at end of initial load.
[2018.09.14-10.15.12:948][  0]LogUObjectAllocator: 6690872 out of 0 bytes used by permanent object pool.
[2018.09.14-10.15.12:948][  0]LogUObjectArray: CloseDisregardForGC: 0/0 objects in disregard for GC pool
[2018.09.14-10.15.13:920][  0]LogTcpMessaging: Initializing TcpMessaging bridge
[2018.09.14-10.15.13:933][  0]LogUdpMessaging: Initializing bridge on interface 0.0.0.0:0 to multicast group 230.0.0.1:6666.
[2018.09.14-10.15.14:078][  0]SourceControl: Source control is disabled
[2018.09.14-10.15.14:078][  0]SourceControl: Source control is disabled
[2018.09.14-10.15.14:079][  0]SourceControl: Source control is disabled
[2018.09.14-10.15.14:080][  0]SourceControl: Source control is disabled
[2018.09.14-10.15.14:260][  0]LogAndroidPermission: UAndroidPermissionCallbackProxy::GetInstance
[2018.09.14-10.15.14:398][  0]LogOcInput: OculusInput pre-init called
[2018.09.14-10.15.14:457][  0]LogEngine: Initializing Engine...
[2018.09.14-10.15.14:457][  0]LogHMD: Failed to initialize OpenVR with code 110
[2018.09.14-10.15.14:459][  0]LogStats: UGameplayTagsManager::ConstructGameplayTagTree: ImportINI prefixes -  0.000 s
[2018.09.14-10.15.14:459][  0]LogStats: UGameplayTagsManager::ConstructGameplayTagTree: Construct from data asset -  0.000 s
[2018.09.14-10.15.14:459][  0]LogStats: UGameplayTagsManager::ConstructGameplayTagTree: ImportINI -  0.000 s
[2018.09.14-10.15.14:459][  0]LogStats: UGameplayTagsManager::ConstructGameplayTagTree: GameplayTagTreeChangedEvent.Broadcast -  0.000 s
[2018.09.14-10.15.14:754][  0]LogInit: Initializing FReadOnlyCVARCache
[2018.09.14-10.15.14:763][  0]LogAIModule: Creating AISystem for world Untitled
[2018.09.14-10.15.14:791][  0]LogInit: XAudio2 using 'Speakers / Headphones (Realtek Audio)' : 6 channels at 48 kHz using 32 bits per sample (channel mask 0x3f)
[2018.09.14-10.15.15:264][  0]LogInit: FAudioDevice initialized.
[2018.09.14-10.15.15:264][  0]LogNetVersion: Set ProjectVersion to 1.0.0.0. Version Checksum will be recalculated on next use.
[2018.09.14-10.15.15:351][  0]LogDerivedDataCache: Saved boot cache 0.09s 71MB C:/Users/Dylan Bruton/AppData/Local/UnrealEngine/4.20/DerivedDataCache/Boot.ddc.
[2018.09.14-10.15.15:361][  0]LogInit: Texture streaming: Enabled
[2018.09.14-10.15.15:375][  0]LogEngineSessionManager: EngineSessionManager initialized
[2018.09.14-10.15.15:386][  0]LogInit: Transaction tracking system initialized
[2018.09.14-10.15.15:403][  0]BlueprintLog: New page: Editor Load
[2018.09.14-10.15.15:463][  0]LocalizationService: Localization service is disabled
[2018.09.14-10.15.15:723][  0]LogCook: Display: Max memory allowance for cook 16384mb min free memory 0mb
[2018.09.14-10.15.15:723][  0]LogCook: Display: Mobile HDR setting 1
[2018.09.14-10.15.15:723][  0]LogGameplayTags: Display: UGameplayTagsManager::DoneAddingNativeTags. DelegateIsBound: 0
[2018.09.14-10.15.15:723][  0]LogStats: UGameplayTagsManager::ConstructGameplayTagTree: ImportINI prefixes -  0.000 s
[2018.09.14-10.15.15:723][  0]LogStats: UGameplayTagsManager::ConstructGameplayTagTree: Construct from data asset -  0.000 s
[2018.09.14-10.15.15:723][  0]LogStats: UGameplayTagsManager::ConstructGameplayTagTree: ImportINI -  0.000 s
[2018.09.14-10.15.15:723][  0]LogStats: UGameplayTagsManager::ConstructGameplayTagTree: GameplayTagTreeChangedEvent.Broadcast -  0.000 s
[2018.09.14-10.15.15:789][  0]LogFileCache: Scanning file cache for directory 'D:/GameDev/_Projects/UE4Group/ASH_Game/Content/' took 0.01s
[2018.09.14-10.15.15:835][  0]SourceControl: Source control is disabled
[2018.09.14-10.15.15:934][  0]LogWindowsTextInputMethodSystem: Display: IME system now deactivated.
[2018.09.14-10.15.15:936][  0]LogSlate: Took 0.000247 seconds to synchronously load lazily loaded font '../../../Engine/Content/Slate/Fonts/Roboto-Regular.ttf' (155K)
[2018.09.14-10.15.18:665][  0]LogSlate: Window 'Restore Packages' being destroyed
[2018.09.14-10.15.18:666][  0]LogWindowsTextInputMethodSystem: Display: IME system now deactivated.
[2018.09.14-10.15.18:670][  0]LogWindowsTextInputMethodSystem: Display: IME system now deactivated.
[2018.09.14-10.15.20:891][  0]LogSlate: Window 'Unable to Check Out From Source Control!' being destroyed
[2018.09.14-10.15.20:892][  0]LogWindowsTextInputMethodSystem: Display: IME system now deactivated.
[2018.09.14-10.15.20:898][  0]LogWindowsTextInputMethodSystem: Display: IME system now deactivated.
[2018.09.14-10.15.20:957][  0]Cmd: MAP LOAD FILE="../../../../../GameDev/_Projects/UE4Group/ASH_Game/Content/TopDownBP/Maps/TopDownExampleMap.umap" TEMPLATE=0 SHOWPROGRESS=1 FEATURELEVEL=3
[2018.09.14-10.15.20:957][  0]LightingResults: New page: Lighting Build
[2018.09.14-10.15.20:960][  0]MapCheck: New page: Map Check
[2018.09.14-10.15.20:960][  0]LightingResults: New page: Lighting Build
[2018.09.14-10.15.21:341][  0]LogBlueprint: Warning: [Compiler Ue4ASP_Character] InputAction Event references unknown Action 'Crouch' for  InputAction Crouch
[2018.09.14-10.15.21:341][  0]LogBlueprint: Warning: [Compiler Ue4ASP_Character] InputAction Event references unknown Action 'Jump' for  InputAction Jump
[2018.09.14-10.15.21:341][  0]LogBlueprint: Warning: [Compiler Ue4ASP_Character] Input Axis Event references unknown Axis 'LookUp' for  InputAxis LookUp
[2018.09.14-10.15.21:342][  0]LogBlueprint: Warning: [Compiler Ue4ASP_Character] Input Axis Event references unknown Axis 'Turn' for  InputAxis Turn
[2018.09.14-10.15.21:396][  0]LogBlueprint: Warning: [Compiler Ue4ASP_Character] [0014.40] Compile of Ue4ASP_Character successful, but with 4 Warning(s) [in 119 ms] (/Game/AnimStarterPack/Ue4ASP_Character.Ue4ASP_Character)
[2018.09.14-10.15.21:970][  0]LogAIModule: Creating AISystem for world TopDownExampleMap
[2018.09.14-10.15.21:999][  0]LogEditorServer: Finished looking for orphan Actors (0.000 secs)
[2018.09.14-10.15.22:028][  0]Cmd: MAP CHECKDEP NOCLEARLOG
[2018.09.14-10.15.22:110][  0]MapCheck: Map check complete: 0 Error(s), 0 Warning(s), took 83.217ms to complete.
[2018.09.14-10.15.22:111][  0]LogFileHelpers: Loading map 'TopDownExampleMap' took 1.154
[2018.09.14-10.15.22:153][  0]LogSlate: Updating window title bar state: overlay mode, drag disabled, window buttons hidden, title bar hidden
[2018.09.14-10.15.22:160][  0]LogSlate: Updating window title bar state: overlay mode, drag disabled, window buttons hidden, title bar hidden
[2018.09.14-10.15.22:168][  0]LogSlate: Updating window title bar state: overlay mode, drag disabled, window buttons hidden, title bar hidden
[2018.09.14-10.15.22:179][  0]LogSlate: Updating window title bar state: overlay mode, drag disabled, window buttons hidden, title bar hidden
[2018.09.14-10.15.22:184][  0]LogCollectionManager: Loaded 0 collections in 0.000892 seconds
[2018.09.14-10.15.22:226][  0]LogFileCache: Scanning file cache for directory 'D:/GameDev/_Projects/UE4Group/ASH_Game/Saved/Collections/' took 0.01s
[2018.09.14-10.15.22:226][  0]LogFileCache: Scanning file cache for directory 'D:/GameDev/_Projects/UE4Group/ASH_Game/Content/Developers/DylanBruton/Collections/' took 0.01s
[2018.09.14-10.15.22:226][  0]LogFileCache: Scanning file cache for directory 'D:/GameDev/_Projects/UE4Group/ASH_Game/Content/Collections/' took 0.01s
[2018.09.14-10.15.22:226][  0]LogCollectionManager: Rebuilt the GUID cache for 0 collections in 0.000000 seconds
[2018.09.14-10.15.22:236][  0]LogContentBrowser: Native class hierarchy populated in 0.0102 seconds. Added 2572 classes and 603 folders.
[2018.09.14-10.15.22:242][  0]LogContentBrowser: Native class hierarchy updated for 'WidgetCarousel' in 0.0003 seconds. Added 0 classes and 0 folders.
[2018.09.14-10.15.22:310][  0]LogContentBrowser: Native class hierarchy updated for 'AddContentDialog' in 0.0004 seconds. Added 0 classes and 0 folders.
[2018.09.14-10.15.22:322][  0]LogContentBrowser: Native class hierarchy updated for 'SceneOutliner' in 0.0003 seconds. Added 1 classes and 2 folders.
[2018.09.14-10.15.22:336][  0]LogSlate: Took 0.000243 seconds to synchronously load lazily loaded font '../../../Engine/Content/Slate/Fonts/Roboto-Bold.ttf' (160K)
[2018.09.14-10.15.22:342][  0]LogSlate: Took 0.000362 seconds to synchronously load lazily loaded font '../../../Engine/Content/Editor/Slate/Fonts/FontAwesome.ttf' (139K)
[2018.09.14-10.15.22:398][  0]LogRenderer: Reallocating scene render targets to support 1072x496 Format 10 NumSamples 1 (Frame:1).
[2018.09.14-10.15.22:514][  0]LogContentBrowser: Native class hierarchy updated for 'HierarchicalLODOutliner' in 0.0003 seconds. Added 0 classes and 0 folders.
[2018.09.14-10.15.22:514][  0]LogLoad: (Engine Initialization) Total time: 15.52 seconds
[2018.09.14-10.15.22:514][  0]LogLoad: (Engine Initialization) Total Blueprint compile time: 0.00 seconds
[2018.09.14-10.15.22:555][  0]LogContentStreaming: Texture pool size now 1000 MB
[2018.09.14-10.15.22:640][  1]LogAssetRegistry: Asset discovery search completed in 10.8049 seconds
[2018.09.14-10.15.22:642][  1]LogCollectionManager: Rebuilt the object cache for 0 collections in 0.000000 seconds (found 0 objects)
[2018.09.14-10.15.22:642][  1]LogCollectionManager: Fixed up redirectors for 0 collections in 0.000102 seconds (updated 0 objects)
[2018.09.14-10.15.23:552][ 53]LogSlate: Took 0.000234 seconds to synchronously load lazily loaded font '../../../Engine/Content/Slate/Fonts/Roboto-Light.ttf' (167K)
[2018.09.14-10.15.24:152][ 89]LogSlate: FSceneViewport::OnFocusLost() reason 0
[2018.09.14-10.15.24:252][ 95]LogTemp: Repeating last play command: New Editor Window (PIE)
[2018.09.14-10.15.24:269][ 95]LogBlueprintUserMessages: Early PlayInEditor Detection: Level '/Game/TopDownBP/Maps/TopDownExampleMap.TopDownExampleMap:PersistentLevel' has LevelScriptBlueprint '/Game/TopDownBP/Maps/TopDownExampleMap.TopDownExampleMap:PersistentLevel.TopDownExampleMap' with GeneratedClass '/Game/TopDownBP/Maps/TopDownExampleMap.TopDownExampleMap_C' with ClassGeneratedBy '/Game/TopDownBP/Maps/TopDownExampleMap.TopDownExampleMap:PersistentLevel.TopDownExampleMap'
[2018.09.14-10.15.24:270][ 95]LogPlayLevel: PlayLevel: No blueprints needed recompiling
[2018.09.14-10.15.24:281][ 95]PIE: New page: PIE session: TopDownExampleMap (Sep 14, 2018, 2:15:24 AM)
[2018.09.14-10.15.24:281][ 95]LogPlayLevel: Creating play world package: /Game/TopDownBP/Maps/UEDPIE_0_TopDownExampleMap
[2018.09.14-10.15.24:302][ 95]LogPlayLevel: PIE: StaticDuplicateObject took: (0.019817s)
[2018.09.14-10.15.24:302][ 95]LogAIModule: Creating AISystem for world TopDownExampleMap
[2018.09.14-10.15.24:303][ 95]LogPlayLevel: PIE: World Init took: (0.000948s)
[2018.09.14-10.15.24:303][ 95]LogPlayLevel: PIE: Created PIE world by copying editor world from /Game/TopDownBP/Maps/TopDownExampleMap.TopDownExampleMap to /Game/TopDownBP/Maps/UEDPIE_0_TopDownExampleMap.TopDownExampleMap (0.020991s)
[2018.09.14-10.15.24:342][ 95]LogInit: XAudio2 using 'Speakers / Headphones (Realtek Audio)' : 6 channels at 48 kHz using 32 bits per sample (channel mask 0x3f)
[2018.09.14-10.15.24:408][ 95]LogInit: FAudioDevice initialized.
[2018.09.14-10.15.24:420][ 95]LogSlate: Updating window title bar state: overlay mode, drag disabled, window buttons hidden, title bar hidden
[2018.09.14-10.15.24:509][ 95]LogLoad: Game class is 'TopDownGameMode_C'
[2018.09.14-10.15.24:514][ 95]LogWorld: Bringing World /Game/TopDownBP/Maps/UEDPIE_0_TopDownExampleMap.TopDownExampleMap up for play (max tick rate 60) at 2018.09.14-06.15.24
[2018.09.14-10.15.24:514][ 95]LogWorld: Bringing up level for play took: 0.003759
[2018.09.14-10.15.24:531][ 95]LogContentBrowser: Native class hierarchy updated for 'MovieSceneCapture' in 0.0004 seconds. Added 10 classes and 0 folders.
[2018.09.14-10.15.24:537][ 95]PIE: Play in editor start time for /Game/TopDownBP/Maps/UEDPIE_0_TopDownExampleMap 0.526
[2018.09.14-10.15.24:537][ 95]LogBlueprintUserMessages: Late PlayInEditor Detection: Level '/Game/TopDownBP/Maps/TopDownExampleMap.TopDownExampleMap:PersistentLevel' has LevelScriptBlueprint '/Game/TopDownBP/Maps/TopDownExampleMap.TopDownExampleMap:PersistentLevel.TopDownExampleMap' with GeneratedClass '/Game/TopDownBP/Maps/TopDownExampleMap.TopDownExampleMap_C' with ClassGeneratedBy '/Game/TopDownBP/Maps/TopDownExampleMap.TopDownExampleMap:PersistentLevel.TopDownExampleMap'
[2018.09.14-10.15.25:739][164]LogBlueprintUserMessages: [TopDownCharacter] Hello
[2018.09.14-10.15.26:275][196]LogBlueprintUserMessages: [TopDownCharacter] Movin
[2018.09.14-10.15.27:357][261]LogBlueprintUserMessages: [TopDownCharacter] Movin
[2018.09.14-10.15.27:625][277]LogBlueprintUserMessages: [TopDownCharacter] Movin
[2018.09.14-10.15.27:857][291]LogBlueprintUserMessages: [TopDownCharacter] Movin
[2018.09.14-10.15.28:157][309]LogBlueprintUserMessages: [TopDownCharacter] Movin
[2018.09.14-10.15.28:391][323]LogBlueprintUserMessages: [TopDownCharacter] Movin
[2018.09.14-10.15.28:674][340]LogBlueprintUserMessages: Early EndPlayMap Detection: Level '/Game/TopDownBP/Maps/TopDownExampleMap.TopDownExampleMap:PersistentLevel' has LevelScriptBlueprint '/Game/TopDownBP/Maps/TopDownExampleMap.TopDownExampleMap:PersistentLevel.TopDownExampleMap' with GeneratedClass '/Game/TopDownBP/Maps/TopDownExampleMap.TopDownExampleMap_C' with ClassGeneratedBy '/Game/TopDownBP/Maps/TopDownExampleMap.TopDownExampleMap:PersistentLevel.TopDownExampleMap'
[2018.09.14-10.15.28:674][340]LogSlate: Updating window title bar state: overlay mode, drag disabled, window buttons hidden, title bar hidden
[2018.09.14-10.15.28:695][340]LogSlate: Window 'ASH_Game Game Preview Standalone (64-bit/PCD3D_SM5)' being destroyed
[2018.09.14-10.15.28:729][340]LogPlayLevel: Display: Shutting down PIE online subsystems
[2018.09.14-10.15.28:730][340]LogBlueprintUserMessages: Late EndPlayMap Detection: Level '/Game/TopDownBP/Maps/TopDownExampleMap.TopDownExampleMap:PersistentLevel' has LevelScriptBlueprint '/Game/TopDownBP/Maps/TopDownExampleMap.TopDownExampleMap:PersistentLevel.TopDownExampleMap' with GeneratedClass '/Game/TopDownBP/Maps/TopDownExampleMap.TopDownExampleMap_C' with ClassGeneratedBy '/Game/TopDownBP/Maps/TopDownExampleMap.TopDownExampleMap:PersistentLevel.TopDownExampleMap'
[2018.09.14-10.15.28:796][342]LogPlayLevel: Display: Destroying online subsystem :Context_3
[2018.09.14-10.15.31:224][486]LogAssetEditorManager: Opening Asset editor for Blueprint /Game/TopDownBP/Blueprints/TopDownCharacter.TopDownCharacter
[2018.09.14-10.15.31:739][486]LogContentBrowser: Native class hierarchy updated for 'BlueprintGraph' in 0.0005 seconds. Added 116 classes and 0 folders.
[2018.09.14-10.15.32:602][486]LogSlate: Took 0.000225 seconds to synchronously load lazily loaded font '../../../Engine/Content/Slate/Fonts/Roboto-BoldCondensed.ttf' (158K)
[2018.09.14-10.15.33:609][515]LogSlate: Took 0.000271 seconds to synchronously load lazily loaded font '../../../Engine/Content/Slate/Fonts/Roboto-Italic.ttf' (157K)
[2018.09.14-10.15.38:082][771]LogAssetEditorManager: Opening Asset editor for Blueprint /Game/TopDownBP/Blueprints/TopDownController.TopDownController
[2018.09.14-10.16.05:899][360]BlueprintLog: New page: Compile TopDownController
[2018.09.14-10.16.06:585][383]LogTemp: Repeating last play command: New Editor Window (PIE)
[2018.09.14-10.16.06:610][383]LogBlueprintUserMessages: Early PlayInEditor Detection: Level '/Game/TopDownBP/Maps/TopDownExampleMap.TopDownExampleMap:PersistentLevel' has LevelScriptBlueprint '/Game/TopDownBP/Maps/TopDownExampleMap.TopDownExampleMap:PersistentLevel.TopDownExampleMap' with GeneratedClass '/Game/TopDownBP/Maps/TopDownExampleMap.TopDownExampleMap_C' with ClassGeneratedBy '/Game/TopDownBP/Maps/TopDownExampleMap.TopDownExampleMap:PersistentLevel.TopDownExampleMap'
[2018.09.14-10.16.06:610][383]LogPlayLevel: PlayLevel: No blueprints needed recompiling
[2018.09.14-10.16.06:610][383]PIE: New page: PIE session: TopDownExampleMap (Sep 14, 2018, 2:16:06 AM)
[2018.09.14-10.16.06:610][383]LogPlayLevel: Creating play world package: /Game/TopDownBP/Maps/UEDPIE_0_TopDownExampleMap
[2018.09.14-10.16.06:624][383]LogPlayLevel: PIE: StaticDuplicateObject took: (0.014479s)
[2018.09.14-10.16.06:624][383]LogAIModule: Creating AISystem for world TopDownExampleMap
[2018.09.14-10.16.06:626][383]LogPlayLevel: PIE: World Init took: (0.000842s)
[2018.09.14-10.16.06:626][383]LogPlayLevel: PIE: Created PIE world by copying editor world from /Game/TopDownBP/Maps/TopDownExampleMap.TopDownExampleMap to /Game/TopDownBP/Maps/UEDPIE_0_TopDownExampleMap.TopDownExampleMap (0.015489s)
[2018.09.14-10.16.06:675][383]LogInit: XAudio2 using 'Speakers / Headphones (Realtek Audio)' : 6 channels at 48 kHz using 32 bits per sample (channel mask 0x3f)
[2018.09.14-10.16.06:743][383]LogInit: FAudioDevice initialized.
[2018.09.14-10.16.06:757][383]LogSlate: Updating window title bar state: overlay mode, drag disabled, window buttons hidden, title bar hidden
[2018.09.14-10.16.06:846][383]LogLoad: Game class is 'TopDownGameMode_C'
[2018.09.14-10.16.06:851][383]LogWorld: Bringing World /Game/TopDownBP/Maps/UEDPIE_0_TopDownExampleMap.TopDownExampleMap up for play (max tick rate 60) at 2018.09.14-06.16.06
[2018.09.14-10.16.06:851][383]LogWorld: Bringing up level for play took: 0.004608
[2018.09.14-10.16.06:874][383]PIE: Play in editor start time for /Game/TopDownBP/Maps/UEDPIE_0_TopDownExampleMap 0.863
[2018.09.14-10.16.06:874][383]LogBlueprintUserMessages: Late PlayInEditor Detection: Level '/Game/TopDownBP/Maps/TopDownExampleMap.TopDownExampleMap:PersistentLevel' has LevelScriptBlueprint '/Game/TopDownBP/Maps/TopDownExampleMap.TopDownExampleMap:PersistentLevel.TopDownExampleMap' with GeneratedClass '/Game/TopDownBP/Maps/TopDownExampleMap.TopDownExampleMap_C' with ClassGeneratedBy '/Game/TopDownBP/Maps/TopDownExampleMap.TopDownExampleMap:PersistentLevel.TopDownExampleMap'
[2018.09.14-10.16.07:427][413]LogBlueprintUserMessages: [TopDownCharacter] Hello
[2018.09.14-10.16.12:982][746]LogBlueprintUserMessages: Early EndPlayMap Detection: Level '/Game/TopDownBP/Maps/TopDownExampleMap.TopDownExampleMap:PersistentLevel' has LevelScriptBlueprint '/Game/TopDownBP/Maps/TopDownExampleMap.TopDownExampleMap:PersistentLevel.TopDownExampleMap' with GeneratedClass '/Game/TopDownBP/Maps/TopDownExampleMap.TopDownExampleMap_C' with ClassGeneratedBy '/Game/TopDownBP/Maps/TopDownExampleMap.TopDownExampleMap:PersistentLevel.TopDownExampleMap'
[2018.09.14-10.16.12:982][746]LogSlate: Updating window title bar state: overlay mode, drag disabled, window buttons hidden, title bar hidden
[2018.09.14-10.16.13:004][746]LogSlate: Window 'ASH_Game Game Preview Standalone (64-bit/PCD3D_SM5)' being destroyed
[2018.09.14-10.16.13:074][746]LogPlayLevel: Display: Shutting down PIE online subsystems
[2018.09.14-10.16.13:074][746]LogBlueprintUserMessages: Late EndPlayMap Detection: Level '/Game/TopDownBP/Maps/TopDownExampleMap.TopDownExampleMap:PersistentLevel' has LevelScriptBlueprint '/Game/TopDownBP/Maps/TopDownExampleMap.TopDownExampleMap:PersistentLevel.TopDownExampleMap' with GeneratedClass '/Game/TopDownBP/Maps/TopDownExampleMap.TopDownExampleMap_C' with ClassGeneratedBy '/Game/TopDownBP/Maps/TopDownExampleMap.TopDownExampleMap:PersistentLevel.TopDownExampleMap'
[2018.09.14-10.16.13:153][747]LogPlayLevel: Display: Destroying online subsystem :Context_6
[2018.09.14-10.16.13:838][786]Cmd: OBJ SAVEPACKAGE PACKAGE="/Game/TopDownBP/Blueprints/TopDownController" FILE="../../../../../GameDev/_Projects/UE4Group/ASH_Game/Content/TopDownBP/Blueprints/TopDownController.uasset" SILENT=true
[2018.09.14-10.16.13:895][786]LogSavePackage: Moving '../../../../../GameDev/_Projects/UE4Group/ASH_Game/Saved/TopDownControllerD24D81264463F863D87C6280213F7ED3.tmp' to '../../../../../GameDev/_Projects/UE4Group/ASH_Game/Content/TopDownBP/Blueprints/TopDownController.uasset'
[2018.09.14-10.16.15:042][853]LogSlate: Window 'TopDownController' being destroyed
[2018.09.14-10.16.15:047][853]LogSlate: Window 'TopDownController' being destroyed
[2018.09.14-10.16.15:121][853]LogActorComponent: UnregisterComponent: (/Engine/Transient.EditorFloorComp) Not registered. Aborting.
