Log file open, 09/12/18 20:09:03
LogWindows: Failed to load 'aqProf.dll' (GetLastError=126)
LogWindows: File 'aqProf.dll' does not exist
LogWindows: Failed to load 'VSPerf140.dll' (GetLastError=126)
LogWindows: File 'VSPerf140.dll' does not exist
LogWindows: Failed to load 'VtuneApi.dll' (GetLastError=126)
LogWindows: File 'VtuneApi.dll' does not exist
LogWindows: Failed to load 'VtuneApi32e.dll' (GetLastError=126)
LogWindows: File 'VtuneApi32e.dll' does not exist
LogInit: Display: Running engine for game: ASH_Game
LogPlatformFile: Not using cached read wrapper
LogTaskGraph: Started task graph with 5 named threads and 35 total threads with 3 sets of task threads.
LogStats: Stats thread started at 0.397079
LogD3D11RHI: Loaded GFSDK_Aftermath_Lib.x64.dll
LogICUInternationalization: Display: ICU TimeZone Detection - Raw Offset: -5:00, Platform Override: ''
LogPluginManager: Mounting plugin Paper2D
LogPluginManager: Mounting plugin AISupport
LogPluginManager: Mounting plugin LightPropagationVolume
LogPluginManager: Mounting plugin CLionSourceCodeAccess
LogPluginManager: Mounting plugin CodeLiteSourceCodeAccess
LogPluginManager: Mounting plugin GitSourceControl
LogPluginManager: Mounting plugin KDevelopSourceCodeAccess
LogPluginManager: Mounting plugin NullSourceCodeAccess
LogPluginManager: Mounting plugin PerforceSourceControl
LogPluginManager: Mounting plugin SubversionSourceControl
LogPluginManager: Mounting plugin UObjectPlugin
LogPluginManager: Mounting plugin VisualStudioCodeSourceCodeAccess
LogPluginManager: Mounting plugin VisualStudioSourceCodeAccess
LogPluginManager: Mounting plugin XCodeSourceCodeAccess
LogPluginManager: Mounting plugin AssetManagerEditor
LogPluginManager: Mounting plugin CryptoKeys
LogPluginManager: Mounting plugin DataValidation
LogPluginManager: Mounting plugin EditorScriptingUtilities
LogPluginManager: Mounting plugin FacialAnimation
LogPluginManager: Mounting plugin GameplayTagsEditor
LogPluginManager: Mounting plugin MacGraphicsSwitching
LogPluginManager: Mounting plugin MeshEditor
LogPluginManager: Mounting plugin MobileLauncherProfileWizard
LogPluginManager: Mounting plugin PluginBrowser
LogPluginManager: Mounting plugin SpeedTreeImporter
LogPluginManager: Mounting plugin DatasmithContent
LogPluginManager: Mounting plugin AlembicImporter
LogPluginManager: Mounting plugin AppleImageUtils
LogPluginManager: Mounting plugin AppleVision
LogPluginManager: Mounting plugin BackChannel
LogPluginManager: Mounting plugin CharacterAI
LogPluginManager: Mounting plugin GeometryCache
LogPluginManager: Mounting plugin HTML5Networking
LogPluginManager: Mounting plugin ProxyLODPlugin
LogPluginManager: Mounting plugin MagicLeap
LogPluginManager: Mounting plugin MagicLeapEmulator
LogPluginManager: Mounting plugin MagicLeapMedia
LogPluginManager: Mounting plugin AndroidMedia
LogPluginManager: Mounting plugin AvfMedia
LogPluginManager: Mounting plugin ImgMedia
LogPluginManager: Mounting plugin LinearTimecode
LogPluginManager: Mounting plugin MediaCompositing
LogPluginManager: Mounting plugin MediaPlayerEditor
LogPluginManager: Mounting plugin WmfMedia
LogPluginManager: Mounting plugin TcpMessaging
LogPluginManager: Mounting plugin UdpMessaging
LogPluginManager: Mounting plugin ActorSequence
LogPluginManager: Mounting plugin LevelSequenceEditor
LogPluginManager: Mounting plugin MatineeToLevelSequence
LogPluginManager: Mounting plugin NetcodeUnitTest
LogPluginManager: Mounting plugin NUTUnrealEngine4
LogPluginManager: Mounting plugin OnlineSubsystemGooglePlay
LogPluginManager: Mounting plugin OnlineSubsystemIOS
LogPluginManager: Mounting plugin OnlineSubsystem
LogPluginManager: Mounting plugin OnlineSubsystemNull
LogPluginManager: Mounting plugin OnlineSubsystemUtils
LogPluginManager: Mounting plugin LauncherChunkInstaller
LogPluginManager: Mounting plugin AndroidDeviceProfileSelector
LogPluginManager: Mounting plugin AndroidMoviePlayer
LogPluginManager: Mounting plugin AndroidPermission
LogPluginManager: Mounting plugin AppleMoviePlayer
LogPluginManager: Mounting plugin ArchVisCharacter
LogPluginManager: Mounting plugin AudioCapture
LogPluginManager: Mounting plugin CableComponent
LogPluginManager: Mounting plugin CustomMeshComponent
LogPluginManager: Mounting plugin EditableMesh
LogPluginManager: Mounting plugin ExampleDeviceProfileSelector
LogPluginManager: Mounting plugin GoogleCloudMessaging
LogPluginManager: Mounting plugin ImmediatePhysics
LogPluginManager: Mounting plugin IOSDeviceProfileSelector
LogPluginManager: Mounting plugin LinuxDeviceProfileSelector
LogPluginManager: Mounting plugin LocationServicesBPLibrary
LogPluginManager: Mounting plugin MobilePatchingUtils
LogPluginManager: Mounting plugin OculusVR
LogPluginManager: Plugin shader directory ../../../Engine/Plugins/Runtime/Oculus/OculusVR/Shaders found
LogPluginManager: Mapping shader source directory ../../../Engine/Plugins/Runtime/Oculus/OculusVR/Shaders to virtual directory /Plugin/OculusVR
LogPluginManager: Mounting plugin PhysXVehicles
LogPluginManager: Mounting plugin ProceduralMeshComponent
LogPluginManager: Mounting plugin RuntimePhysXCooking
LogPluginManager: Mounting plugin SteamVR
LogPluginManager: Mounting plugin WindowsMoviePlayer
LogPluginManager: Mounting plugin DatasmithCADImporter
LogPluginManager: Mounting plugin DatasmithFBXImporter
LogPluginManager: Mounting plugin DatasmithImporter
LogPluginManager: Mounting plugin DatasmithMDLImporter
LogPluginManager: Mounting plugin StaticMeshEditorExtension
LogStreaming: Display: Took  0.134s to configure plugins.
LogInit: Using libcurl 7.55.1-DEV
LogInit:  - built for x86_64-pc-win32
LogInit:  - supports SSL with OpenSSL/1.0.2h
LogInit:  - supports HTTP deflate (compression) using libz 1.2.8
LogInit:  - other features:
LogInit:      CURL_VERSION_SSL
LogInit:      CURL_VERSION_LIBZ
LogInit:      CURL_VERSION_IPV6
LogInit:      CURL_VERSION_ASYNCHDNS
LogInit:      CURL_VERSION_LARGEFILE
LogInit:      CURL_VERSION_IDN
LogInit:  CurlRequestOptions (configurable via config and command line):
LogInit:  - bVerifyPeer = false  - Libcurl will NOT verify peer certificate
LogInit:  - bUseHttpProxy = false  - Libcurl will NOT use HTTP proxy
LogInit:  - bDontReuseConnections = false  - Libcurl will reuse connections
LogInit:  - CertBundlePath = nullptr  - Libcurl will use whatever was configured at build time.
LogInit:  - MaxHostConnections = 16  - Libcurl will limit the number of connections to a host
LogInit:  - LocalHostAddr = Default
LogInit:  - BufferSize = 65536
LogInit: WinSock: version 1.1 (2.2), MaxSocks=32767, MaxUdp=65467
LogInit: Build: ++UE4+Release-4.20-CL-4302132
LogInit: Engine Version: 4.20.2-4302132+++UE4+Release-4.20
LogInit: Compatible Engine Version: 4.20.0-4212847+++UE4+Release-4.20
LogInit: Net CL: 4212847
LogInit: OS: Windows 10 (), CPU: Intel(R) Core(TM) i7-8750H CPU @ 2.20GHz, GPU: NVIDIA GeForce GTX 1060
LogInit: Compiled (64-bit): Aug 21 2018 02:06:06
LogInit: Compiled with Visual C++: 19.13.26129.00
LogInit: Build Configuration: Development
LogInit: Branch Name: ++UE4+Release-4.20
LogInit: Command Line: -EpicPortal 
LogInit: Base Directory: C:/Program Files/Epic Games/UE_4.20/Engine/Binaries/Win64/
LogInit: Installed Engine Build: 1
LogDevObjectVersion: Number of dev versions registered: 20
LogDevObjectVersion:   Dev-Blueprints (B0D832E4-1F89-4F0D-ACCF-7EB736FD4AA2): 10
LogDevObjectVersion:   Dev-Build (E1C64328-A22C-4D53-A36C-8E866417BD8C): 0
LogDevObjectVersion:   Dev-Core (375EC13C-06E4-48FB-B500-84F0262A717E): 2
LogDevObjectVersion:   Dev-Editor (E4B068ED-F494-42E9-A231-DA0B2E46BB41): 24
LogDevObjectVersion:   Dev-Framework (CFFC743F-43B0-4480-9391-14DF171D2073): 34
LogDevObjectVersion:   Dev-Mobile (B02B49B5-BB20-44E9-A304-32B752E40360): 2
LogDevObjectVersion:   Dev-Networking (A4E4105C-59A1-49B5-A7C5-40C4547EDFEE): 0
LogDevObjectVersion:   Dev-Online (39C831C9-5AE6-47DC-9A44-9C173E1C8E7C): 0
LogDevObjectVersion:   Dev-Physics (78F01B33-EBEA-4F98-B9B4-84EACCB95AA2): 0
LogDevObjectVersion:   Dev-Platform (6631380F-2D4D-43E0-8009-CF276956A95A): 0
LogDevObjectVersion:   Dev-Rendering (12F88B9F-8875-4AFC-A67C-D90C383ABD29): 26
LogDevObjectVersion:   Dev-Sequencer (7B5AE74C-D270-4C10-A958-57980B212A5A): 9
LogDevObjectVersion:   Dev-VR (D7296918-1DD6-4BDD-9DE2-64A83CC13884): 2
LogDevObjectVersion:   Dev-LoadTimes (C2A15278-BFE7-4AFE-6C17-90FF531DF755): 1
LogDevObjectVersion:   Private-Geometry (6EACA3D4-40EC-4CC1-B786-8BED09428FC5): 3
LogDevObjectVersion:   Dev-AnimPhys (29E575DD-E0A3-4627-9D10-D276232CDCEA): 17
LogDevObjectVersion:   Dev-ReflectionCapture (6B266CEC-1EC7-4B8F-A30B-E4D90942FC07): 1
LogDevObjectVersion:   Dev-Automation (0DF73D61-A23F-47EA-B727-89E90C41499A): 1
LogDevObjectVersion:   FortniteMain (601D1886-AC64-4F84-AA16-D3DE0DEAC7D6): 12
LogDevObjectVersion:   Dev-Enterprise (9DFFBCD6-494F-0158-E221-12823C92A888): 1
LogStreaming: Display: Took  0.000s to delete old logs.
LogInit: Presizing for max 8388607 objects, including 0 objects not considered by GC, pre-allocating 0 bytes for permanent pool.
LogInit: Object subsystem initialized
[2018.09.13-00.09.04:314][  0]LogInit: Selected Device Profile: [Windows]
[2018.09.13-00.09.04:314][  0]LogInit: Applying CVar settings loaded from the selected device profile: [Windows]
[2018.09.13-00.09.04:320][  0]LogHAL: Display: Platform has ~ 16 GB [17031884800 / 17179869184 / 16], which maps to Larger [LargestMinGB=32, LargerMinGB=12, DefaultMinGB=8, SmallerMinGB=6, SmallestMinGB=0)
[2018.09.13-00.09.04:320][  0]LogInit: Setting Device Profile CVar: [[r.Vulkan.UseRealUBs:1]]
[2018.09.13-00.09.04:320][  0]LogInit: Going up to parent DeviceProfile []
[2018.09.13-00.09.04:320][  0]LogInit: Computer: DESKTOP-3M9DUFB
[2018.09.13-00.09.04:320][  0]LogInit: User: RickTriOS
[2018.09.13-00.09.04:320][  0]LogInit: CPU Page size=4096, Cores=6
[2018.09.13-00.09.04:320][  0]LogInit: High frequency timer resolution =2.156248 MHz
[2018.09.13-00.09.04:320][  0]LogMemory: Memory total: Physical=15.9GB (16GB approx)
[2018.09.13-00.09.04:320][  0]LogMemory: Platform Memory Stats for Windows
[2018.09.13-00.09.04:320][  0]LogMemory: Process Physical Memory: 103.97 MB used, 103.97 MB peak
[2018.09.13-00.09.04:320][  0]LogMemory: Process Virtual Memory: 93.98 MB used, 93.98 MB peak
[2018.09.13-00.09.04:320][  0]LogMemory: Physical Memory: 7399.46 MB used,  8843.41 MB free, 16242.87 MB total
[2018.09.13-00.09.04:320][  0]LogMemory: Virtual Memory: 564.43 MB used,  8843.41 MB free, 134217728.00 MB total
[2018.09.13-00.09.04:339][  0]LogInit: Using OS detected language (en-US).
[2018.09.13-00.09.04:339][  0]LogInit: Using OS detected locale (en-CA).
[2018.09.13-00.09.04:340][  0]LogTextLocalizationManager: No specific localization for 'en-US' exists, so the 'en' localization will be used.
[2018.09.13-00.09.04:639][  0]LogStreaming: Display: Took  0.300s to InitEngineTextLocalization.
[2018.09.13-00.09.04:639][  0]LogInit: Setting process to per monitor DPI aware
[2018.09.13-00.09.04:667][  0]LogSlate: New Slate User Created.  User Index 0, Is Virtual User: 0
[2018.09.13-00.09.04:667][  0]LogSlate: Slate User Registered.  User Index 0, Is Virtual User: 0
[2018.09.13-00.09.04:854][  0]LogHMD: Failed to initialize OpenVR with code 110
[2018.09.13-00.09.04:854][  0]LogD3D11RHI: D3D11 adapters:
[2018.09.13-00.09.04:897][  0]LogD3D11RHI:    0. 'NVIDIA GeForce GTX 1060' (Feature Level 11_0)
[2018.09.13-00.09.04:897][  0]LogD3D11RHI:       6052/0/8121 MB DedicatedVideo/DedicatedSystem/SharedSystem, Outputs:1, VendorId:0x10de
[2018.09.13-00.09.04:923][  0]LogD3D11RHI:    1. 'Intel(R) UHD Graphics 630' (Feature Level 11_0)
[2018.09.13-00.09.04:923][  0]LogD3D11RHI:       128/0/8121 MB DedicatedVideo/DedicatedSystem/SharedSystem, Outputs:0, VendorId:0x8086
[2018.09.13-00.09.04:925][  0]LogD3D11RHI:    2. 'Microsoft Basic Render Driver' (Feature Level 11_0)
[2018.09.13-00.09.04:925][  0]LogD3D11RHI:       0/0/8121 MB DedicatedVideo/DedicatedSystem/SharedSystem, Outputs:0, VendorId:0x1414
[2018.09.13-00.09.04:925][  0]LogD3D11RHI: Chosen D3D11 Adapter: 0
[2018.09.13-00.09.04:933][  0]LogD3D11RHI: Creating new Direct3DDevice
[2018.09.13-00.09.04:933][  0]LogD3D11RHI:     GPU DeviceId: 0x1c60 (for the marketing name, search the web for "GPU Device Id")
[2018.09.13-00.09.04:933][  0]LogWindows: EnumDisplayDevices:
[2018.09.13-00.09.04:933][  0]LogWindows:    0. 'NVIDIA GeForce GTX 1060' (P:1 D:1)
[2018.09.13-00.09.04:933][  0]LogWindows:    1. 'NVIDIA GeForce GTX 1060' (P:0 D:0)
[2018.09.13-00.09.04:934][  0]LogWindows:    2. 'NVIDIA GeForce GTX 1060' (P:0 D:0)
[2018.09.13-00.09.04:934][  0]LogWindows:    3. 'NVIDIA GeForce GTX 1060' (P:0 D:0)
[2018.09.13-00.09.04:934][  0]LogWindows:    4. 'Intel(R) UHD Graphics 630' (P:0 D:0)
[2018.09.13-00.09.04:934][  0]LogWindows:    5. 'Intel(R) UHD Graphics 630' (P:0 D:0)
[2018.09.13-00.09.04:934][  0]LogWindows:    6. 'Intel(R) UHD Graphics 630' (P:0 D:0)
[2018.09.13-00.09.04:935][  0]LogWindows: DebugString: PrimaryIsNotTheChoosenAdapter PrimaryIsNotTheChoosenAdapter PrimaryIsNotTheChoosenAdapter FoundDriverCount:4 
[2018.09.13-00.09.04:935][  0]LogD3D11RHI:     Adapter Name: NVIDIA GeForce GTX 1060
[2018.09.13-00.09.04:935][  0]LogD3D11RHI:   Driver Version: 398.36 (internal:24.21.13.9836, unified:398.36)
[2018.09.13-00.09.04:935][  0]LogD3D11RHI:      Driver Date: 6-24-2018
[2018.09.13-00.09.04:935][  0]LogRHI: Texture pool is 4236 MB (70% of 6052 MB)
[2018.09.13-00.09.04:965][  0]LogD3D11RHI: Async texture creation enabled
[2018.09.13-00.09.04:982][  0]LogD3D11RHI: GPU Timing Frequency: 1000.000000 (Debug: 2 2)
[2018.09.13-00.09.05:027][  0]LogShaderCompilers: Guid format shader working directory is 20 characters bigger than the processId version (D:/_Projects/UE4Group/ASH_Game/Intermediate/Shaders/WorkingDirectory/12020/).
[2018.09.13-00.09.05:028][  0]LogShaderCompilers: Cleaned the shader compiler working directory 'C:/Users/RickTri-OS/AppData/Local/Temp/UnrealShaderWorkingDir/133ACA3A4B2E5BABCAC75D8477DD4516/'.
[2018.09.13-00.09.05:267][  0]LogTemp: Display: Loaded TP AllDesktopTargetPlatform
[2018.09.13-00.09.05:286][  0]LogTemp: Display: Loaded TP MacClientTargetPlatform
[2018.09.13-00.09.05:299][  0]LogTemp: Display: Loaded TP MacNoEditorTargetPlatform
[2018.09.13-00.09.05:312][  0]LogTemp: Display: Loaded TP MacServerTargetPlatform
[2018.09.13-00.09.05:326][  0]LogTemp: Display: Loaded TP MacTargetPlatform
[2018.09.13-00.09.05:339][  0]LogTemp: Display: Loaded TP WindowsClientTargetPlatform
[2018.09.13-00.09.05:352][  0]LogTemp: Display: Loaded TP WindowsNoEditorTargetPlatform
[2018.09.13-00.09.05:365][  0]LogTemp: Display: Loaded TP WindowsServerTargetPlatform
[2018.09.13-00.09.05:371][  0]LogTemp: Display: Loaded TP WindowsTargetPlatform
[2018.09.13-00.09.05:449][  0]LogTemp: Display: Loaded TP AndroidTargetPlatform
[2018.09.13-00.09.05:449][  0]LogTemp: Display: Loaded TP AndroidTargetPlatform
[2018.09.13-00.09.05:449][  0]LogTemp: Display: Loaded TP AndroidTargetPlatform
[2018.09.13-00.09.05:449][  0]LogTemp: Display: Loaded TP AndroidTargetPlatform
[2018.09.13-00.09.05:449][  0]LogTemp: Display: Loaded TP AndroidTargetPlatform
[2018.09.13-00.09.05:449][  0]LogTemp: Display: Loaded TP AndroidTargetPlatform
[2018.09.13-00.09.05:449][  0]LogTemp: Display: Loaded TP AndroidTargetPlatform
[2018.09.13-00.09.05:449][  0]LogTemp: Display: Loaded TP AndroidTargetPlatform
[2018.09.13-00.09.05:449][  0]LogTemp: Display: Loaded TP AndroidTargetPlatform
[2018.09.13-00.09.05:449][  0]LogTemp: Display: Loaded TP AndroidTargetPlatform
[2018.09.13-00.09.05:449][  0]LogTemp: Display: Loaded TP AndroidTargetPlatform
[2018.09.13-00.09.05:449][  0]LogTemp: Display: Loaded TP AndroidTargetPlatform
[2018.09.13-00.09.05:449][  0]LogTemp: Display: Loaded TP AndroidTargetPlatform
[2018.09.13-00.09.05:449][  0]LogTemp: Display: Loaded TP AndroidTargetPlatform
[2018.09.13-00.09.05:449][  0]LogTemp: Display: Loaded TP AndroidTargetPlatform
[2018.09.13-00.09.05:449][  0]LogTemp: Display: Loaded TP AndroidTargetPlatform
[2018.09.13-00.09.05:449][  0]LogTemp: Display: Loaded TP AndroidTargetPlatform
[2018.09.13-00.09.05:449][  0]LogTemp: Display: Loaded TP AndroidTargetPlatform
[2018.09.13-00.09.05:451][  0]LogTemp: Display: Loaded TP HTML5TargetPlatform
[2018.09.13-00.09.05:510][  0]LogTemp: Display: Loaded TP IOSTargetPlatform
[2018.09.13-00.09.05:510][  0]LogTemp: Display: Loaded TP IOSTargetPlatform
[2018.09.13-00.09.05:539][  0]LogTemp: Display: Loaded TP TVOSTargetPlatform
[2018.09.13-00.09.05:539][  0]LogTemp: Display: Loaded TP TVOSTargetPlatform
[2018.09.13-00.09.05:550][  0]LogTemp: Display: Loaded TP LinuxClientTargetPlatform
[2018.09.13-00.09.05:560][  0]LogTemp: Display: Loaded TP LinuxNoEditorTargetPlatform
[2018.09.13-00.09.05:571][  0]LogTemp: Display: Loaded TP LinuxServerTargetPlatform
[2018.09.13-00.09.05:585][  0]LogTemp: Display: Loaded TP LinuxTargetPlatform
[2018.09.13-00.09.05:593][  0]LogTemp: Display: Loaded TP LuminTargetPlatform
[2018.09.13-00.09.05:593][  0]LogTargetPlatformManager: Display: Building Assets For Windows
[2018.09.13-00.09.05:665][  0]LogXGEController: Cannot use XGE Controller as Incredibuild is not installed on this machine.
[2018.09.13-00.09.05:665][  0]LogShaderCompilers: Cannot use XGE Shader Compiler as Incredibuild is not installed on this machine.
[2018.09.13-00.09.05:665][  0]LogShaderCompilers: Display: Using Local Shader Compiler.
[2018.09.13-00.09.06:418][  0]LogDerivedDataCache: Display: Max Cache Size: 512 MB
[2018.09.13-00.09.06:465][  0]LogDerivedDataCache: Loaded boot cache 0.05s 72MB C:/Users/RickTri-OS/AppData/Local/UnrealEngine/4.20/DerivedDataCache/Boot.ddc.
[2018.09.13-00.09.06:465][  0]LogDerivedDataCache: Display: Loaded Boot cache: C:/Users/RickTri-OS/AppData/Local/UnrealEngine/4.20/DerivedDataCache/Boot.ddc
[2018.09.13-00.09.06:465][  0]LogDerivedDataCache: FDerivedDataBackendGraph:  Pak pak cache file D:/_Projects/UE4Group/ASH_Game/DerivedDataCache/DDC.ddp not found, will not use a pak cache.
[2018.09.13-00.09.06:465][  0]LogDerivedDataCache: Unable to find inner node Pak for hierarchical cache Hierarchy.
[2018.09.13-00.09.06:465][  0]LogDerivedDataCache: FDerivedDataBackendGraph:  CompressedPak pak cache file D:/_Projects/UE4Group/ASH_Game/DerivedDataCache/Compressed.ddp not found, will not use a pak cache.
[2018.09.13-00.09.06:465][  0]LogDerivedDataCache: Unable to find inner node CompressedPak for hierarchical cache Hierarchy.
[2018.09.13-00.09.06:482][  0]LogDerivedDataCache: Display: Pak cache opened for reading ../../../Engine/DerivedDataCache/Compressed.ddp.
[2018.09.13-00.09.06:494][  0]LogDerivedDataCache: Using Local data cache path C:/Users/RickTri-OS/AppData/Local/UnrealEngine/Common/DerivedDataCache: Writable
[2018.09.13-00.09.06:494][  0]LogDerivedDataCache: Shared data cache path not found in *engine.ini, will not use an Shared cache.
[2018.09.13-00.09.06:494][  0]LogDerivedDataCache: Unable to find inner node Shared for hierarchical cache Hierarchy.
[2018.09.13-00.09.06:510][  0]LogMaterial: Verifying Global Shaders for PCD3D_SM5
[2018.09.13-00.09.06:511][  0]LogSlate: Using FreeType 2.6.0
[2018.09.13-00.09.06:511][  0]LogSlate: SlateFontServices - WITH_FREETYPE: 1, WITH_HARFBUZZ: 1
[2018.09.13-00.09.06:582][  0]LogAssetRegistry: FAssetRegistry took 0.0253 seconds to start up
[2018.09.13-00.09.06:897][  0]LogInit: Selected Device Profile: [Windows]
[2018.09.13-00.09.07:024][  0]LogSimplygon: Simplygon DLL not present - disabling.
[2018.09.13-00.09.07:028][  0]LogMeshReduction: Using SimplygonSwarm for distributed automatic mesh merging
[2018.09.13-00.09.07:028][  0]LogMeshReduction: Using ProxyLODMeshReduction for automatic mesh merging
[2018.09.13-00.09.07:028][  0]LogMeshReduction: Using QuadricMeshReduction for automatic static mesh reduction
[2018.09.13-00.09.07:028][  0]LogMeshReduction: No automatic skeletal mesh reduction module available
[2018.09.13-00.09.07:042][  0]LogNetVersion: ASH_Game 1.0.0, NetCL: 4212847, EngineNetVer: 5, GameNetVer: 0 (Checksum: 1471675654)
[2018.09.13-00.09.07:512][  0]LogPackageLocalizationCache: Processed 13 localized package path(s) for 2 prioritized culture(s) in 0.107012 seconds
[2018.09.13-00.09.07:518][  0]LogUObjectArray: 38425 objects as part of root set at end of initial load.
[2018.09.13-00.09.07:518][  0]LogUObjectAllocator: 6690872 out of 0 bytes used by permanent object pool.
[2018.09.13-00.09.07:518][  0]LogUObjectArray: CloseDisregardForGC: 0/0 objects in disregard for GC pool
[2018.09.13-00.09.08:298][  0]LogTcpMessaging: Initializing TcpMessaging bridge
[2018.09.13-00.09.08:318][  0]LogUdpMessaging: Initializing bridge on interface 0.0.0.0:0 to multicast group 230.0.0.1:6666.
[2018.09.13-00.09.08:479][  0]SourceControl: Source control is disabled
[2018.09.13-00.09.08:479][  0]SourceControl: Source control is disabled
[2018.09.13-00.09.08:480][  0]SourceControl: Source control is disabled
[2018.09.13-00.09.08:482][  0]SourceControl: Source control is disabled
[2018.09.13-00.09.08:657][  0]LogAndroidPermission: UAndroidPermissionCallbackProxy::GetInstance
[2018.09.13-00.09.08:729][  0]LogOcInput: OculusInput pre-init called
[2018.09.13-00.09.10:506][  0]LogEngine: Initializing Engine...
[2018.09.13-00.09.10:506][  0]LogHMD: Failed to initialize OpenVR with code 110
[2018.09.13-00.09.10:507][  0]LogStats: UGameplayTagsManager::ConstructGameplayTagTree: ImportINI prefixes -  0.000 s
[2018.09.13-00.09.10:507][  0]LogStats: UGameplayTagsManager::ConstructGameplayTagTree: Construct from data asset -  0.000 s
[2018.09.13-00.09.10:508][  0]LogStats: UGameplayTagsManager::ConstructGameplayTagTree: ImportINI -  0.000 s
[2018.09.13-00.09.10:508][  0]LogStats: UGameplayTagsManager::ConstructGameplayTagTree: GameplayTagTreeChangedEvent.Broadcast -  0.000 s
[2018.09.13-00.09.10:678][  0]LogInit: Initializing FReadOnlyCVARCache
[2018.09.13-00.09.10:691][  0]LogAIModule: Creating AISystem for world Untitled
[2018.09.13-00.09.10:741][  0]LogInit: XAudio2 using 'Speakers/Headphones (Realtek(R) Audio)' : 2 channels at 48 kHz using 32 bits per sample (channel mask 0x3)
[2018.09.13-00.09.10:803][  0]LogInit: FAudioDevice initialized.
[2018.09.13-00.09.10:803][  0]LogNetVersion: Set ProjectVersion to 1.0.0.0. Version Checksum will be recalculated on next use.
[2018.09.13-00.09.11:026][  0]LogDerivedDataCache: Saved boot cache 0.22s 72MB C:/Users/RickTri-OS/AppData/Local/UnrealEngine/4.20/DerivedDataCache/Boot.ddc.
[2018.09.13-00.09.11:031][  0]LogInit: Texture streaming: Enabled
[2018.09.13-00.09.11:051][  0]LogEngineSessionManager: EngineSessionManager initialized
[2018.09.13-00.09.11:068][  0]LogInit: Transaction tracking system initialized
[2018.09.13-00.09.11:094][  0]BlueprintLog: New page: Editor Load
[2018.09.13-00.09.11:208][  0]LocalizationService: Localization service is disabled
[2018.09.13-00.09.11:464][  0]LogCook: Display: Max memory allowance for cook 16384mb min free memory 0mb
[2018.09.13-00.09.11:464][  0]LogCook: Display: Mobile HDR setting 1
[2018.09.13-00.09.11:464][  0]LogGameplayTags: Display: UGameplayTagsManager::DoneAddingNativeTags. DelegateIsBound: 0
[2018.09.13-00.09.11:464][  0]LogStats: UGameplayTagsManager::ConstructGameplayTagTree: ImportINI prefixes -  0.000 s
[2018.09.13-00.09.11:464][  0]LogStats: UGameplayTagsManager::ConstructGameplayTagTree: Construct from data asset -  0.000 s
[2018.09.13-00.09.11:465][  0]LogStats: UGameplayTagsManager::ConstructGameplayTagTree: ImportINI -  0.000 s
[2018.09.13-00.09.11:465][  0]LogStats: UGameplayTagsManager::ConstructGameplayTagTree: GameplayTagTreeChangedEvent.Broadcast -  0.000 s
[2018.09.13-00.09.11:474][  0]LogFileCache: Scanning file cache for directory 'D:/_Projects/UE4Group/ASH_Game/Content/' took 0.01s
[2018.09.13-00.09.12:627][  0]SourceControl: Source control is disabled
[2018.09.13-00.09.12:628][  0]Cmd: MAP LOAD FILE="D:/_Projects/UE4Group/ASH_Game/Content/TopDownBP/Maps/TopDownExampleMap.umap" TEMPLATE=0 SHOWPROGRESS=1 FEATURELEVEL=3
[2018.09.13-00.09.12:628][  0]LightingResults: New page: Lighting Build
[2018.09.13-00.09.12:631][  0]MapCheck: New page: Map Check
[2018.09.13-00.09.12:631][  0]LightingResults: New page: Lighting Build
[2018.09.13-00.09.13:031][  0]LogAIModule: Creating AISystem for world TopDownExampleMap
[2018.09.13-00.09.13:039][  0]LogEditorServer: Finished looking for orphan Actors (0.000 secs)
[2018.09.13-00.09.13:064][  0]Cmd: MAP CHECKDEP NOCLEARLOG
[2018.09.13-00.09.13:158][  0]MapCheck: Map check complete: 0 Error(s), 0 Warning(s), took 93.669ms to complete.
[2018.09.13-00.09.13:158][  0]LogFileHelpers: Loading map 'TopDownExampleMap' took 0.531
[2018.09.13-00.09.13:216][  0]LogWindowsTextInputMethodSystem: Display: IME system now deactivated.
[2018.09.13-00.09.13:242][  0]LogSlate: Updating window title bar state: overlay mode, drag disabled, window buttons hidden, title bar hidden
[2018.09.13-00.09.13:248][  0]LogSlate: Updating window title bar state: overlay mode, drag disabled, window buttons hidden, title bar hidden
[2018.09.13-00.09.13:253][  0]LogSlate: Updating window title bar state: overlay mode, drag disabled, window buttons hidden, title bar hidden
[2018.09.13-00.09.13:259][  0]LogSlate: Updating window title bar state: overlay mode, drag disabled, window buttons hidden, title bar hidden
[2018.09.13-00.09.13:265][  0]LogCollectionManager: Loaded 0 collections in 0.001799 seconds
[2018.09.13-00.09.13:306][  0]LogFileCache: Scanning file cache for directory 'D:/_Projects/UE4Group/ASH_Game/Saved/Collections/' took 0.01s
[2018.09.13-00.09.13:306][  0]LogFileCache: Scanning file cache for directory 'D:/_Projects/UE4Group/ASH_Game/Content/Developers/RickTriOS/Collections/' took 0.01s
[2018.09.13-00.09.13:306][  0]LogFileCache: Scanning file cache for directory 'D:/_Projects/UE4Group/ASH_Game/Content/Collections/' took 0.01s
[2018.09.13-00.09.13:306][  0]LogCollectionManager: Rebuilt the GUID cache for 0 collections in 0.000000 seconds
[2018.09.13-00.09.13:314][  0]LogContentBrowser: Native class hierarchy populated in 0.0078 seconds. Added 2621 classes and 629 folders.
[2018.09.13-00.09.13:321][  0]LogContentBrowser: Native class hierarchy updated for 'WidgetCarousel' in 0.0003 seconds. Added 0 classes and 0 folders.
[2018.09.13-00.09.13:374][  0]LogContentBrowser: Native class hierarchy updated for 'AddContentDialog' in 0.0003 seconds. Added 0 classes and 0 folders.
[2018.09.13-00.09.13:379][  0]LogContentBrowser: Native class hierarchy updated for 'SceneOutliner' in 0.0003 seconds. Added 1 classes and 2 folders.
[2018.09.13-00.09.13:438][  0]LogSlate: Took 0.000149 seconds to synchronously load lazily loaded font '../../../Engine/Content/Slate/Fonts/Roboto-Regular.ttf' (155K)
[2018.09.13-00.09.13:440][  0]LogSlate: Took 0.000137 seconds to synchronously load lazily loaded font '../../../Engine/Content/Slate/Fonts/Roboto-Bold.ttf' (160K)
[2018.09.13-00.09.13:444][  0]LogSlate: Took 0.000164 seconds to synchronously load lazily loaded font '../../../Engine/Content/Editor/Slate/Fonts/FontAwesome.ttf' (139K)
[2018.09.13-00.09.13:509][  0]LogRenderer: Reallocating scene render targets to support 1072x496 Format 10 NumSamples 1 (Frame:1).
[2018.09.13-00.09.13:655][  0]LogContentBrowser: Native class hierarchy updated for 'HierarchicalLODOutliner' in 0.0003 seconds. Added 0 classes and 0 folders.
[2018.09.13-00.09.13:655][  0]LogLoad: (Engine Initialization) Total time: 11.30 seconds
[2018.09.13-00.09.13:655][  0]LogLoad: (Engine Initialization) Total Blueprint compile time: 0.00 seconds
[2018.09.13-00.09.13:699][  0]LogContentStreaming: Texture pool size now 1000 MB
[2018.09.13-00.09.13:790][  1]LogAssetRegistry: Asset discovery search completed in 7.2296 seconds
[2018.09.13-00.09.13:791][  1]LogCollectionManager: Rebuilt the object cache for 0 collections in 0.000000 seconds (found 0 objects)
[2018.09.13-00.09.13:791][  1]LogCollectionManager: Fixed up redirectors for 0 collections in 0.000043 seconds (updated 0 objects)
[2018.09.13-00.09.24:842][664]LogSlate: FSceneViewport::OnFocusLost() reason 0
[2018.09.13-00.09.24:909][668]LogTemp: Repeating last play command: Selected Viewport
[2018.09.13-00.09.24:913][668]LogBlueprintUserMessages: Early PlayInEditor Detection: Level '/Game/TopDownBP/Maps/TopDownExampleMap.TopDownExampleMap:PersistentLevel' has LevelScriptBlueprint '/Game/TopDownBP/Maps/TopDownExampleMap.TopDownExampleMap:PersistentLevel.TopDownExampleMap' with GeneratedClass '/Game/TopDownBP/Maps/TopDownExampleMap.TopDownExampleMap_C' with ClassGeneratedBy '/Game/TopDownBP/Maps/TopDownExampleMap.TopDownExampleMap:PersistentLevel.TopDownExampleMap'
[2018.09.13-00.09.24:914][668]LogPlayLevel: PlayLevel: No blueprints needed recompiling
[2018.09.13-00.09.24:934][668]PIE: New page: PIE session: TopDownExampleMap (Sep 12, 2018, 4:09:24 PM)
[2018.09.13-00.09.24:934][668]LogPlayLevel: Creating play world package: /Game/TopDownBP/Maps/UEDPIE_0_TopDownExampleMap
[2018.09.13-00.09.24:950][668]LogPlayLevel: PIE: StaticDuplicateObject took: (0.016040s)
[2018.09.13-00.09.24:951][668]LogAIModule: Creating AISystem for world TopDownExampleMap
[2018.09.13-00.09.24:951][668]LogPlayLevel: PIE: World Init took: (0.000814s)
[2018.09.13-00.09.24:951][668]LogPlayLevel: PIE: Created PIE world by copying editor world from /Game/TopDownBP/Maps/TopDownExampleMap.TopDownExampleMap to /Game/TopDownBP/Maps/UEDPIE_0_TopDownExampleMap.TopDownExampleMap (0.017015s)
[2018.09.13-00.09.24:976][668]LogInit: XAudio2 using 'Speakers/Headphones (Realtek(R) Audio)' : 2 channels at 48 kHz using 32 bits per sample (channel mask 0x3)
[2018.09.13-00.09.25:028][668]LogInit: FAudioDevice initialized.
[2018.09.13-00.09.25:069][668]LogLoad: Game class is 'TopDownGameMode_C'
[2018.09.13-00.09.25:077][668]LogWorld: Bringing World /Game/TopDownBP/Maps/UEDPIE_0_TopDownExampleMap.TopDownExampleMap up for play (max tick rate 60) at 2018.09.12-20.09.25
[2018.09.13-00.09.25:079][668]LogWorld: Bringing up level for play took: 0.002665
[2018.09.13-00.09.25:101][668]LogContentBrowser: Native class hierarchy updated for 'MovieSceneCapture' in 0.0003 seconds. Added 10 classes and 0 folders.
[2018.09.13-00.09.25:101][668]PIE: Play in editor start time for /Game/TopDownBP/Maps/UEDPIE_0_TopDownExampleMap -0.045
[2018.09.13-00.09.25:101][668]LogBlueprintUserMessages: Late PlayInEditor Detection: Level '/Game/TopDownBP/Maps/TopDownExampleMap.TopDownExampleMap:PersistentLevel' has LevelScriptBlueprint '/Game/TopDownBP/Maps/TopDownExampleMap.TopDownExampleMap:PersistentLevel.TopDownExampleMap' with GeneratedClass '/Game/TopDownBP/Maps/TopDownExampleMap.TopDownExampleMap_C' with ClassGeneratedBy '/Game/TopDownBP/Maps/TopDownExampleMap.TopDownExampleMap:PersistentLevel.TopDownExampleMap'
[2018.09.13-00.09.26:304][739]LogBlueprintUserMessages: Early EndPlayMap Detection: Level '/Game/TopDownBP/Maps/TopDownExampleMap.TopDownExampleMap:PersistentLevel' has LevelScriptBlueprint '/Game/TopDownBP/Maps/TopDownExampleMap.TopDownExampleMap:PersistentLevel.TopDownExampleMap' with GeneratedClass '/Game/TopDownBP/Maps/TopDownExampleMap.TopDownExampleMap_C' with ClassGeneratedBy '/Game/TopDownBP/Maps/TopDownExampleMap.TopDownExampleMap:PersistentLevel.TopDownExampleMap'
[2018.09.13-00.09.26:305][739]LogSlate: Updating window title bar state: overlay mode, drag disabled, window buttons hidden, title bar hidden
[2018.09.13-00.09.26:335][739]LogPlayLevel: Display: Shutting down PIE online subsystems
[2018.09.13-00.09.26:335][739]LogBlueprintUserMessages: Late EndPlayMap Detection: Level '/Game/TopDownBP/Maps/TopDownExampleMap.TopDownExampleMap:PersistentLevel' has LevelScriptBlueprint '/Game/TopDownBP/Maps/TopDownExampleMap.TopDownExampleMap:PersistentLevel.TopDownExampleMap' with GeneratedClass '/Game/TopDownBP/Maps/TopDownExampleMap.TopDownExampleMap_C' with ClassGeneratedBy '/Game/TopDownBP/Maps/TopDownExampleMap.TopDownExampleMap:PersistentLevel.TopDownExampleMap'
[2018.09.13-00.09.26:359][739]LogSlate: Updating window title bar state: overlay mode, drag disabled, window buttons hidden, title bar hidden
[2018.09.13-00.09.26:420][743]LogPlayLevel: Display: Destroying online subsystem :Context_1
[2018.09.13-00.09.27:236][792]LogTemp: Repeating last play command: Selected Viewport
[2018.09.13-00.09.27:241][792]LogBlueprintUserMessages: Early PlayInEditor Detection: Level '/Game/TopDownBP/Maps/TopDownExampleMap.TopDownExampleMap:PersistentLevel' has LevelScriptBlueprint '/Game/TopDownBP/Maps/TopDownExampleMap.TopDownExampleMap:PersistentLevel.TopDownExampleMap' with GeneratedClass '/Game/TopDownBP/Maps/TopDownExampleMap.TopDownExampleMap_C' with ClassGeneratedBy '/Game/TopDownBP/Maps/TopDownExampleMap.TopDownExampleMap:PersistentLevel.TopDownExampleMap'
[2018.09.13-00.09.27:241][792]LogPlayLevel: PlayLevel: No blueprints needed recompiling
[2018.09.13-00.09.27:241][792]PIE: New page: PIE session: TopDownExampleMap (Sep 12, 2018, 4:09:27 PM)
[2018.09.13-00.09.27:242][792]LogPlayLevel: Creating play world package: /Game/TopDownBP/Maps/UEDPIE_0_TopDownExampleMap
[2018.09.13-00.09.27:251][792]LogPlayLevel: PIE: StaticDuplicateObject took: (0.009358s)
[2018.09.13-00.09.27:251][792]LogAIModule: Creating AISystem for world TopDownExampleMap
[2018.09.13-00.09.27:252][792]LogPlayLevel: PIE: World Init took: (0.000562s)
[2018.09.13-00.09.27:252][792]LogPlayLevel: PIE: Created PIE world by copying editor world from /Game/TopDownBP/Maps/TopDownExampleMap.TopDownExampleMap to /Game/TopDownBP/Maps/UEDPIE_0_TopDownExampleMap.TopDownExampleMap (0.010033s)
[2018.09.13-00.09.27:277][792]LogInit: XAudio2 using 'Speakers/Headphones (Realtek(R) Audio)' : 2 channels at 48 kHz using 32 bits per sample (channel mask 0x3)
[2018.09.13-00.09.27:337][792]LogInit: FAudioDevice initialized.
[2018.09.13-00.09.27:365][792]LogLoad: Game class is 'TopDownGameMode_C'
[2018.09.13-00.09.27:367][792]LogWorld: Bringing World /Game/TopDownBP/Maps/UEDPIE_0_TopDownExampleMap.TopDownExampleMap up for play (max tick rate 60) at 2018.09.12-20.09.27
[2018.09.13-00.09.27:367][792]LogWorld: Bringing up level for play took: 0.001475
[2018.09.13-00.09.27:379][792]PIE: Play in editor start time for /Game/TopDownBP/Maps/UEDPIE_0_TopDownExampleMap 0.233
[2018.09.13-00.09.27:379][792]LogBlueprintUserMessages: Late PlayInEditor Detection: Level '/Game/TopDownBP/Maps/TopDownExampleMap.TopDownExampleMap:PersistentLevel' has LevelScriptBlueprint '/Game/TopDownBP/Maps/TopDownExampleMap.TopDownExampleMap:PersistentLevel.TopDownExampleMap' with GeneratedClass '/Game/TopDownBP/Maps/TopDownExampleMap.TopDownExampleMap_C' with ClassGeneratedBy '/Game/TopDownBP/Maps/TopDownExampleMap.TopDownExampleMap:PersistentLevel.TopDownExampleMap'
[2018.09.13-00.09.33:188][140]LogSlate: FSceneViewport::OnFocusLost() reason 0
[2018.09.13-00.09.33:239][143]LogBlueprintUserMessages: Early EndPlayMap Detection: Level '/Game/TopDownBP/Maps/TopDownExampleMap.TopDownExampleMap:PersistentLevel' has LevelScriptBlueprint '/Game/TopDownBP/Maps/TopDownExampleMap.TopDownExampleMap:PersistentLevel.TopDownExampleMap' with GeneratedClass '/Game/TopDownBP/Maps/TopDownExampleMap.TopDownExampleMap_C' with ClassGeneratedBy '/Game/TopDownBP/Maps/TopDownExampleMap.TopDownExampleMap:PersistentLevel.TopDownExampleMap'
[2018.09.13-00.09.33:239][143]LogSlate: Updating window title bar state: overlay mode, drag disabled, window buttons hidden, title bar hidden
[2018.09.13-00.09.33:273][143]LogPlayLevel: Display: Shutting down PIE online subsystems
[2018.09.13-00.09.33:273][143]LogBlueprintUserMessages: Late EndPlayMap Detection: Level '/Game/TopDownBP/Maps/TopDownExampleMap.TopDownExampleMap:PersistentLevel' has LevelScriptBlueprint '/Game/TopDownBP/Maps/TopDownExampleMap.TopDownExampleMap:PersistentLevel.TopDownExampleMap' with GeneratedClass '/Game/TopDownBP/Maps/TopDownExampleMap.TopDownExampleMap_C' with ClassGeneratedBy '/Game/TopDownBP/Maps/TopDownExampleMap.TopDownExampleMap:PersistentLevel.TopDownExampleMap'
[2018.09.13-00.09.33:297][143]LogSlate: Updating window title bar state: overlay mode, drag disabled, window buttons hidden, title bar hidden
[2018.09.13-00.09.33:341][146]LogPlayLevel: Display: Destroying online subsystem :Context_2
[2018.09.13-00.09.34:350][204]LogSlate: Window 'ASH_Game - Unreal Editor' being destroyed
[2018.09.13-00.09.34:352][204]LogWindowsTextInputMethodSystem: Display: IME system now deactivated.
[2018.09.13-00.09.34:355][204]LogWindowsTextInputMethodSystem: Display: IME system now deactivated.
[2018.09.13-00.09.34:498][205]Cmd: QUIT_EDITOR
[2018.09.13-00.09.35:400][205]LogExit: Preparing to exit.
[2018.09.13-00.09.36:353][205]LogExit: Editor shut down
[2018.09.13-00.09.36:353][205]LogExit: Transaction tracking system shut down
[2018.09.13-00.09.36:942][205]LogExit: Object subsystem successfully closed.
[2018.09.13-00.09.36:961][205]LogShaderCompilers: Display: Shaders left to compile 0
[2018.09.13-00.09.36:964][205]LogD3D11RHI: Shutdown
[2018.09.13-00.09.36:964][205]LogD3D11RHI: CleanupD3DDevice
[2018.09.13-00.09.36:965][205]LogD3D11RHI: ~FD3D11DynamicRHI
[2018.09.13-00.09.36:995][205]LogModuleManager: Shutting down and abandoning module MovieSceneCapture (632)
[2018.09.13-00.09.36:995][205]LogModuleManager: Shutting down and abandoning module Voice (630)
[2018.09.13-00.09.36:995][205]LogModuleManager: Shutting down and abandoning module HierarchicalLODOutliner (628)
[2018.09.13-00.09.36:995][205]LogModuleManager: Shutting down and abandoning module SceneOutliner (626)
[2018.09.13-00.09.36:995][205]LogModuleManager: Shutting down and abandoning module AddContentDialog (624)
[2018.09.13-00.09.36:995][205]LogModuleManager: Shutting down and abandoning module WidgetCarousel (623)
[2018.09.13-00.09.36:995][205]LogModuleManager: Shutting down and abandoning module EditorWidgets (620)
[2018.09.13-00.09.36:995][205]LogModuleManager: Shutting down and abandoning module CollectionManager (618)
[2018.09.13-00.09.36:996][205]LogModuleManager: Shutting down and abandoning module StatsViewer (616)
[2018.09.13-00.09.36:996][205]LogModuleManager: Shutting down and abandoning module FoliageEdit (614)
[2018.09.13-00.09.36:996][205]LogModuleManager: Shutting down and abandoning module LandscapeEditor (612)
[2018.09.13-00.09.36:996][205]LogModuleManager: Shutting down and abandoning module MeshPaintMode (610)
[2018.09.13-00.09.36:996][205]LogModuleManager: Shutting down and abandoning module SceneDepthPickerMode (608)
[2018.09.13-00.09.36:996][205]LogModuleManager: Shutting down and abandoning module ActorPickerMode (606)
[2018.09.13-00.09.36:996][205]LogModuleManager: Shutting down and abandoning module GeometryMode (604)
[2018.09.13-00.09.36:996][205]LogModuleManager: Shutting down and abandoning module TextureAlignMode (602)
[2018.09.13-00.09.36:996][205]LogModuleManager: Shutting down and abandoning module BspMode (600)
[2018.09.13-00.09.36:996][205]LogModuleManager: Shutting down and abandoning module PIEPreviewDeviceProfileSelector (598)
[2018.09.13-00.09.36:996][205]LogModuleManager: Shutting down and abandoning module SequenceRecorderSections (596)
[2018.09.13-00.09.36:996][205]LogModuleManager: Shutting down and abandoning module AutomationWorker (594)
[2018.09.13-00.09.36:996][205]LogModuleManager: Shutting down and abandoning module DatasmithFBXImporter (592)
[2018.09.13-00.09.36:996][205]LogModuleManager: Shutting down and abandoning module DatasmithDeltaGenImporter (590)
[2018.09.13-00.09.36:996][205]LogModuleManager: Shutting down and abandoning module DatasmithVREDImporter (588)
[2018.09.13-00.09.36:996][205]LogModuleManager: Shutting down and abandoning module AudioCaptureEditor (586)
[2018.09.13-00.09.36:996][205]LogModuleManager: Shutting down and abandoning module SequenceRecorder (585)
[2018.09.13-00.09.36:996][205]LogModuleManager: Shutting down and abandoning module MatineeToLevelSequence (582)
[2018.09.13-00.09.36:996][205]LogModuleManager: Shutting down and abandoning module LevelSequenceEditor (580)
[2018.09.13-00.09.36:996][205]LogModuleManager: Shutting down and abandoning module PlacementMode (579)
[2018.09.13-00.09.36:996][205]LogModuleManager: Shutting down and abandoning module MaterialEditor (578)
[2018.09.13-00.09.36:996][205]LogModuleManager: Shutting down and abandoning module WmfMediaFactory (574)
[2018.09.13-00.09.36:996][205]LogModuleManager: Shutting down and abandoning module WmfMediaEditor (572)
[2018.09.13-00.09.36:996][205]LogModuleManager: Shutting down and abandoning module MediaPlayerEditor (570)
[2018.09.13-00.09.36:996][205]LogModuleManager: Shutting down and abandoning module OpenExrWrapper (568)
[2018.09.13-00.09.36:996][205]LogModuleManager: Shutting down and abandoning module ImgMediaFactory (566)
[2018.09.13-00.09.36:996][205]LogModuleManager: Shutting down and abandoning module ImgMediaEditor (564)
[2018.09.13-00.09.36:996][205]LogModuleManager: Shutting down and abandoning module AvfMediaFactory (562)
[2018.09.13-00.09.36:996][205]LogModuleManager: Shutting down and abandoning module AvfMediaEditor (560)
[2018.09.13-00.09.36:996][205]LogModuleManager: Shutting down and abandoning module AndroidMediaFactory (558)
[2018.09.13-00.09.36:996][205]LogModuleManager: Shutting down and abandoning module AndroidMediaEditor (556)
[2018.09.13-00.09.36:996][205]LogModuleManager: Shutting down and abandoning module MagicLeapCameraPreviewFactory (554)
[2018.09.13-00.09.36:996][205]LogModuleManager: Shutting down and abandoning module MagicLeapMediaFactory (552)
[2018.09.13-00.09.36:996][205]LogModuleManager: Shutting down and abandoning module MagicLeapMediaEditor (550)
[2018.09.13-00.09.36:996][205]LogModuleManager: Shutting down and abandoning module CharacterAI (548)
[2018.09.13-00.09.36:996][205]LogModuleManager: Shutting down and abandoning module SmartSnapping (546)
[2018.09.13-00.09.36:996][205]LogModuleManager: Shutting down and abandoning module SessionServices (544)
[2018.09.13-00.09.36:997][205]LogModuleManager: Shutting down and abandoning module ViewportSnapping (542)
[2018.09.13-00.09.36:997][205]LogModuleManager: Shutting down and abandoning module ViewportInteraction (540)
[2018.09.13-00.09.36:997][205]LogModuleManager: Shutting down and abandoning module ClothPainter (538)
[2018.09.13-00.09.36:997][205]LogModuleManager: Shutting down and abandoning module SkeletalMeshEditor (537)
[2018.09.13-00.09.36:997][205]LogModuleManager: Shutting down and abandoning module LogVisualizer (534)
[2018.09.13-00.09.36:997][205]LogModuleManager: Shutting down and abandoning module IntroTutorials (532)
[2018.09.13-00.09.36:997][205]LogModuleManager: Shutting down and abandoning module GameProjectGeneration (531)
[2018.09.13-00.09.36:997][205]LogModuleManager: Shutting down and abandoning module LuminPlatformEditor (528)
[2018.09.13-00.09.36:997][205]LogModuleManager: Shutting down and abandoning module IOSPlatformEditor (526)
[2018.09.13-00.09.36:997][205]LogModuleManager: Shutting down and abandoning module HTML5PlatformEditor (524)
[2018.09.13-00.09.36:997][205]LogModuleManager: Shutting down and abandoning module AndroidPlatformEditor (522)
[2018.09.13-00.09.36:997][205]LogModuleManager: Shutting down and abandoning module AndroidDeviceDetection (521)
[2018.09.13-00.09.37:263][205]LogModuleManager: Shutting down and abandoning module WindowsPlatformEditor (518)
[2018.09.13-00.09.37:263][205]LogModuleManager: Shutting down and abandoning module LuminRuntimeSettings (516)
[2018.09.13-00.09.37:263][205]LogModuleManager: Shutting down and abandoning module IOSRuntimeSettings (514)
[2018.09.13-00.09.37:263][205]LogModuleManager: Shutting down and abandoning module AndroidRuntimeSettings (512)
[2018.09.13-00.09.37:263][205]LogModuleManager: Shutting down and abandoning module InputBindingEditor (510)
[2018.09.13-00.09.37:263][205]LogModuleManager: Shutting down and abandoning module MergeActors (508)
[2018.09.13-00.09.37:263][205]LogModuleManager: Shutting down and abandoning module LocalizationDashboard (506)
[2018.09.13-00.09.37:263][205]LogModuleManager: Shutting down and abandoning module LocalizationService (505)
[2018.09.13-00.09.37:263][205]LogModuleManager: Shutting down and abandoning module HardwareTargeting (502)
[2018.09.13-00.09.37:263][205]LogModuleManager: Shutting down and abandoning module DeviceProfileEditor (500)
[2018.09.13-00.09.37:263][205]LogModuleManager: Shutting down and abandoning module UndoHistory (498)
[2018.09.13-00.09.37:263][205]LogModuleManager: Shutting down and abandoning module XmlParser (496)
[2018.09.13-00.09.37:263][205]LogModuleManager: Shutting down and abandoning module Blutility (494)
[2018.09.13-00.09.37:263][205]LogModuleManager: Shutting down and abandoning module ProjectSettingsViewer (492)
[2018.09.13-00.09.37:263][205]LogModuleManager: Shutting down and abandoning module ProjectTargetPlatformEditor (491)
[2018.09.13-00.09.37:263][205]LogModuleManager: Shutting down and abandoning module EditorSettingsViewer (488)
[2018.09.13-00.09.37:263][205]LogModuleManager: Shutting down and abandoning module SettingsEditor (486)
[2018.09.13-00.09.37:263][205]LogModuleManager: Shutting down and abandoning module ProjectLauncher (484)
[2018.09.13-00.09.37:263][205]LogModuleManager: Shutting down and abandoning module SessionFrontend (482)
[2018.09.13-00.09.37:264][205]LogModuleManager: Shutting down and abandoning module ProfilerClient (480)
[2018.09.13-00.09.37:264][205]LogModuleManager: Shutting down and abandoning module DeviceManager (478)
[2018.09.13-00.09.37:264][205]LogModuleManager: Shutting down and abandoning module TargetDeviceServices (477)
[2018.09.13-00.09.37:317][205]LogModuleManager: Shutting down and abandoning module AutomationController (474)
[2018.09.13-00.09.37:317][205]LogModuleManager: Shutting down and abandoning module AutomationWindow (472)
[2018.09.13-00.09.37:317][205]LogModuleManager: Shutting down and abandoning module Layers (470)
[2018.09.13-00.09.37:317][205]LogModuleManager: Shutting down and abandoning module ComponentVisualizers (468)
[2018.09.13-00.09.37:317][205]LogModuleManager: Shutting down and abandoning module DetailCustomizations (466)
[2018.09.13-00.09.37:317][205]LogModuleManager: Shutting down and abandoning module PackagesDialog (464)
[2018.09.13-00.09.37:317][205]LogModuleManager: Shutting down and abandoning module Persona (462)
[2018.09.13-00.09.37:317][205]LogModuleManager: Shutting down and abandoning module AnimGraph (461)
[2018.09.13-00.09.37:317][205]LogModuleManager: Shutting down and abandoning module Kismet (458)
[2018.09.13-00.09.37:317][205]LogModuleManager: Shutting down and abandoning module GraphEditor (456)
[2018.09.13-00.09.37:317][205]LogModuleManager: Shutting down and abandoning module ClassViewer (454)
[2018.09.13-00.09.37:317][205]LogModuleManager: Shutting down and abandoning module Toolbox (452)
[2018.09.13-00.09.37:317][205]LogModuleManager: Shutting down and abandoning module ModuleUI (450)
[2018.09.13-00.09.37:317][205]LogModuleManager: Shutting down and abandoning module MovieSceneTools (448)
[2018.09.13-00.09.37:317][205]LogModuleManager: Shutting down and abandoning module OutputLog (446)
[2018.09.13-00.09.37:317][205]LogModuleManager: Shutting down and abandoning module GammaUI (444)
[2018.09.13-00.09.37:317][205]LogModuleManager: Shutting down and abandoning module Documentation (442)
[2018.09.13-00.09.37:317][205]LogModuleManager: Shutting down and abandoning module MovieSceneTracks (440)
[2018.09.13-00.09.37:317][205]LogModuleManager: Shutting down and abandoning module MovieScene (438)
[2018.09.13-00.09.37:317][205]LogModuleManager: Shutting down and abandoning module StreamingPauseRendering (436)
[2018.09.13-00.09.37:317][205]LogModuleManager: Shutting down and abandoning module LauncherPlatform (434)
[2018.09.13-00.09.37:317][205]LogModuleManager: Shutting down and abandoning module AnalyticsET (432)
[2018.09.13-00.09.37:317][205]LogModuleManager: Shutting down and abandoning module PortalServices (430)
[2018.09.13-00.09.37:317][205]LogModuleManager: Shutting down and abandoning module PortalRpc (428)
[2018.09.13-00.09.37:317][205]LogModuleManager: Shutting down and abandoning module MessagingRpc (426)
[2018.09.13-00.09.37:317][205]LogModuleManager: Shutting down and abandoning module AIModule (424)
[2018.09.13-00.09.37:317][205]LogModuleManager: Shutting down and abandoning module GameplayDebugger (423)
[2018.09.13-00.09.37:318][205]LogModuleManager: Shutting down and abandoning module AITestSuite (421)
[2018.09.13-00.09.37:318][205]LogModuleManager: Shutting down and abandoning module NavigationSystem (419)
[2018.09.13-00.09.37:318][205]LogModuleManager: Shutting down and abandoning module DesktopPlatform (416)
[2018.09.13-00.09.37:318][205]LogModuleManager: Shutting down and abandoning module ProfilerService (414)
[2018.09.13-00.09.37:491][205]LogModuleManager: Shutting down and abandoning module TaskGraph (412)
[2018.09.13-00.09.37:491][205]LogModuleManager: Shutting down and abandoning module DatasmithCADImporter (410)
[2018.09.13-00.09.37:492][205]LogModuleManager: Shutting down and abandoning module StaticMeshEditorExtension (408)
[2018.09.13-00.09.37:492][205]LogModuleManager: Shutting down and abandoning module StaticMeshEditor (407)
[2018.09.13-00.09.37:492][205]LogModuleManager: Shutting down and abandoning module AdvancedPreviewScene (406)
[2018.09.13-00.09.37:492][205]LogModuleManager: Shutting down and abandoning module DatasmithMDLImporter (402)
[2018.09.13-00.09.37:493][205]LogModuleManager: Shutting down and abandoning module DatasmithImporter (400)
[2018.09.13-00.09.37:493][205]LogModuleManager: Shutting down and abandoning module SteamVRController (398)
[2018.09.13-00.09.37:493][205]LogModuleManager: Shutting down and abandoning module ProceduralMeshComponentEditor (396)
[2018.09.13-00.09.37:493][205]LogModuleManager: Shutting down and abandoning module ProceduralMeshComponent (394)
[2018.09.13-00.09.37:493][205]LogModuleManager: Shutting down and abandoning module OculusInput (392)
[2018.09.13-00.09.37:493][205]LogModuleManager: Shutting down and abandoning module MobilePatchingUtils (390)
[2018.09.13-00.09.37:493][205]LogModuleManager: Shutting down and abandoning module EditableMesh (388)
[2018.09.13-00.09.37:493][205]LogModuleManager: Shutting down and abandoning module CustomMeshComponent (386)
[2018.09.13-00.09.37:493][205]LogModuleManager: Shutting down and abandoning module CableComponent (384)
[2018.09.13-00.09.37:493][205]LogModuleManager: Shutting down and abandoning module AudioCapture (382)
[2018.09.13-00.09.37:493][205]LogModuleManager: Shutting down and abandoning module ArchVisCharacter (380)
[2018.09.13-00.09.37:493][205]LogModuleManager: Shutting down and abandoning module AndroidPermission (378)
[2018.09.13-00.09.37:493][205]LogModuleManager: Shutting down and abandoning module NUTUnrealEngine4 (376)
[2018.09.13-00.09.37:493][205]LogModuleManager: Shutting down and abandoning module NetcodeUnitTest (374)
[2018.09.13-00.09.37:493][205]LogModuleManager: Shutting down and abandoning module MediaCompositingEditor (372)
[2018.09.13-00.09.37:493][205]LogModuleManager: Shutting down and abandoning module MediaCompositing (370)
[2018.09.13-00.09.37:493][205]LogModuleManager: Shutting down and abandoning module LinearTimecode (368)
[2018.09.13-00.09.37:493][205]LogModuleManager: Shutting down and abandoning module ImgMedia (366)
[2018.09.13-00.09.37:497][205]LogModuleManager: Shutting down and abandoning module HTML5Networking (364)
[2018.09.13-00.09.37:497][205]LogModuleManager: Shutting down and abandoning module GeometryCacheTracks (362)
[2018.09.13-00.09.37:497][205]LogModuleManager: Shutting down and abandoning module GeometryCacheSequencer (360)
[2018.09.13-00.09.37:497][205]LogModuleManager: Shutting down and abandoning module BackChannel (358)
[2018.09.13-00.09.37:497][205]LogModuleManager: Shutting down and abandoning module AppleVision (356)
[2018.09.13-00.09.37:497][205]LogModuleManager: Shutting down and abandoning module AppleImageUtils (354)
[2018.09.13-00.09.37:497][205]LogModuleManager: Shutting down and abandoning module AlembicImporter (352)
[2018.09.13-00.09.37:497][205]LogModuleManager: Shutting down and abandoning module AlembicLibrary (351)
[2018.09.13-00.09.37:497][205]LogModuleManager: Shutting down and abandoning module GeometryCache (350)
[2018.09.13-00.09.37:497][205]LogModuleManager: Shutting down and abandoning module GeometryCacheEd (349)
[2018.09.13-00.09.37:497][205]LogModuleManager: Shutting down and abandoning module DatasmithContentEditor (344)
[2018.09.13-00.09.37:497][205]LogModuleManager: Shutting down and abandoning module DatasmithContent (342)
[2018.09.13-00.09.37:498][205]LogModuleManager: Shutting down and abandoning module SpeedTreeImporter (340)
[2018.09.13-00.09.37:498][205]LogModuleManager: Shutting down and abandoning module PluginBrowser (338)
[2018.09.13-00.09.37:498][205]LogModuleManager: Shutting down and abandoning module MobileLauncherProfileWizard (336)
[2018.09.13-00.09.37:498][205]LogModuleManager: Shutting down and abandoning module PolygonModeling (334)
[2018.09.13-00.09.37:498][205]LogModuleManager: Shutting down and abandoning module MeshEditor (332)
[2018.09.13-00.09.37:498][205]LogModuleManager: Shutting down and abandoning module EditorScriptingUtilities (330)
[2018.09.13-00.09.37:498][205]LogModuleManager: Shutting down and abandoning module CryptoKeysOpenSSL (328)
[2018.09.13-00.09.37:498][205]LogModuleManager: Shutting down and abandoning module CryptoKeys (326)
[2018.09.13-00.09.37:498][205]LogModuleManager: Shutting down and abandoning module VisualStudioSourceCodeAccess (324)
[2018.09.13-00.09.37:498][205]LogModuleManager: Shutting down and abandoning module VisualStudioCodeSourceCodeAccess (322)
[2018.09.13-00.09.37:498][205]LogModuleManager: Shutting down and abandoning module UObjectPlugin (320)
[2018.09.13-00.09.37:498][205]LogModuleManager: Shutting down and abandoning module SubversionSourceControl (318)
[2018.09.13-00.09.37:498][205]LogModuleManager: Shutting down and abandoning module PerforceSourceControl (316)
[2018.09.13-00.09.37:498][205]LogModuleManager: Shutting down and abandoning module GitSourceControl (314)
[2018.09.13-00.09.37:498][205]LogModuleManager: Shutting down and abandoning module SourceControl (313)
[2018.09.13-00.09.37:498][205]LogModuleManager: Shutting down and abandoning module CLionSourceCodeAccess (310)
[2018.09.13-00.09.37:498][205]LogModuleManager: Shutting down and abandoning module LightPropagationVolumeEditor (308)
[2018.09.13-00.09.37:498][205]LogModuleManager: Shutting down and abandoning module PaperTiledImporter (306)
[2018.09.13-00.09.37:498][205]LogModuleManager: Shutting down and abandoning module PaperSpriteSheetImporter (304)
[2018.09.13-00.09.37:498][205]LogModuleManager: Shutting down and abandoning module Paper2DEditor (302)
[2018.09.13-00.09.37:498][205]LogModuleManager: Shutting down and abandoning module MeshPaint (301)
[2018.09.13-00.09.37:498][205]LogModuleManager: Shutting down and abandoning module RuntimePhysXCooking (298)
[2018.09.13-00.09.37:498][205]LogModuleManager: Shutting down and abandoning module PhysXVehiclesEditor (296)
[2018.09.13-00.09.37:498][205]LogModuleManager: Shutting down and abandoning module PhysXVehicles (294)
[2018.09.13-00.09.37:498][205]LogModuleManager: Shutting down and abandoning module OculusEditor (292)
[2018.09.13-00.09.37:498][205]LogModuleManager: Shutting down and abandoning module LocationServicesBPLibrary (290)
[2018.09.13-00.09.37:498][205]LogModuleManager: Shutting down and abandoning module ImmediatePhysicsEditor (288)
[2018.09.13-00.09.37:498][205]LogModuleManager: Shutting down and abandoning module ImmediatePhysics (286)
[2018.09.13-00.09.37:498][205]LogModuleManager: Shutting down and abandoning module ActorSequence (284)
[2018.09.13-00.09.37:498][205]LogModuleManager: Shutting down and abandoning module UdpMessaging (282)
[2018.09.13-00.09.37:599][205]LogModuleManager: Shutting down and abandoning module TcpMessaging (280)
[2018.09.13-00.09.37:700][205]LogModuleManager: Shutting down and abandoning module MagicLeapAudio (278)
[2018.09.13-00.09.37:700][205]LogModuleManager: Shutting down and abandoning module GameplayTagsEditor (276)
[2018.09.13-00.09.37:700][205]LogModuleManager: Shutting down and abandoning module FacialAnimationEditor (274)
[2018.09.13-00.09.37:700][205]LogModuleManager: Shutting down and abandoning module FacialAnimation (272)
[2018.09.13-00.09.37:700][205]LogModuleManager: Shutting down and abandoning module DataValidation (270)
[2018.09.13-00.09.37:700][205]LogModuleManager: Shutting down and abandoning module AssetManagerEditor (268)
[2018.09.13-00.09.37:700][205]LogModuleManager: Shutting down and abandoning module LevelEditor (267)
[2018.09.13-00.09.37:700][205]LogModuleManager: Shutting down and abandoning module PixelInspectorModule (266)
[2018.09.13-00.09.37:700][205]LogModuleManager: Shutting down and abandoning module CommonMenuExtensions (264)
[2018.09.13-00.09.37:701][205]LogModuleManager: Shutting down and abandoning module MainFrame (262)
[2018.09.13-00.09.37:701][205]LogModuleManager: Shutting down and abandoning module HotReload (261)
[2018.09.13-00.09.37:701][205]LogModuleManager: Shutting down and abandoning module ContentBrowser (257)
[2018.09.13-00.09.37:702][205]LogModuleManager: Shutting down and abandoning module TreeMap (255)
[2018.09.13-00.09.37:702][205]LogModuleManager: Shutting down and abandoning module LightPropagationVolumeRuntime (252)
[2018.09.13-00.09.37:702][205]LogModuleManager: Shutting down and abandoning module AISupportModule (250)
[2018.09.13-00.09.37:702][205]LogModuleManager: Shutting down and abandoning module Paper2D (248)
[2018.09.13-00.09.37:702][205]LogModuleManager: Shutting down and abandoning module WindowsMoviePlayer (246)
[2018.09.13-00.09.37:702][205]LogModuleManager: Shutting down and abandoning module WmfMedia (244)
[2018.09.13-00.09.37:703][205]LogModuleManager: Shutting down and abandoning module Media (243)
[2018.09.13-00.09.37:709][205]LogModuleManager: Shutting down and abandoning module PacketHandler (240)
[2018.09.13-00.09.37:709][205]LogModuleManager: Shutting down and abandoning module ClothingSystemEditor (238)
[2018.09.13-00.09.37:709][205]LogModuleManager: Shutting down and abandoning module ClothingSystemRuntime (236)
[2018.09.13-00.09.37:709][205]LogModuleManager: Shutting down and abandoning module MediaAssets (234)
[2018.09.13-00.09.37:709][205]LogModuleManager: Shutting down and abandoning module Overlay (232)
[2018.09.13-00.09.37:709][205]LogModuleManager: Shutting down and abandoning module OverlayEditor (231)
[2018.09.13-00.09.37:709][205]LogModuleManager: Shutting down and abandoning module VREditor (228)
[2018.09.13-00.09.37:709][205]LogModuleManager: Shutting down and abandoning module StringTableEditor (226)
[2018.09.13-00.09.37:709][205]LogModuleManager: Shutting down and abandoning module GameplayTasksEditor (224)
[2018.09.13-00.09.37:709][205]LogModuleManager: Shutting down and abandoning module BehaviorTreeEditor (222)
[2018.09.13-00.09.37:709][205]LogModuleManager: Shutting down and abandoning module FunctionalTesting (220)
[2018.09.13-00.09.37:709][205]LogModuleManager: Shutting down and abandoning module CollisionAnalyzer (218)
[2018.09.13-00.09.37:709][205]LogModuleManager: Shutting down and abandoning module WorkspaceMenuStructure (217)
[2018.09.13-00.09.37:709][205]LogModuleManager: Shutting down and abandoning module UMG (214)
[2018.09.13-00.09.37:709][205]LogModuleManager: Shutting down and abandoning module UMGEditor (213)
[2018.09.13-00.09.37:710][205]LogModuleManager: Shutting down and abandoning module Sequencer (212)
[2018.09.13-00.09.37:710][205]LogModuleManager: Shutting down and abandoning module MessageLog (209)
[2018.09.13-00.09.37:710][205]LogModuleManager: Shutting down and abandoning module SlateReflector (204)
[2018.09.13-00.09.37:710][205]LogModuleManager: Shutting down and abandoning module Slate (202)
[2018.09.13-00.09.37:710][205]LogModuleManager: Shutting down and abandoning module EditorStyle (200)
[2018.09.13-00.09.37:711][205]LogModuleManager: Shutting down and abandoning module MRMesh (198)
[2018.09.13-00.09.37:711][205]LogModuleManager: Shutting down and abandoning module SourceCodeAccess (196)
[2018.09.13-00.09.37:711][205]LogModuleManager: Shutting down and abandoning module HeadMountedDisplay (194)
[2018.09.13-00.09.37:711][205]LogModuleManager: Shutting down and abandoning module XAudio2 (192)
[2018.09.13-00.09.37:711][205]LogModuleManager: Shutting down and abandoning module Networking (190)
[2018.09.13-00.09.37:711][205]LogModuleManager: Shutting down and abandoning module Core (188)
[2018.09.13-00.09.37:711][205]LogModuleManager: Shutting down and abandoning module LevelSequence (186)
[2018.09.13-00.09.37:711][205]LogModuleManager: Shutting down and abandoning module KismetCompiler (184)
[2018.09.13-00.09.37:711][205]LogModuleManager: Shutting down and abandoning module MeshUtilities (182)
[2018.09.13-00.09.37:711][205]LogModuleManager: Shutting down and abandoning module MeshMergeUtilities (181)
[2018.09.13-00.09.37:711][205]LogModuleManager: Shutting down and abandoning module MeshReductionInterface (180)
[2018.09.13-00.09.37:711][205]LogModuleManager: Shutting down and abandoning module SimplygonSwarm (179)
[2018.09.13-00.09.37:711][205]LogModuleManager: Shutting down and abandoning module ProxyLODMeshReduction (177)
[2018.09.13-00.09.37:711][205]LogModuleManager: Shutting down and abandoning module SimplygonMeshReduction (175)
[2018.09.13-00.09.37:711][205]LogModuleManager: Shutting down and abandoning module QuadricMeshReduction (173)
[2018.09.13-00.09.37:711][205]LogModuleManager: Shutting down and abandoning module MaterialBaking (169)
[2018.09.13-00.09.37:711][205]LogModuleManager: Shutting down and abandoning module DirectoryWatcher (165)
[2018.09.13-00.09.37:711][205]LogModuleManager: Shutting down and abandoning module DerivedDataCache (162)
[2018.09.13-00.09.38:011][205]LogDerivedDataCache: Shutdown
[2018.09.13-00.09.38:011][205]LogModuleManager: Shutting down and abandoning module XGEController (160)
[2018.09.13-00.09.38:011][205]LogModuleManager: Shutting down and abandoning module TargetPlatform (158)
[2018.09.13-00.09.38:011][205]LogModuleManager: Shutting down and abandoning module VulkanShaderFormat (157)
[2018.09.13-00.09.38:011][205]LogModuleManager: Shutting down and abandoning module ShaderFormatVectorVM (155)
[2018.09.13-00.09.38:012][205]LogModuleManager: Shutting down and abandoning module ShaderFormatOpenGL (153)
[2018.09.13-00.09.38:012][205]LogModuleManager: Shutting down and abandoning module ShaderFormatD3D (151)
[2018.09.13-00.09.38:012][205]LogModuleManager: Shutting down and abandoning module MetalShaderFormat (149)
[2018.09.13-00.09.38:012][205]LogModuleManager: Shutting down and abandoning module TextureFormatUncompressed (147)
[2018.09.13-00.09.38:012][205]LogModuleManager: Shutting down and abandoning module TextureFormatPVR (145)
[2018.09.13-00.09.38:012][205]LogModuleManager: Shutting down and abandoning module TextureFormatDXT (143)
[2018.09.13-00.09.38:012][205]LogModuleManager: Shutting down and abandoning module TextureFormatIntelISPCTexComp (141)
[2018.09.13-00.09.38:012][205]LogModuleManager: Shutting down and abandoning module TextureFormatASTC (139)
[2018.09.13-00.09.38:012][205]LogModuleManager: Shutting down and abandoning module ImageWrapper (138)
[2018.09.13-00.09.38:012][205]LogModuleManager: Shutting down and abandoning module TextureFormatAndroid (135)
[2018.09.13-00.09.38:012][205]LogModuleManager: Shutting down and abandoning module AudioFormatOpus (133)
[2018.09.13-00.09.38:012][205]LogModuleManager: Shutting down and abandoning module AudioFormatOgg (131)
[2018.09.13-00.09.38:012][205]LogModuleManager: Shutting down and abandoning module AudioFormatADPCM (129)
[2018.09.13-00.09.38:012][205]LogModuleManager: Shutting down and abandoning module LuminTargetPlatform (127)
[2018.09.13-00.09.38:012][205]LogModuleManager: Shutting down and abandoning module LinuxTargetPlatform (125)
[2018.09.13-00.09.38:012][205]LogModuleManager: Shutting down and abandoning module LinuxServerTargetPlatform (123)
[2018.09.13-00.09.38:012][205]LogModuleManager: Shutting down and abandoning module LinuxNoEditorTargetPlatform (121)
[2018.09.13-00.09.38:012][205]LogModuleManager: Shutting down and abandoning module LinuxClientTargetPlatform (119)
[2018.09.13-00.09.38:012][205]LogModuleManager: Shutting down and abandoning module TVOSTargetPlatform (117)
[2018.09.13-00.09.38:013][205]LogModuleManager: Shutting down and abandoning module Messaging (115)
[2018.09.13-00.09.38:013][205]LogModuleManager: Shutting down and abandoning module IOSTargetPlatform (113)
[2018.09.13-00.09.38:013][205]LogModuleManager: Shutting down and abandoning module HTML5TargetPlatform (111)
[2018.09.13-00.09.38:013][205]LogModuleManager: Shutting down and abandoning module AndroidTargetPlatform (109)
[2018.09.13-00.09.38:018][205]LogModuleManager: Shutting down and abandoning module WindowsTargetPlatform (107)
[2018.09.13-00.09.38:018][205]LogModuleManager: Shutting down and abandoning module WindowsServerTargetPlatform (105)
[2018.09.13-00.09.38:018][205]LogModuleManager: Shutting down and abandoning module WindowsNoEditorTargetPlatform (103)
[2018.09.13-00.09.38:018][205]LogModuleManager: Shutting down and abandoning module WindowsClientTargetPlatform (101)
[2018.09.13-00.09.38:018][205]LogModuleManager: Shutting down and abandoning module MacTargetPlatform (99)
[2018.09.13-00.09.38:018][205]LogModuleManager: Shutting down and abandoning module MacServerTargetPlatform (97)
[2018.09.13-00.09.38:018][205]LogModuleManager: Shutting down and abandoning module MacNoEditorTargetPlatform (95)
[2018.09.13-00.09.38:018][205]LogModuleManager: Shutting down and abandoning module MacClientTargetPlatform (93)
[2018.09.13-00.09.38:018][205]LogModuleManager: Shutting down and abandoning module AllDesktopTargetPlatform (91)
[2018.09.13-00.09.38:018][205]LogModuleManager: Shutting down and abandoning module InputCore (88)
[2018.09.13-00.09.38:018][205]LogModuleManager: Shutting down and abandoning module Settings (86)
[2018.09.13-00.09.38:019][205]LogModuleManager: Shutting down and abandoning module PhysXCooking (84)
[2018.09.13-00.09.38:019][205]LogModuleManager: Shutting down and abandoning module SteamVR (82)
[2018.09.13-00.09.38:019][205]LogModuleManager: Shutting down and abandoning module OculusHMD (80)
[2018.09.13-00.09.38:019][205]LogModuleManager: Shutting down and abandoning module ExampleDeviceProfileSelector (78)
[2018.09.13-00.09.38:019][205]LogModuleManager: Shutting down and abandoning module LauncherChunkInstaller (76)
[2018.09.13-00.09.38:019][205]LogModuleManager: Shutting down and abandoning module OnlineBlueprintSupport (74)
[2018.09.13-00.09.38:019][205]LogModuleManager: Shutting down and abandoning module OnlineSubsystem (70)
[2018.09.13-00.09.38:019][205]LogModuleManager: Shutting down and abandoning module XMPP (65)
[2018.09.13-00.09.38:019][205]LogModuleManager: Shutting down and abandoning module WebSockets (64)
[2018.09.13-00.09.38:025][205]LogModuleManager: Shutting down and abandoning module HTTP (61)
[2018.09.13-00.09.38:025][205]LogHttp: Display: Http module shutting down, but needs to wait on 1 outstanding Http requests:
[2018.09.13-00.09.38:025][205]LogHttp: Display: 	verb=[POST] url=[https://datarouter.ol.epicgames.com/datarouter/api/v1/public/data?SessionID=%7B0C68D24E-4358-9562-6967-3FA535EDBD8A%7D&AppID=UEEditor.Rocket.Release&AppVersion=4.20.2-4302132%2B%2B%2BUE4%2BRelease-4.20&UserID=4407332f4ab425fdb31acf8897005ca0%7C95c61c04944743aaa69866e45f29d884%7C063883f5-a380-4f92-9adc-6ef513b0c3af&AppEnvironment=datacollector-binary&UploadType=eteventstream] status=Processing
[2018.09.13-00.09.38:053][205]LogModuleManager: Shutting down and abandoning module SSL (60)
[2018.09.13-00.09.38:053][205]LogModuleManager: Shutting down and abandoning module MagicLeapEmulator (56)
[2018.09.13-00.09.38:053][205]LogModuleManager: Shutting down and abandoning module MagicLeapPrivileges (54)
[2018.09.13-00.09.38:053][205]LogModuleManager: Shutting down and abandoning module MagicLeapIdentity (52)
[2018.09.13-00.09.38:053][205]LogModuleManager: Shutting down and abandoning module MagicLeapHelperVulkan (50)
[2018.09.13-00.09.38:053][205]LogModuleManager: Shutting down and abandoning module MagicLeapHelperOpenGL (48)
[2018.09.13-00.09.38:053][205]LogModuleManager: Shutting down and abandoning module MagicLeapSecureStorage (46)
[2018.09.13-00.09.38:053][205]LogModuleManager: Shutting down and abandoning module MagicLeapGestures (44)
[2018.09.13-00.09.38:053][205]LogModuleManager: Shutting down and abandoning module MagicLeapEyeTracker (42)
[2018.09.13-00.09.38:054][205]LogModuleManager: Shutting down and abandoning module MagicLeapController (40)
[2018.09.13-00.09.38:054][205]LogSlate: Slate User Destroyed.  User Index 0, Is Virtual User: 0
[2018.09.13-00.09.38:054][205]LogModuleManager: Shutting down and abandoning module MagicLeap (38)
[2018.09.13-00.09.38:054][205]LogModuleManager: Shutting down and abandoning module AnimationModifiers (36)
[2018.09.13-00.09.38:054][205]LogModuleManager: Shutting down and abandoning module PropertyEditor (35)
[2018.09.13-00.09.38:054][205]LogModuleManager: Shutting down and abandoning module AudioEditor (32)
[2018.09.13-00.09.38:054][205]LogModuleManager: Shutting down and abandoning module TextureCompressor (30)
[2018.09.13-00.09.38:054][205]LogModuleManager: Shutting down and abandoning module ShaderCore (28)
[2018.09.13-00.09.38:054][205]LogModuleManager: Shutting down and abandoning module Landscape (26)
[2018.09.13-00.09.38:054][205]LogModuleManager: Shutting down and abandoning module SlateRHIRenderer (24)
[2018.09.13-00.09.38:054][205]LogModuleManager: Shutting down and abandoning module OpenGLDrv (22)
[2018.09.13-00.09.38:054][205]LogModuleManager: Shutting down and abandoning module D3D11RHI (20)
[2018.09.13-00.09.38:054][205]LogModuleManager: Shutting down and abandoning module AnimGraphRuntime (18)
[2018.09.13-00.09.38:054][205]LogModuleManager: Shutting down and abandoning module Renderer (16)
[2018.09.13-00.09.38:054][205]LogModuleManager: Shutting down and abandoning module Engine (14)
[2018.09.13-00.09.38:054][205]LogModuleManager: Shutting down and abandoning module CoreUObject (12)
[2018.09.13-00.09.38:054][205]LogModuleManager: Shutting down and abandoning module NetworkFile (10)
[2018.09.13-00.09.38:054][205]LogModuleManager: Shutting down and abandoning module CookedIterativeFile (8)
[2018.09.13-00.09.38:054][205]LogModuleManager: Shutting down and abandoning module StreamingFile (6)
[2018.09.13-00.09.38:054][205]LogModuleManager: Shutting down and abandoning module SandboxFile (4)
[2018.09.13-00.09.38:054][205]LogModuleManager: Shutting down and abandoning module PakFile (2)
[2018.09.13-00.09.38:062][205]LogExit: Exiting.
[2018.09.13-00.09.38:077][205]Log file closed, 09/12/18 20:09:38
